CRITICAL - 2022-11-07 17:34:55 --> Undefined variable $jumlah_member
in APPPATH\Views\pages\dashboardadmin.php on line 6.
 1 APPPATH\Views\pages\dashboardadmin.php(6): CodeIgniter\Debug\Exceptions->errorHandler(2, 'Undefined variable $jumlah_member', 'APPPATH\\Views\\pages\\dashboardadmin.php', 6)
 2 SYSTEMPATH\View\View.php(213): include('APPPATH\\Views\\pages\\dashboardadmin.php')
 3 SYSTEMPATH\View\View.php(216): CodeIgniter\View\View->CodeIgniter\View\{closure}()
 4 SYSTEMPATH\Common.php(1134): CodeIgniter\View\View->render('pages/dashboardadmin', [], true)
 5 APPPATH\Controllers\Pages.php(26): view('pages/dashboardadmin')
 6 SYSTEMPATH\CodeIgniter.php(927): App\Controllers\Pages->view('dashboardadmin')
 7 SYSTEMPATH\CodeIgniter.php(482): CodeIgniter\CodeIgniter->runController(Object(App\Controllers\Pages))
 8 SYSTEMPATH\CodeIgniter.php(351): CodeIgniter\CodeIgniter->handleRequest(null, Object(Config\Cache), false)
 9 FCPATH\index.php(67): CodeIgniter\CodeIgniter->run()
10 SYSTEMPATH\Commands\Server\rewrite.php(46): require_once('FCPATH\\index.php')
CRITICAL - 2022-11-07 17:36:32 --> Undefined variable $member
in APPPATH\Views\pages\dashboardadmin.php on line 6.
 1 APPPATH\Views\pages\dashboardadmin.php(6): CodeIgniter\Debug\Exceptions->errorHandler(2, 'Undefined variable $member', 'APPPATH\\Views\\pages\\dashboardadmin.php', 6)
 2 SYSTEMPATH\View\View.php(213): include('APPPATH\\Views\\pages\\dashboardadmin.php')
 3 SYSTEMPATH\View\View.php(216): CodeIgniter\View\View->CodeIgniter\View\{closure}()
 4 SYSTEMPATH\Common.php(1134): CodeIgniter\View\View->render('pages/dashboardadmin', [], true)
 5 APPPATH\Controllers\Pages.php(26): view('pages/dashboardadmin')
 6 SYSTEMPATH\CodeIgniter.php(927): App\Controllers\Pages->view('dashboardadmin')
 7 SYSTEMPATH\CodeIgniter.php(482): CodeIgniter\CodeIgniter->runController(Object(App\Controllers\Pages))
 8 SYSTEMPATH\CodeIgniter.php(351): CodeIgniter\CodeIgniter->handleRequest(null, Object(Config\Cache), false)
 9 FCPATH\index.php(67): CodeIgniter\CodeIgniter->run()
10 SYSTEMPATH\Commands\Server\rewrite.php(46): require_once('FCPATH\\index.php')
CRITICAL - 2022-11-07 17:36:35 --> Undefined variable $member
in APPPATH\Views\pages\dashboardadmin.php on line 6.
 1 APPPATH\Views\pages\dashboardadmin.php(6): CodeIgniter\Debug\Exceptions->errorHandler(2, 'Undefined variable $member', 'APPPATH\\Views\\pages\\dashboardadmin.php', 6)
 2 SYSTEMPATH\View\View.php(213): include('APPPATH\\Views\\pages\\dashboardadmin.php')
 3 SYSTEMPATH\View\View.php(216): CodeIgniter\View\View->CodeIgniter\View\{closure}()
 4 SYSTEMPATH\Common.php(1134): CodeIgniter\View\View->render('pages/dashboardadmin', [], true)
 5 APPPATH\Controllers\Pages.php(26): view('pages/dashboardadmin')
 6 SYSTEMPATH\CodeIgniter.php(927): App\Controllers\Pages->view('dashboardadmin')
 7 SYSTEMPATH\CodeIgniter.php(482): CodeIgniter\CodeIgniter->runController(Object(App\Controllers\Pages))
 8 SYSTEMPATH\CodeIgniter.php(351): CodeIgniter\CodeIgniter->handleRequest(null, Object(Config\Cache), false)
 9 FCPATH\index.php(67): CodeIgniter\CodeIgniter->run()
10 SYSTEMPATH\Commands\Server\rewrite.php(46): require_once('FCPATH\\index.php')
CRITICAL - 2022-11-07 17:40:55 --> Undefined variable $jumlah_member
in APPPATH\Views\pages\dashboardadmin.php on line 6.
 1 APPPATH\Views\pages\dashboardadmin.php(6): CodeIgniter\Debug\Exceptions->errorHandler(2, 'Undefined variable $jumlah_member', 'APPPATH\\Views\\pages\\dashboardadmin.php', 6)
 2 SYSTEMPATH\View\View.php(213): include('APPPATH\\Views\\pages\\dashboardadmin.php')
 3 SYSTEMPATH\View\View.php(216): CodeIgniter\View\View->CodeIgniter\View\{closure}()
 4 SYSTEMPATH\Common.php(1134): CodeIgniter\View\View->render('pages/dashboardadmin', [], true)
 5 APPPATH\Controllers\Pages.php(26): view('pages/dashboardadmin')
 6 SYSTEMPATH\CodeIgniter.php(927): App\Controllers\Pages->view('dashboardadmin')
 7 SYSTEMPATH\CodeIgniter.php(482): CodeIgniter\CodeIgniter->runController(Object(App\Controllers\Pages))
 8 SYSTEMPATH\CodeIgniter.php(351): CodeIgniter\CodeIgniter->handleRequest(null, Object(Config\Cache), false)
 9 FCPATH\index.php(67): CodeIgniter\CodeIgniter->run()
10 SYSTEMPATH\Commands\Server\rewrite.php(46): require_once('FCPATH\\index.php')
CRITICAL - 2022-11-07 17:43:09 --> Undefined variable $jumlah_member
in APPPATH\Views\pages\dashboardadmin.php on line 6.
 1 APPPATH\Views\pages\dashboardadmin.php(6): CodeIgniter\Debug\Exceptions->errorHandler(2, 'Undefined variable $jumlah_member', 'APPPATH\\Views\\pages\\dashboardadmin.php', 6)
 2 SYSTEMPATH\View\View.php(213): include('APPPATH\\Views\\pages\\dashboardadmin.php')
 3 SYSTEMPATH\View\View.php(216): CodeIgniter\View\View->CodeIgniter\View\{closure}()
 4 SYSTEMPATH\Common.php(1134): CodeIgniter\View\View->render('pages/dashboardadmin', [], true)
 5 APPPATH\Controllers\Pages.php(26): view('pages/dashboardadmin')
 6 SYSTEMPATH\CodeIgniter.php(927): App\Controllers\Pages->view('dashboardadmin')
 7 SYSTEMPATH\CodeIgniter.php(482): CodeIgniter\CodeIgniter->runController(Object(App\Controllers\Pages))
 8 SYSTEMPATH\CodeIgniter.php(351): CodeIgniter\CodeIgniter->handleRequest(null, Object(Config\Cache), false)
 9 FCPATH\index.php(67): CodeIgniter\CodeIgniter->run()
10 SYSTEMPATH\Commands\Server\rewrite.php(46): require_once('FCPATH\\index.php')
CRITICAL - 2022-11-07 17:43:11 --> Undefined variable $jumlah_member
in APPPATH\Views\pages\dashboardadmin.php on line 6.
 1 APPPATH\Views\pages\dashboardadmin.php(6): CodeIgniter\Debug\Exceptions->errorHandler(2, 'Undefined variable $jumlah_member', 'APPPATH\\Views\\pages\\dashboardadmin.php', 6)
 2 SYSTEMPATH\View\View.php(213): include('APPPATH\\Views\\pages\\dashboardadmin.php')
 3 SYSTEMPATH\View\View.php(216): CodeIgniter\View\View->CodeIgniter\View\{closure}()
 4 SYSTEMPATH\Common.php(1134): CodeIgniter\View\View->render('pages/dashboardadmin', [], true)
 5 APPPATH\Controllers\Pages.php(26): view('pages/dashboardadmin')
 6 SYSTEMPATH\CodeIgniter.php(927): App\Controllers\Pages->view('dashboardadmin')
 7 SYSTEMPATH\CodeIgniter.php(482): CodeIgniter\CodeIgniter->runController(Object(App\Controllers\Pages))
 8 SYSTEMPATH\CodeIgniter.php(351): CodeIgniter\CodeIgniter->handleRequest(null, Object(Config\Cache), false)
 9 FCPATH\index.php(67): CodeIgniter\CodeIgniter->run()
10 SYSTEMPATH\Commands\Server\rewrite.php(46): require_once('FCPATH\\index.php')
CRITICAL - 2022-11-07 17:46:40 --> Undefined variable $namaLengkap
in APPPATH\Views\pages\dashboardadmin.php on line 6.
 1 APPPATH\Views\pages\dashboardadmin.php(6): CodeIgniter\Debug\Exceptions->errorHandler(2, 'Undefined variable $namaLengkap', 'APPPATH\\Views\\pages\\dashboardadmin.php', 6)
 2 SYSTEMPATH\View\View.php(213): include('APPPATH\\Views\\pages\\dashboardadmin.php')
 3 SYSTEMPATH\View\View.php(216): CodeIgniter\View\View->CodeIgniter\View\{closure}()
 4 SYSTEMPATH\Common.php(1134): CodeIgniter\View\View->render('pages/dashboardadmin', [], true)
 5 APPPATH\Controllers\Pages.php(26): view('pages/dashboardadmin')
 6 SYSTEMPATH\CodeIgniter.php(927): App\Controllers\Pages->view('dashboardadmin')
 7 SYSTEMPATH\CodeIgniter.php(482): CodeIgniter\CodeIgniter->runController(Object(App\Controllers\Pages))
 8 SYSTEMPATH\CodeIgniter.php(351): CodeIgniter\CodeIgniter->handleRequest(null, Object(Config\Cache), false)
 9 FCPATH\index.php(67): CodeIgniter\CodeIgniter->run()
10 SYSTEMPATH\Commands\Server\rewrite.php(46): require_once('FCPATH\\index.php')
CRITICAL - 2022-11-07 17:46:43 --> Undefined variable $namaLengkap
in APPPATH\Views\pages\dashboardadmin.php on line 6.
 1 APPPATH\Views\pages\dashboardadmin.php(6): CodeIgniter\Debug\Exceptions->errorHandler(2, 'Undefined variable $namaLengkap', 'APPPATH\\Views\\pages\\dashboardadmin.php', 6)
 2 SYSTEMPATH\View\View.php(213): include('APPPATH\\Views\\pages\\dashboardadmin.php')
 3 SYSTEMPATH\View\View.php(216): CodeIgniter\View\View->CodeIgniter\View\{closure}()
 4 SYSTEMPATH\Common.php(1134): CodeIgniter\View\View->render('pages/dashboardadmin', [], true)
 5 APPPATH\Controllers\Pages.php(26): view('pages/dashboardadmin')
 6 SYSTEMPATH\CodeIgniter.php(927): App\Controllers\Pages->view('dashboardadmin')
 7 SYSTEMPATH\CodeIgniter.php(482): CodeIgniter\CodeIgniter->runController(Object(App\Controllers\Pages))
 8 SYSTEMPATH\CodeIgniter.php(351): CodeIgniter\CodeIgniter->handleRequest(null, Object(Config\Cache), false)
 9 FCPATH\index.php(67): CodeIgniter\CodeIgniter->run()
10 SYSTEMPATH\Commands\Server\rewrite.php(46): require_once('FCPATH\\index.php')
CRITICAL - 2022-11-07 17:46:43 --> Undefined variable $namaLengkap
in APPPATH\Views\pages\dashboardadmin.php on line 6.
 1 APPPATH\Views\pages\dashboardadmin.php(6): CodeIgniter\Debug\Exceptions->errorHandler(2, 'Undefined variable $namaLengkap', 'APPPATH\\Views\\pages\\dashboardadmin.php', 6)
 2 SYSTEMPATH\View\View.php(213): include('APPPATH\\Views\\pages\\dashboardadmin.php')
 3 SYSTEMPATH\View\View.php(216): CodeIgniter\View\View->CodeIgniter\View\{closure}()
 4 SYSTEMPATH\Common.php(1134): CodeIgniter\View\View->render('pages/dashboardadmin', [], true)
 5 APPPATH\Controllers\Pages.php(26): view('pages/dashboardadmin')
 6 SYSTEMPATH\CodeIgniter.php(927): App\Controllers\Pages->view('dashboardadmin')
 7 SYSTEMPATH\CodeIgniter.php(482): CodeIgniter\CodeIgniter->runController(Object(App\Controllers\Pages))
 8 SYSTEMPATH\CodeIgniter.php(351): CodeIgniter\CodeIgniter->handleRequest(null, Object(Config\Cache), false)
 9 FCPATH\index.php(67): CodeIgniter\CodeIgniter->run()
10 SYSTEMPATH\Commands\Server\rewrite.php(46): require_once('FCPATH\\index.php')
CRITICAL - 2022-11-07 17:46:44 --> Undefined variable $namaLengkap
in APPPATH\Views\pages\dashboardadmin.php on line 6.
 1 APPPATH\Views\pages\dashboardadmin.php(6): CodeIgniter\Debug\Exceptions->errorHandler(2, 'Undefined variable $namaLengkap', 'APPPATH\\Views\\pages\\dashboardadmin.php', 6)
 2 SYSTEMPATH\View\View.php(213): include('APPPATH\\Views\\pages\\dashboardadmin.php')
 3 SYSTEMPATH\View\View.php(216): CodeIgniter\View\View->CodeIgniter\View\{closure}()
 4 SYSTEMPATH\Common.php(1134): CodeIgniter\View\View->render('pages/dashboardadmin', [], true)
 5 APPPATH\Controllers\Pages.php(26): view('pages/dashboardadmin')
 6 SYSTEMPATH\CodeIgniter.php(927): App\Controllers\Pages->view('dashboardadmin')
 7 SYSTEMPATH\CodeIgniter.php(482): CodeIgniter\CodeIgniter->runController(Object(App\Controllers\Pages))
 8 SYSTEMPATH\CodeIgniter.php(351): CodeIgniter\CodeIgniter->handleRequest(null, Object(Config\Cache), false)
 9 FCPATH\index.php(67): CodeIgniter\CodeIgniter->run()
10 SYSTEMPATH\Commands\Server\rewrite.php(46): require_once('FCPATH\\index.php')
CRITICAL - 2022-11-07 17:46:45 --> Undefined variable $namaLengkap
in APPPATH\Views\pages\dashboardadmin.php on line 6.
 1 APPPATH\Views\pages\dashboardadmin.php(6): CodeIgniter\Debug\Exceptions->errorHandler(2, 'Undefined variable $namaLengkap', 'APPPATH\\Views\\pages\\dashboardadmin.php', 6)
 2 SYSTEMPATH\View\View.php(213): include('APPPATH\\Views\\pages\\dashboardadmin.php')
 3 SYSTEMPATH\View\View.php(216): CodeIgniter\View\View->CodeIgniter\View\{closure}()
 4 SYSTEMPATH\Common.php(1134): CodeIgniter\View\View->render('pages/dashboardadmin', [], true)
 5 APPPATH\Controllers\Pages.php(26): view('pages/dashboardadmin')
 6 SYSTEMPATH\CodeIgniter.php(927): App\Controllers\Pages->view('dashboardadmin')
 7 SYSTEMPATH\CodeIgniter.php(482): CodeIgniter\CodeIgniter->runController(Object(App\Controllers\Pages))
 8 SYSTEMPATH\CodeIgniter.php(351): CodeIgniter\CodeIgniter->handleRequest(null, Object(Config\Cache), false)
 9 FCPATH\index.php(67): CodeIgniter\CodeIgniter->run()
10 SYSTEMPATH\Commands\Server\rewrite.php(46): require_once('FCPATH\\index.php')
CRITICAL - 2022-11-07 17:46:45 --> Undefined variable $namaLengkap
in APPPATH\Views\pages\dashboardadmin.php on line 6.
 1 APPPATH\Views\pages\dashboardadmin.php(6): CodeIgniter\Debug\Exceptions->errorHandler(2, 'Undefined variable $namaLengkap', 'APPPATH\\Views\\pages\\dashboardadmin.php', 6)
 2 SYSTEMPATH\View\View.php(213): include('APPPATH\\Views\\pages\\dashboardadmin.php')
 3 SYSTEMPATH\View\View.php(216): CodeIgniter\View\View->CodeIgniter\View\{closure}()
 4 SYSTEMPATH\Common.php(1134): CodeIgniter\View\View->render('pages/dashboardadmin', [], true)
 5 APPPATH\Controllers\Pages.php(26): view('pages/dashboardadmin')
 6 SYSTEMPATH\CodeIgniter.php(927): App\Controllers\Pages->view('dashboardadmin')
 7 SYSTEMPATH\CodeIgniter.php(482): CodeIgniter\CodeIgniter->runController(Object(App\Controllers\Pages))
 8 SYSTEMPATH\CodeIgniter.php(351): CodeIgniter\CodeIgniter->handleRequest(null, Object(Config\Cache), false)
 9 FCPATH\index.php(67): CodeIgniter\CodeIgniter->run()
10 SYSTEMPATH\Commands\Server\rewrite.php(46): require_once('FCPATH\\index.php')
CRITICAL - 2022-11-07 18:07:25 --> Undefined variable $created_at
in APPPATH\Views\pages\dashboardadmin.php on line 6.
 1 APPPATH\Views\pages\dashboardadmin.php(6): CodeIgniter\Debug\Exceptions->errorHandler(2, 'Undefined variable $created_at', 'APPPATH\\Views\\pages\\dashboardadmin.php', 6)
 2 SYSTEMPATH\View\View.php(213): include('APPPATH\\Views\\pages\\dashboardadmin.php')
 3 SYSTEMPATH\View\View.php(216): CodeIgniter\View\View->CodeIgniter\View\{closure}()
 4 SYSTEMPATH\Common.php(1134): CodeIgniter\View\View->render('pages/dashboardadmin', [], true)
 5 APPPATH\Controllers\Pages.php(26): view('pages/dashboardadmin')
 6 SYSTEMPATH\CodeIgniter.php(927): App\Controllers\Pages->view('dashboardadmin')
 7 SYSTEMPATH\CodeIgniter.php(482): CodeIgniter\CodeIgniter->runController(Object(App\Controllers\Pages))
 8 SYSTEMPATH\CodeIgniter.php(351): CodeIgniter\CodeIgniter->handleRequest(null, Object(Config\Cache), false)
 9 FCPATH\index.php(67): CodeIgniter\CodeIgniter->run()
10 SYSTEMPATH\Commands\Server\rewrite.php(46): require_once('FCPATH\\index.php')
CRITICAL - 2022-11-07 18:07:26 --> Undefined variable $created_at
in APPPATH\Views\pages\dashboardadmin.php on line 6.
 1 APPPATH\Views\pages\dashboardadmin.php(6): CodeIgniter\Debug\Exceptions->errorHandler(2, 'Undefined variable $created_at', 'APPPATH\\Views\\pages\\dashboardadmin.php', 6)
 2 SYSTEMPATH\View\View.php(213): include('APPPATH\\Views\\pages\\dashboardadmin.php')
 3 SYSTEMPATH\View\View.php(216): CodeIgniter\View\View->CodeIgniter\View\{closure}()
 4 SYSTEMPATH\Common.php(1134): CodeIgniter\View\View->render('pages/dashboardadmin', [], true)
 5 APPPATH\Controllers\Pages.php(26): view('pages/dashboardadmin')
 6 SYSTEMPATH\CodeIgniter.php(927): App\Controllers\Pages->view('dashboardadmin')
 7 SYSTEMPATH\CodeIgniter.php(482): CodeIgniter\CodeIgniter->runController(Object(App\Controllers\Pages))
 8 SYSTEMPATH\CodeIgniter.php(351): CodeIgniter\CodeIgniter->handleRequest(null, Object(Config\Cache), false)
 9 FCPATH\index.php(67): CodeIgniter\CodeIgniter->run()
10 SYSTEMPATH\Commands\Server\rewrite.php(46): require_once('FCPATH\\index.php')
CRITICAL - 2022-11-07 18:09:22 --> Undefined variable $created_at
in APPPATH\Views\pages\dashboardadmin.php on line 6.
 1 APPPATH\Views\pages\dashboardadmin.php(6): CodeIgniter\Debug\Exceptions->errorHandler(2, 'Undefined variable $created_at', 'APPPATH\\Views\\pages\\dashboardadmin.php', 6)
 2 SYSTEMPATH\View\View.php(213): include('APPPATH\\Views\\pages\\dashboardadmin.php')
 3 SYSTEMPATH\View\View.php(216): CodeIgniter\View\View->CodeIgniter\View\{closure}()
 4 SYSTEMPATH\Common.php(1134): CodeIgniter\View\View->render('pages/dashboardadmin', [], true)
 5 APPPATH\Controllers\Pages.php(26): view('pages/dashboardadmin')
 6 SYSTEMPATH\CodeIgniter.php(927): App\Controllers\Pages->view('dashboardadmin')
 7 SYSTEMPATH\CodeIgniter.php(482): CodeIgniter\CodeIgniter->runController(Object(App\Controllers\Pages))
 8 SYSTEMPATH\CodeIgniter.php(351): CodeIgniter\CodeIgniter->handleRequest(null, Object(Config\Cache), false)
 9 FCPATH\index.php(67): CodeIgniter\CodeIgniter->run()
10 SYSTEMPATH\Commands\Server\rewrite.php(46): require_once('FCPATH\\index.php')
CRITICAL - 2022-11-07 18:09:23 --> Undefined variable $created_at
in APPPATH\Views\pages\dashboardadmin.php on line 6.
 1 APPPATH\Views\pages\dashboardadmin.php(6): CodeIgniter\Debug\Exceptions->errorHandler(2, 'Undefined variable $created_at', 'APPPATH\\Views\\pages\\dashboardadmin.php', 6)
 2 SYSTEMPATH\View\View.php(213): include('APPPATH\\Views\\pages\\dashboardadmin.php')
 3 SYSTEMPATH\View\View.php(216): CodeIgniter\View\View->CodeIgniter\View\{closure}()
 4 SYSTEMPATH\Common.php(1134): CodeIgniter\View\View->render('pages/dashboardadmin', [], true)
 5 APPPATH\Controllers\Pages.php(26): view('pages/dashboardadmin')
 6 SYSTEMPATH\CodeIgniter.php(927): App\Controllers\Pages->view('dashboardadmin')
 7 SYSTEMPATH\CodeIgniter.php(482): CodeIgniter\CodeIgniter->runController(Object(App\Controllers\Pages))
 8 SYSTEMPATH\CodeIgniter.php(351): CodeIgniter\CodeIgniter->handleRequest(null, Object(Config\Cache), false)
 9 FCPATH\index.php(67): CodeIgniter\CodeIgniter->run()
10 SYSTEMPATH\Commands\Server\rewrite.php(46): require_once('FCPATH\\index.php')
CRITICAL - 2022-11-07 18:12:48 --> Undefined variable $created_at
in APPPATH\Views\pages\dashboardadmin.php on line 6.
 1 APPPATH\Views\pages\dashboardadmin.php(6): CodeIgniter\Debug\Exceptions->errorHandler(2, 'Undefined variable $created_at', 'APPPATH\\Views\\pages\\dashboardadmin.php', 6)
 2 SYSTEMPATH\View\View.php(213): include('APPPATH\\Views\\pages\\dashboardadmin.php')
 3 SYSTEMPATH\View\View.php(216): CodeIgniter\View\View->CodeIgniter\View\{closure}()
 4 SYSTEMPATH\Common.php(1134): CodeIgniter\View\View->render('pages/dashboardadmin', [], true)
 5 APPPATH\Controllers\Pages.php(26): view('pages/dashboardadmin')
 6 SYSTEMPATH\CodeIgniter.php(927): App\Controllers\Pages->view('dashboardadmin')
 7 SYSTEMPATH\CodeIgniter.php(482): CodeIgniter\CodeIgniter->runController(Object(App\Controllers\Pages))
 8 SYSTEMPATH\CodeIgniter.php(351): CodeIgniter\CodeIgniter->handleRequest(null, Object(Config\Cache), false)
 9 FCPATH\index.php(67): CodeIgniter\CodeIgniter->run()
10 SYSTEMPATH\Commands\Server\rewrite.php(46): require_once('FCPATH\\index.php')
CRITICAL - 2022-11-07 18:13:18 --> Undefined variable $data
in APPPATH\Views\pages\dashboardadmin.php on line 6.
 1 APPPATH\Views\pages\dashboardadmin.php(6): CodeIgniter\Debug\Exceptions->errorHandler(2, 'Undefined variable $data', 'APPPATH\\Views\\pages\\dashboardadmin.php', 6)
 2 SYSTEMPATH\View\View.php(213): include('APPPATH\\Views\\pages\\dashboardadmin.php')
 3 SYSTEMPATH\View\View.php(216): CodeIgniter\View\View->CodeIgniter\View\{closure}()
 4 SYSTEMPATH\Common.php(1134): CodeIgniter\View\View->render('pages/dashboardadmin', [], true)
 5 APPPATH\Controllers\Pages.php(26): view('pages/dashboardadmin')
 6 SYSTEMPATH\CodeIgniter.php(927): App\Controllers\Pages->view('dashboardadmin')
 7 SYSTEMPATH\CodeIgniter.php(482): CodeIgniter\CodeIgniter->runController(Object(App\Controllers\Pages))
 8 SYSTEMPATH\CodeIgniter.php(351): CodeIgniter\CodeIgniter->handleRequest(null, Object(Config\Cache), false)
 9 FCPATH\index.php(67): CodeIgniter\CodeIgniter->run()
10 SYSTEMPATH\Commands\Server\rewrite.php(46): require_once('FCPATH\\index.php')
CRITICAL - 2022-11-07 18:14:18 --> Undefined variable $data
in APPPATH\Views\pages\dashboardadmin.php on line 6.
 1 APPPATH\Views\pages\dashboardadmin.php(6): CodeIgniter\Debug\Exceptions->errorHandler(2, 'Undefined variable $data', 'APPPATH\\Views\\pages\\dashboardadmin.php', 6)
 2 SYSTEMPATH\View\View.php(213): include('APPPATH\\Views\\pages\\dashboardadmin.php')
 3 SYSTEMPATH\View\View.php(216): CodeIgniter\View\View->CodeIgniter\View\{closure}()
 4 SYSTEMPATH\Common.php(1134): CodeIgniter\View\View->render('pages/dashboardadmin', [], true)
 5 APPPATH\Controllers\Pages.php(26): view('pages/dashboardadmin')
 6 SYSTEMPATH\CodeIgniter.php(927): App\Controllers\Pages->view('dashboardadmin')
 7 SYSTEMPATH\CodeIgniter.php(482): CodeIgniter\CodeIgniter->runController(Object(App\Controllers\Pages))
 8 SYSTEMPATH\CodeIgniter.php(351): CodeIgniter\CodeIgniter->handleRequest(null, Object(Config\Cache), false)
 9 FCPATH\index.php(67): CodeIgniter\CodeIgniter->run()
10 SYSTEMPATH\Commands\Server\rewrite.php(46): require_once('FCPATH\\index.php')
CRITICAL - 2022-11-07 18:52:53 --> Undefined variable $currentPage
in APPPATH\Views\pages\listkaryawan.php on line 58.
 1 APPPATH\Views\pages\listkaryawan.php(58): CodeIgniter\Debug\Exceptions->errorHandler(2, 'Undefined variable $currentPage', 'APPPATH\\Views\\pages\\listkaryawan.php', 58)
 2 SYSTEMPATH\View\View.php(213): include('APPPATH\\Views\\pages\\listkaryawan.php')
 3 SYSTEMPATH\View\View.php(216): CodeIgniter\View\View->CodeIgniter\View\{closure}()
 4 SYSTEMPATH\Common.php(1134): CodeIgniter\View\View->render('pages/listkaryawan', [], true)
 5 APPPATH\Controllers\Pages.php(26): view('pages/listkaryawan')
 6 SYSTEMPATH\CodeIgniter.php(927): App\Controllers\Pages->view('listkaryawan')
 7 SYSTEMPATH\CodeIgniter.php(482): CodeIgniter\CodeIgniter->runController(Object(App\Controllers\Pages))
 8 SYSTEMPATH\CodeIgniter.php(351): CodeIgniter\CodeIgniter->handleRequest(null, Object(Config\Cache), false)
 9 FCPATH\index.php(67): CodeIgniter\CodeIgniter->run()
10 SYSTEMPATH\Commands\Server\rewrite.php(46): require_once('FCPATH\\index.php')
CRITICAL - 2022-11-07 18:53:05 --> Undefined variable $karyawan
in APPPATH\Views\pages\listkaryawan.php on line 60.
 1 APPPATH\Views\pages\listkaryawan.php(60): CodeIgniter\Debug\Exceptions->errorHandler(2, 'Undefined variable $karyawan', 'APPPATH\\Views\\pages\\listkaryawan.php', 60)
 2 SYSTEMPATH\View\View.php(213): include('APPPATH\\Views\\pages\\listkaryawan.php')
 3 SYSTEMPATH\View\View.php(216): CodeIgniter\View\View->CodeIgniter\View\{closure}()
 4 SYSTEMPATH\Common.php(1134): CodeIgniter\View\View->render('pages/listkaryawan', [], true)
 5 APPPATH\Controllers\Pages.php(26): view('pages/listkaryawan')
 6 SYSTEMPATH\CodeIgniter.php(927): App\Controllers\Pages->view('listkaryawan')
 7 SYSTEMPATH\CodeIgniter.php(482): CodeIgniter\CodeIgniter->runController(Object(App\Controllers\Pages))
 8 SYSTEMPATH\CodeIgniter.php(351): CodeIgniter\CodeIgniter->handleRequest(null, Object(Config\Cache), false)
 9 FCPATH\index.php(67): CodeIgniter\CodeIgniter->run()
10 SYSTEMPATH\Commands\Server\rewrite.php(46): require_once('FCPATH\\index.php')
CRITICAL - 2022-11-07 18:54:14 --> Undefined variable $karyawan
in APPPATH\Views\pages\listkaryawan.php on line 60.
 1 APPPATH\Views\pages\listkaryawan.php(60): CodeIgniter\Debug\Exceptions->errorHandler(2, 'Undefined variable $karyawan', 'APPPATH\\Views\\pages\\listkaryawan.php', 60)
 2 SYSTEMPATH\View\View.php(213): include('APPPATH\\Views\\pages\\listkaryawan.php')
 3 SYSTEMPATH\View\View.php(216): CodeIgniter\View\View->CodeIgniter\View\{closure}()
 4 SYSTEMPATH\Common.php(1134): CodeIgniter\View\View->render('pages/listkaryawan', [], true)
 5 APPPATH\Controllers\Pages.php(26): view('pages/listkaryawan')
 6 SYSTEMPATH\CodeIgniter.php(927): App\Controllers\Pages->view('listkaryawan')
 7 SYSTEMPATH\CodeIgniter.php(482): CodeIgniter\CodeIgniter->runController(Object(App\Controllers\Pages))
 8 SYSTEMPATH\CodeIgniter.php(351): CodeIgniter\CodeIgniter->handleRequest(null, Object(Config\Cache), false)
 9 FCPATH\index.php(67): CodeIgniter\CodeIgniter->run()
10 SYSTEMPATH\Commands\Server\rewrite.php(46): require_once('FCPATH\\index.php')
CRITICAL - 2022-11-07 18:54:15 --> Undefined variable $karyawan
in APPPATH\Views\pages\listkaryawan.php on line 60.
 1 APPPATH\Views\pages\listkaryawan.php(60): CodeIgniter\Debug\Exceptions->errorHandler(2, 'Undefined variable $karyawan', 'APPPATH\\Views\\pages\\listkaryawan.php', 60)
 2 SYSTEMPATH\View\View.php(213): include('APPPATH\\Views\\pages\\listkaryawan.php')
 3 SYSTEMPATH\View\View.php(216): CodeIgniter\View\View->CodeIgniter\View\{closure}()
 4 SYSTEMPATH\Common.php(1134): CodeIgniter\View\View->render('pages/listkaryawan', [], true)
 5 APPPATH\Controllers\Pages.php(26): view('pages/listkaryawan')
 6 SYSTEMPATH\CodeIgniter.php(927): App\Controllers\Pages->view('listkaryawan')
 7 SYSTEMPATH\CodeIgniter.php(482): CodeIgniter\CodeIgniter->runController(Object(App\Controllers\Pages))
 8 SYSTEMPATH\CodeIgniter.php(351): CodeIgniter\CodeIgniter->handleRequest(null, Object(Config\Cache), false)
 9 FCPATH\index.php(67): CodeIgniter\CodeIgniter->run()
10 SYSTEMPATH\Commands\Server\rewrite.php(46): require_once('FCPATH\\index.php')
CRITICAL - 2022-11-07 19:01:10 --> Undefined variable $karyawan
in APPPATH\Views\pages\listkaryawan.php on line 60.
 1 APPPATH\Views\pages\listkaryawan.php(60): CodeIgniter\Debug\Exceptions->errorHandler(2, 'Undefined variable $karyawan', 'APPPATH\\Views\\pages\\listkaryawan.php', 60)
 2 SYSTEMPATH\View\View.php(213): include('APPPATH\\Views\\pages\\listkaryawan.php')
 3 SYSTEMPATH\View\View.php(216): CodeIgniter\View\View->CodeIgniter\View\{closure}()
 4 SYSTEMPATH\Common.php(1134): CodeIgniter\View\View->render('pages/listkaryawan', [], true)
 5 APPPATH\Controllers\Pages.php(26): view('pages/listkaryawan')
 6 SYSTEMPATH\CodeIgniter.php(927): App\Controllers\Pages->view('listkaryawan')
 7 SYSTEMPATH\CodeIgniter.php(482): CodeIgniter\CodeIgniter->runController(Object(App\Controllers\Pages))
 8 SYSTEMPATH\CodeIgniter.php(351): CodeIgniter\CodeIgniter->handleRequest(null, Object(Config\Cache), false)
 9 FCPATH\index.php(67): CodeIgniter\CodeIgniter->run()
10 SYSTEMPATH\Commands\Server\rewrite.php(46): require_once('FCPATH\\index.php')
CRITICAL - 2022-11-07 19:01:11 --> Undefined variable $karyawan
in APPPATH\Views\pages\listkaryawan.php on line 60.
 1 APPPATH\Views\pages\listkaryawan.php(60): CodeIgniter\Debug\Exceptions->errorHandler(2, 'Undefined variable $karyawan', 'APPPATH\\Views\\pages\\listkaryawan.php', 60)
 2 SYSTEMPATH\View\View.php(213): include('APPPATH\\Views\\pages\\listkaryawan.php')
 3 SYSTEMPATH\View\View.php(216): CodeIgniter\View\View->CodeIgniter\View\{closure}()
 4 SYSTEMPATH\Common.php(1134): CodeIgniter\View\View->render('pages/listkaryawan', [], true)
 5 APPPATH\Controllers\Pages.php(26): view('pages/listkaryawan')
 6 SYSTEMPATH\CodeIgniter.php(927): App\Controllers\Pages->view('listkaryawan')
 7 SYSTEMPATH\CodeIgniter.php(482): CodeIgniter\CodeIgniter->runController(Object(App\Controllers\Pages))
 8 SYSTEMPATH\CodeIgniter.php(351): CodeIgniter\CodeIgniter->handleRequest(null, Object(Config\Cache), false)
 9 FCPATH\index.php(67): CodeIgniter\CodeIgniter->run()
10 SYSTEMPATH\Commands\Server\rewrite.php(46): require_once('FCPATH\\index.php')
CRITICAL - 2022-11-07 19:01:12 --> Undefined variable $karyawan
in APPPATH\Views\pages\listkaryawan.php on line 60.
 1 APPPATH\Views\pages\listkaryawan.php(60): CodeIgniter\Debug\Exceptions->errorHandler(2, 'Undefined variable $karyawan', 'APPPATH\\Views\\pages\\listkaryawan.php', 60)
 2 SYSTEMPATH\View\View.php(213): include('APPPATH\\Views\\pages\\listkaryawan.php')
 3 SYSTEMPATH\View\View.php(216): CodeIgniter\View\View->CodeIgniter\View\{closure}()
 4 SYSTEMPATH\Common.php(1134): CodeIgniter\View\View->render('pages/listkaryawan', [], true)
 5 APPPATH\Controllers\Pages.php(26): view('pages/listkaryawan')
 6 SYSTEMPATH\CodeIgniter.php(927): App\Controllers\Pages->view('listkaryawan')
 7 SYSTEMPATH\CodeIgniter.php(482): CodeIgniter\CodeIgniter->runController(Object(App\Controllers\Pages))
 8 SYSTEMPATH\CodeIgniter.php(351): CodeIgniter\CodeIgniter->handleRequest(null, Object(Config\Cache), false)
 9 FCPATH\index.php(67): CodeIgniter\CodeIgniter->run()
10 SYSTEMPATH\Commands\Server\rewrite.php(46): require_once('FCPATH\\index.php')
CRITICAL - 2022-11-07 19:01:30 --> Undefined variable $karyawan
in APPPATH\Views\pages\listkaryawan.php on line 60.
 1 APPPATH\Views\pages\listkaryawan.php(60): CodeIgniter\Debug\Exceptions->errorHandler(2, 'Undefined variable $karyawan', 'APPPATH\\Views\\pages\\listkaryawan.php', 60)
 2 SYSTEMPATH\View\View.php(213): include('APPPATH\\Views\\pages\\listkaryawan.php')
 3 SYSTEMPATH\View\View.php(216): CodeIgniter\View\View->CodeIgniter\View\{closure}()
 4 SYSTEMPATH\Common.php(1134): CodeIgniter\View\View->render('pages/listkaryawan', [], true)
 5 APPPATH\Controllers\Pages.php(26): view('pages/listkaryawan')
 6 SYSTEMPATH\CodeIgniter.php(927): App\Controllers\Pages->view('listkaryawan')
 7 SYSTEMPATH\CodeIgniter.php(482): CodeIgniter\CodeIgniter->runController(Object(App\Controllers\Pages))
 8 SYSTEMPATH\CodeIgniter.php(351): CodeIgniter\CodeIgniter->handleRequest(null, Object(Config\Cache), false)
 9 FCPATH\index.php(67): CodeIgniter\CodeIgniter->run()
10 SYSTEMPATH\Commands\Server\rewrite.php(46): require_once('FCPATH\\index.php')
