CRITICAL - 2022-11-21 13:41:35 --> Undefined variable $nik
in APPPATH\Views\pages\formeditkaryawan.php on line 16.
 1 APPPATH\Views\pages\formeditkaryawan.php(16): CodeIgniter\Debug\Exceptions->errorHandler(2, 'Undefined variable $nik', 'APPPATH\\Views\\pages\\formeditkaryawan.php', 16)
 2 SYSTEMPATH\View\View.php(213): include('APPPATH\\Views\\pages\\formeditkaryawan.php')
 3 SYSTEMPATH\View\View.php(216): CodeIgniter\View\View->CodeIgniter\View\{closure}()
 4 SYSTEMPATH\Common.php(1134): CodeIgniter\View\View->render('pages/formeditkaryawan', [], true)
 5 APPPATH\Controllers\Pages.php(26): view('pages/formeditkaryawan')
 6 SYSTEMPATH\CodeIgniter.php(927): App\Controllers\Pages->view('formeditkaryawan', 'plugins', 'moment', 'moment.min.js')
 7 SYSTEMPATH\CodeIgniter.php(482): CodeIgniter\CodeIgniter->runController(Object(App\Controllers\Pages))
 8 SYSTEMPATH\CodeIgniter.php(351): CodeIgniter\CodeIgniter->handleRequest(null, Object(Config\Cache), false)
 9 FCPATH\index.php(67): CodeIgniter\CodeIgniter->run()
10 SYSTEMPATH\Commands\Server\rewrite.php(46): require_once('FCPATH\\index.php')
CRITICAL - 2022-11-21 13:41:35 --> Undefined variable $nik
in APPPATH\Views\pages\formeditkaryawan.php on line 16.
 1 APPPATH\Views\pages\formeditkaryawan.php(16): CodeIgniter\Debug\Exceptions->errorHandler(2, 'Undefined variable $nik', 'APPPATH\\Views\\pages\\formeditkaryawan.php', 16)
 2 SYSTEMPATH\View\View.php(213): include('APPPATH\\Views\\pages\\formeditkaryawan.php')
 3 SYSTEMPATH\View\View.php(216): CodeIgniter\View\View->CodeIgniter\View\{closure}()
 4 SYSTEMPATH\Common.php(1134): CodeIgniter\View\View->render('pages/formeditkaryawan', [], true)
 5 APPPATH\Controllers\Pages.php(26): view('pages/formeditkaryawan')
 6 SYSTEMPATH\CodeIgniter.php(927): App\Controllers\Pages->view('formeditkaryawan', 'plugins', 'moment', 'moment.min.js')
 7 SYSTEMPATH\CodeIgniter.php(482): CodeIgniter\CodeIgniter->runController(Object(App\Controllers\Pages))
 8 SYSTEMPATH\CodeIgniter.php(351): CodeIgniter\CodeIgniter->handleRequest(null, Object(Config\Cache), false)
 9 FCPATH\index.php(67): CodeIgniter\CodeIgniter->run()
10 SYSTEMPATH\Commands\Server\rewrite.php(46): require_once('FCPATH\\index.php')
