CRITICAL - 2022-10-25 07:55:46 --> Undefined variable $member
in APPPATH\Views\pages\dashboardkaryawan.php on line 48.
 1 APPPATH\Views\pages\dashboardkaryawan.php(48): CodeIgniter\Debug\Exceptions->errorHandler(2, 'Undefined variable $member', 'APPPATH\\Views\\pages\\dashboardkaryawan.php', 48)
 2 SYSTEMPATH\View\View.php(213): include('APPPATH\\Views\\pages\\dashboardkaryawan.php')
 3 SYSTEMPATH\View\View.php(216): CodeIgniter\View\View->CodeIgniter\View\{closure}()
 4 SYSTEMPATH\Common.php(1142): CodeIgniter\View\View->render('pages/dashboardkaryawan', [], true)
 5 APPPATH\Controllers\Pages.php(26): view('pages/dashboardkaryawan')
 6 SYSTEMPATH\CodeIgniter.php(902): App\Controllers\Pages->view('dashboardkaryawan')
 7 SYSTEMPATH\CodeIgniter.php(457): CodeIgniter\CodeIgniter->runController(Object(App\Controllers\Pages))
 8 SYSTEMPATH\CodeIgniter.php(340): CodeIgniter\CodeIgniter->handleRequest(null, Object(Config\Cache), false)
 9 FCPATH\index.php(67): CodeIgniter\CodeIgniter->run()
10 SYSTEMPATH\Commands\Server\rewrite.php(46): require_once('FCPATH\\index.php')
CRITICAL - 2022-10-25 07:59:50 --> Undefined variable $member
in APPPATH\Views\pages\dashboardkaryawan.php on line 48.
 1 APPPATH\Views\pages\dashboardkaryawan.php(48): CodeIgniter\Debug\Exceptions->errorHandler(2, 'Undefined variable $member', 'APPPATH\\Views\\pages\\dashboardkaryawan.php', 48)
 2 SYSTEMPATH\View\View.php(213): include('APPPATH\\Views\\pages\\dashboardkaryawan.php')
 3 SYSTEMPATH\View\View.php(216): CodeIgniter\View\View->CodeIgniter\View\{closure}()
 4 SYSTEMPATH\Common.php(1142): CodeIgniter\View\View->render('pages/dashboardkaryawan', [], true)
 5 APPPATH\Controllers\Pages.php(26): view('pages/dashboardkaryawan')
 6 SYSTEMPATH\CodeIgniter.php(902): App\Controllers\Pages->view('dashboardkaryawan')
 7 SYSTEMPATH\CodeIgniter.php(457): CodeIgniter\CodeIgniter->runController(Object(App\Controllers\Pages))
 8 SYSTEMPATH\CodeIgniter.php(340): CodeIgniter\CodeIgniter->handleRequest(null, Object(Config\Cache), false)
 9 FCPATH\index.php(67): CodeIgniter\CodeIgniter->run()
10 SYSTEMPATH\Commands\Server\rewrite.php(46): require_once('FCPATH\\index.php')
CRITICAL - 2022-10-25 07:59:52 --> Undefined variable $member
in APPPATH\Views\pages\dashboardkaryawan.php on line 48.
 1 APPPATH\Views\pages\dashboardkaryawan.php(48): CodeIgniter\Debug\Exceptions->errorHandler(2, 'Undefined variable $member', 'APPPATH\\Views\\pages\\dashboardkaryawan.php', 48)
 2 SYSTEMPATH\View\View.php(213): include('APPPATH\\Views\\pages\\dashboardkaryawan.php')
 3 SYSTEMPATH\View\View.php(216): CodeIgniter\View\View->CodeIgniter\View\{closure}()
 4 SYSTEMPATH\Common.php(1142): CodeIgniter\View\View->render('pages/dashboardkaryawan', [], true)
 5 APPPATH\Controllers\Pages.php(26): view('pages/dashboardkaryawan')
 6 SYSTEMPATH\CodeIgniter.php(902): App\Controllers\Pages->view('dashboardkaryawan')
 7 SYSTEMPATH\CodeIgniter.php(457): CodeIgniter\CodeIgniter->runController(Object(App\Controllers\Pages))
 8 SYSTEMPATH\CodeIgniter.php(340): CodeIgniter\CodeIgniter->handleRequest(null, Object(Config\Cache), false)
 9 FCPATH\index.php(67): CodeIgniter\CodeIgniter->run()
10 SYSTEMPATH\Commands\Server\rewrite.php(46): require_once('FCPATH\\index.php')
CRITICAL - 2022-10-25 07:59:53 --> Undefined variable $member
in APPPATH\Views\pages\dashboardkaryawan.php on line 48.
 1 APPPATH\Views\pages\dashboardkaryawan.php(48): CodeIgniter\Debug\Exceptions->errorHandler(2, 'Undefined variable $member', 'APPPATH\\Views\\pages\\dashboardkaryawan.php', 48)
 2 SYSTEMPATH\View\View.php(213): include('APPPATH\\Views\\pages\\dashboardkaryawan.php')
 3 SYSTEMPATH\View\View.php(216): CodeIgniter\View\View->CodeIgniter\View\{closure}()
 4 SYSTEMPATH\Common.php(1142): CodeIgniter\View\View->render('pages/dashboardkaryawan', [], true)
 5 APPPATH\Controllers\Pages.php(26): view('pages/dashboardkaryawan')
 6 SYSTEMPATH\CodeIgniter.php(902): App\Controllers\Pages->view('dashboardkaryawan')
 7 SYSTEMPATH\CodeIgniter.php(457): CodeIgniter\CodeIgniter->runController(Object(App\Controllers\Pages))
 8 SYSTEMPATH\CodeIgniter.php(340): CodeIgniter\CodeIgniter->handleRequest(null, Object(Config\Cache), false)
 9 FCPATH\index.php(67): CodeIgniter\CodeIgniter->run()
10 SYSTEMPATH\Commands\Server\rewrite.php(46): require_once('FCPATH\\index.php')
CRITICAL - 2022-10-25 07:59:54 --> Undefined variable $member
in APPPATH\Views\pages\dashboardkaryawan.php on line 48.
 1 APPPATH\Views\pages\dashboardkaryawan.php(48): CodeIgniter\Debug\Exceptions->errorHandler(2, 'Undefined variable $member', 'APPPATH\\Views\\pages\\dashboardkaryawan.php', 48)
 2 SYSTEMPATH\View\View.php(213): include('APPPATH\\Views\\pages\\dashboardkaryawan.php')
 3 SYSTEMPATH\View\View.php(216): CodeIgniter\View\View->CodeIgniter\View\{closure}()
 4 SYSTEMPATH\Common.php(1142): CodeIgniter\View\View->render('pages/dashboardkaryawan', [], true)
 5 APPPATH\Controllers\Pages.php(26): view('pages/dashboardkaryawan')
 6 SYSTEMPATH\CodeIgniter.php(902): App\Controllers\Pages->view('dashboardkaryawan')
 7 SYSTEMPATH\CodeIgniter.php(457): CodeIgniter\CodeIgniter->runController(Object(App\Controllers\Pages))
 8 SYSTEMPATH\CodeIgniter.php(340): CodeIgniter\CodeIgniter->handleRequest(null, Object(Config\Cache), false)
 9 FCPATH\index.php(67): CodeIgniter\CodeIgniter->run()
10 SYSTEMPATH\Commands\Server\rewrite.php(46): require_once('FCPATH\\index.php')
CRITICAL - 2022-10-25 07:59:58 --> Undefined variable $member
in APPPATH\Views\pages\dashboardkaryawan.php on line 48.
 1 APPPATH\Views\pages\dashboardkaryawan.php(48): CodeIgniter\Debug\Exceptions->errorHandler(2, 'Undefined variable $member', 'APPPATH\\Views\\pages\\dashboardkaryawan.php', 48)
 2 SYSTEMPATH\View\View.php(213): include('APPPATH\\Views\\pages\\dashboardkaryawan.php')
 3 SYSTEMPATH\View\View.php(216): CodeIgniter\View\View->CodeIgniter\View\{closure}()
 4 SYSTEMPATH\Common.php(1142): CodeIgniter\View\View->render('pages/dashboardkaryawan', [], true)
 5 APPPATH\Controllers\Pages.php(26): view('pages/dashboardkaryawan')
 6 SYSTEMPATH\CodeIgniter.php(902): App\Controllers\Pages->view('dashboardkaryawan')
 7 SYSTEMPATH\CodeIgniter.php(457): CodeIgniter\CodeIgniter->runController(Object(App\Controllers\Pages))
 8 SYSTEMPATH\CodeIgniter.php(340): CodeIgniter\CodeIgniter->handleRequest(null, Object(Config\Cache), false)
 9 FCPATH\index.php(67): CodeIgniter\CodeIgniter->run()
10 SYSTEMPATH\Commands\Server\rewrite.php(46): require_once('FCPATH\\index.php')
CRITICAL - 2022-10-25 08:02:01 --> Undefined variable $member
in APPPATH\Views\pages\dashboardkaryawan.php on line 48.
 1 APPPATH\Views\pages\dashboardkaryawan.php(48): CodeIgniter\Debug\Exceptions->errorHandler(2, 'Undefined variable $member', 'APPPATH\\Views\\pages\\dashboardkaryawan.php', 48)
 2 SYSTEMPATH\View\View.php(213): include('APPPATH\\Views\\pages\\dashboardkaryawan.php')
 3 SYSTEMPATH\View\View.php(216): CodeIgniter\View\View->CodeIgniter\View\{closure}()
 4 SYSTEMPATH\Common.php(1142): CodeIgniter\View\View->render('pages/dashboardkaryawan', [], true)
 5 APPPATH\Controllers\Pages.php(26): view('pages/dashboardkaryawan')
 6 SYSTEMPATH\CodeIgniter.php(902): App\Controllers\Pages->view('dashboardkaryawan')
 7 SYSTEMPATH\CodeIgniter.php(457): CodeIgniter\CodeIgniter->runController(Object(App\Controllers\Pages))
 8 SYSTEMPATH\CodeIgniter.php(340): CodeIgniter\CodeIgniter->handleRequest(null, Object(Config\Cache), false)
 9 FCPATH\index.php(67): CodeIgniter\CodeIgniter->run()
10 SYSTEMPATH\Commands\Server\rewrite.php(46): require_once('FCPATH\\index.php')
CRITICAL - 2022-10-25 08:02:03 --> Undefined variable $member
in APPPATH\Views\pages\dashboardkaryawan.php on line 48.
 1 APPPATH\Views\pages\dashboardkaryawan.php(48): CodeIgniter\Debug\Exceptions->errorHandler(2, 'Undefined variable $member', 'APPPATH\\Views\\pages\\dashboardkaryawan.php', 48)
 2 SYSTEMPATH\View\View.php(213): include('APPPATH\\Views\\pages\\dashboardkaryawan.php')
 3 SYSTEMPATH\View\View.php(216): CodeIgniter\View\View->CodeIgniter\View\{closure}()
 4 SYSTEMPATH\Common.php(1142): CodeIgniter\View\View->render('pages/dashboardkaryawan', [], true)
 5 APPPATH\Controllers\Pages.php(26): view('pages/dashboardkaryawan')
 6 SYSTEMPATH\CodeIgniter.php(902): App\Controllers\Pages->view('dashboardkaryawan')
 7 SYSTEMPATH\CodeIgniter.php(457): CodeIgniter\CodeIgniter->runController(Object(App\Controllers\Pages))
 8 SYSTEMPATH\CodeIgniter.php(340): CodeIgniter\CodeIgniter->handleRequest(null, Object(Config\Cache), false)
 9 FCPATH\index.php(67): CodeIgniter\CodeIgniter->run()
10 SYSTEMPATH\Commands\Server\rewrite.php(46): require_once('FCPATH\\index.php')
CRITICAL - 2022-10-25 08:12:53 --> Undefined variable $member
in APPPATH\Views\pages\dashboardkaryawan.php on line 48.
 1 APPPATH\Views\pages\dashboardkaryawan.php(48): CodeIgniter\Debug\Exceptions->errorHandler(2, 'Undefined variable $member', 'APPPATH\\Views\\pages\\dashboardkaryawan.php', 48)
 2 SYSTEMPATH\View\View.php(213): include('APPPATH\\Views\\pages\\dashboardkaryawan.php')
 3 SYSTEMPATH\View\View.php(216): CodeIgniter\View\View->CodeIgniter\View\{closure}()
 4 SYSTEMPATH\Common.php(1142): CodeIgniter\View\View->render('pages/dashboardkaryawan', [], true)
 5 APPPATH\Controllers\Pages.php(26): view('pages/dashboardkaryawan')
 6 SYSTEMPATH\CodeIgniter.php(902): App\Controllers\Pages->view('dashboardkaryawan')
 7 SYSTEMPATH\CodeIgniter.php(457): CodeIgniter\CodeIgniter->runController(Object(App\Controllers\Pages))
 8 SYSTEMPATH\CodeIgniter.php(340): CodeIgniter\CodeIgniter->handleRequest(null, Object(Config\Cache), false)
 9 FCPATH\index.php(67): CodeIgniter\CodeIgniter->run()
10 SYSTEMPATH\Commands\Server\rewrite.php(46): require_once('FCPATH\\index.php')
CRITICAL - 2022-10-25 08:12:55 --> Undefined variable $member
in APPPATH\Views\pages\dashboardkaryawan.php on line 48.
 1 APPPATH\Views\pages\dashboardkaryawan.php(48): CodeIgniter\Debug\Exceptions->errorHandler(2, 'Undefined variable $member', 'APPPATH\\Views\\pages\\dashboardkaryawan.php', 48)
 2 SYSTEMPATH\View\View.php(213): include('APPPATH\\Views\\pages\\dashboardkaryawan.php')
 3 SYSTEMPATH\View\View.php(216): CodeIgniter\View\View->CodeIgniter\View\{closure}()
 4 SYSTEMPATH\Common.php(1142): CodeIgniter\View\View->render('pages/dashboardkaryawan', [], true)
 5 APPPATH\Controllers\Pages.php(26): view('pages/dashboardkaryawan')
 6 SYSTEMPATH\CodeIgniter.php(902): App\Controllers\Pages->view('dashboardkaryawan')
 7 SYSTEMPATH\CodeIgniter.php(457): CodeIgniter\CodeIgniter->runController(Object(App\Controllers\Pages))
 8 SYSTEMPATH\CodeIgniter.php(340): CodeIgniter\CodeIgniter->handleRequest(null, Object(Config\Cache), false)
 9 FCPATH\index.php(67): CodeIgniter\CodeIgniter->run()
10 SYSTEMPATH\Commands\Server\rewrite.php(46): require_once('FCPATH\\index.php')
CRITICAL - 2022-10-25 08:14:32 --> Undefined variable $member
in APPPATH\Views\pages\dashboardkaryawan.php on line 48.
 1 APPPATH\Views\pages\dashboardkaryawan.php(48): CodeIgniter\Debug\Exceptions->errorHandler(2, 'Undefined variable $member', 'APPPATH\\Views\\pages\\dashboardkaryawan.php', 48)
 2 SYSTEMPATH\View\View.php(213): include('APPPATH\\Views\\pages\\dashboardkaryawan.php')
 3 SYSTEMPATH\View\View.php(216): CodeIgniter\View\View->CodeIgniter\View\{closure}()
 4 SYSTEMPATH\Common.php(1142): CodeIgniter\View\View->render('pages/dashboardkaryawan', [], true)
 5 APPPATH\Controllers\Pages.php(26): view('pages/dashboardkaryawan')
 6 SYSTEMPATH\CodeIgniter.php(902): App\Controllers\Pages->view('dashboardkaryawan')
 7 SYSTEMPATH\CodeIgniter.php(457): CodeIgniter\CodeIgniter->runController(Object(App\Controllers\Pages))
 8 SYSTEMPATH\CodeIgniter.php(340): CodeIgniter\CodeIgniter->handleRequest(null, Object(Config\Cache), false)
 9 FCPATH\index.php(67): CodeIgniter\CodeIgniter->run()
10 SYSTEMPATH\Commands\Server\rewrite.php(46): require_once('FCPATH\\index.php')
CRITICAL - 2022-10-25 08:14:34 --> Undefined variable $member
in APPPATH\Views\pages\dashboardkaryawan.php on line 48.
 1 APPPATH\Views\pages\dashboardkaryawan.php(48): CodeIgniter\Debug\Exceptions->errorHandler(2, 'Undefined variable $member', 'APPPATH\\Views\\pages\\dashboardkaryawan.php', 48)
 2 SYSTEMPATH\View\View.php(213): include('APPPATH\\Views\\pages\\dashboardkaryawan.php')
 3 SYSTEMPATH\View\View.php(216): CodeIgniter\View\View->CodeIgniter\View\{closure}()
 4 SYSTEMPATH\Common.php(1142): CodeIgniter\View\View->render('pages/dashboardkaryawan', [], true)
 5 APPPATH\Controllers\Pages.php(26): view('pages/dashboardkaryawan')
 6 SYSTEMPATH\CodeIgniter.php(902): App\Controllers\Pages->view('dashboardkaryawan')
 7 SYSTEMPATH\CodeIgniter.php(457): CodeIgniter\CodeIgniter->runController(Object(App\Controllers\Pages))
 8 SYSTEMPATH\CodeIgniter.php(340): CodeIgniter\CodeIgniter->handleRequest(null, Object(Config\Cache), false)
 9 FCPATH\index.php(67): CodeIgniter\CodeIgniter->run()
10 SYSTEMPATH\Commands\Server\rewrite.php(46): require_once('FCPATH\\index.php')
CRITICAL - 2022-10-25 08:14:35 --> Undefined variable $member
in APPPATH\Views\pages\dashboardkaryawan.php on line 48.
 1 APPPATH\Views\pages\dashboardkaryawan.php(48): CodeIgniter\Debug\Exceptions->errorHandler(2, 'Undefined variable $member', 'APPPATH\\Views\\pages\\dashboardkaryawan.php', 48)
 2 SYSTEMPATH\View\View.php(213): include('APPPATH\\Views\\pages\\dashboardkaryawan.php')
 3 SYSTEMPATH\View\View.php(216): CodeIgniter\View\View->CodeIgniter\View\{closure}()
 4 SYSTEMPATH\Common.php(1142): CodeIgniter\View\View->render('pages/dashboardkaryawan', [], true)
 5 APPPATH\Controllers\Pages.php(26): view('pages/dashboardkaryawan')
 6 SYSTEMPATH\CodeIgniter.php(902): App\Controllers\Pages->view('dashboardkaryawan')
 7 SYSTEMPATH\CodeIgniter.php(457): CodeIgniter\CodeIgniter->runController(Object(App\Controllers\Pages))
 8 SYSTEMPATH\CodeIgniter.php(340): CodeIgniter\CodeIgniter->handleRequest(null, Object(Config\Cache), false)
 9 FCPATH\index.php(67): CodeIgniter\CodeIgniter->run()
10 SYSTEMPATH\Commands\Server\rewrite.php(46): require_once('FCPATH\\index.php')
CRITICAL - 2022-10-25 08:14:36 --> Undefined variable $member
in APPPATH\Views\pages\dashboardkaryawan.php on line 48.
 1 APPPATH\Views\pages\dashboardkaryawan.php(48): CodeIgniter\Debug\Exceptions->errorHandler(2, 'Undefined variable $member', 'APPPATH\\Views\\pages\\dashboardkaryawan.php', 48)
 2 SYSTEMPATH\View\View.php(213): include('APPPATH\\Views\\pages\\dashboardkaryawan.php')
 3 SYSTEMPATH\View\View.php(216): CodeIgniter\View\View->CodeIgniter\View\{closure}()
 4 SYSTEMPATH\Common.php(1142): CodeIgniter\View\View->render('pages/dashboardkaryawan', [], true)
 5 APPPATH\Controllers\Pages.php(26): view('pages/dashboardkaryawan')
 6 SYSTEMPATH\CodeIgniter.php(902): App\Controllers\Pages->view('dashboardkaryawan')
 7 SYSTEMPATH\CodeIgniter.php(457): CodeIgniter\CodeIgniter->runController(Object(App\Controllers\Pages))
 8 SYSTEMPATH\CodeIgniter.php(340): CodeIgniter\CodeIgniter->handleRequest(null, Object(Config\Cache), false)
 9 FCPATH\index.php(67): CodeIgniter\CodeIgniter->run()
10 SYSTEMPATH\Commands\Server\rewrite.php(46): require_once('FCPATH\\index.php')
CRITICAL - 2022-10-25 08:14:57 --> Undefined variable $member
in APPPATH\Views\pages\dashboardkaryawan.php on line 48.
 1 APPPATH\Views\pages\dashboardkaryawan.php(48): CodeIgniter\Debug\Exceptions->errorHandler(2, 'Undefined variable $member', 'APPPATH\\Views\\pages\\dashboardkaryawan.php', 48)
 2 SYSTEMPATH\View\View.php(213): include('APPPATH\\Views\\pages\\dashboardkaryawan.php')
 3 SYSTEMPATH\View\View.php(216): CodeIgniter\View\View->CodeIgniter\View\{closure}()
 4 SYSTEMPATH\Common.php(1142): CodeIgniter\View\View->render('pages/dashboardkaryawan', [], true)
 5 APPPATH\Controllers\Pages.php(26): view('pages/dashboardkaryawan')
 6 SYSTEMPATH\CodeIgniter.php(902): App\Controllers\Pages->view('dashboardkaryawan')
 7 SYSTEMPATH\CodeIgniter.php(457): CodeIgniter\CodeIgniter->runController(Object(App\Controllers\Pages))
 8 SYSTEMPATH\CodeIgniter.php(340): CodeIgniter\CodeIgniter->handleRequest(null, Object(Config\Cache), false)
 9 FCPATH\index.php(67): CodeIgniter\CodeIgniter->run()
10 SYSTEMPATH\Commands\Server\rewrite.php(46): require_once('FCPATH\\index.php')
CRITICAL - 2022-10-25 08:15:16 --> Undefined variable $member
in APPPATH\Views\pages\dashboardkaryawan.php on line 48.
 1 APPPATH\Views\pages\dashboardkaryawan.php(48): CodeIgniter\Debug\Exceptions->errorHandler(2, 'Undefined variable $member', 'APPPATH\\Views\\pages\\dashboardkaryawan.php', 48)
 2 SYSTEMPATH\View\View.php(213): include('APPPATH\\Views\\pages\\dashboardkaryawan.php')
 3 SYSTEMPATH\View\View.php(216): CodeIgniter\View\View->CodeIgniter\View\{closure}()
 4 SYSTEMPATH\Common.php(1142): CodeIgniter\View\View->render('pages/dashboardkaryawan', [], true)
 5 APPPATH\Controllers\Pages.php(26): view('pages/dashboardkaryawan')
 6 SYSTEMPATH\CodeIgniter.php(902): App\Controllers\Pages->view('dashboardkaryawan')
 7 SYSTEMPATH\CodeIgniter.php(457): CodeIgniter\CodeIgniter->runController(Object(App\Controllers\Pages))
 8 SYSTEMPATH\CodeIgniter.php(340): CodeIgniter\CodeIgniter->handleRequest(null, Object(Config\Cache), false)
 9 FCPATH\index.php(67): CodeIgniter\CodeIgniter->run()
10 SYSTEMPATH\Commands\Server\rewrite.php(46): require_once('FCPATH\\index.php')
CRITICAL - 2022-10-25 08:23:25 --> Undefined variable $member
in APPPATH\Views\pages\dashboardkaryawan.php on line 48.
 1 APPPATH\Views\pages\dashboardkaryawan.php(48): CodeIgniter\Debug\Exceptions->errorHandler(2, 'Undefined variable $member', 'APPPATH\\Views\\pages\\dashboardkaryawan.php', 48)
 2 SYSTEMPATH\View\View.php(213): include('APPPATH\\Views\\pages\\dashboardkaryawan.php')
 3 SYSTEMPATH\View\View.php(216): CodeIgniter\View\View->CodeIgniter\View\{closure}()
 4 SYSTEMPATH\Common.php(1142): CodeIgniter\View\View->render('pages/dashboardkaryawan', [], true)
 5 APPPATH\Controllers\Pages.php(26): view('pages/dashboardkaryawan')
 6 SYSTEMPATH\CodeIgniter.php(902): App\Controllers\Pages->view('dashboardkaryawan')
 7 SYSTEMPATH\CodeIgniter.php(457): CodeIgniter\CodeIgniter->runController(Object(App\Controllers\Pages))
 8 SYSTEMPATH\CodeIgniter.php(340): CodeIgniter\CodeIgniter->handleRequest(null, Object(Config\Cache), false)
 9 FCPATH\index.php(67): CodeIgniter\CodeIgniter->run()
10 SYSTEMPATH\Commands\Server\rewrite.php(46): require_once('FCPATH\\index.php')
CRITICAL - 2022-10-25 09:39:50 --> Undefined variable $member
in APPPATH\Views\pages\dashboardkaryawan.php on line 48.
 1 APPPATH\Views\pages\dashboardkaryawan.php(48): CodeIgniter\Debug\Exceptions->errorHandler(2, 'Undefined variable $member', 'APPPATH\\Views\\pages\\dashboardkaryawan.php', 48)
 2 SYSTEMPATH\View\View.php(213): include('APPPATH\\Views\\pages\\dashboardkaryawan.php')
 3 SYSTEMPATH\View\View.php(216): CodeIgniter\View\View->CodeIgniter\View\{closure}()
 4 SYSTEMPATH\Common.php(1142): CodeIgniter\View\View->render('pages/dashboardkaryawan', [], true)
 5 APPPATH\Controllers\Pages.php(26): view('pages/dashboardkaryawan')
 6 SYSTEMPATH\CodeIgniter.php(902): App\Controllers\Pages->view('dashboardkaryawan')
 7 SYSTEMPATH\CodeIgniter.php(457): CodeIgniter\CodeIgniter->runController(Object(App\Controllers\Pages))
 8 SYSTEMPATH\CodeIgniter.php(340): CodeIgniter\CodeIgniter->handleRequest(null, Object(Config\Cache), false)
 9 FCPATH\index.php(67): CodeIgniter\CodeIgniter->run()
10 SYSTEMPATH\Commands\Server\rewrite.php(46): require_once('FCPATH\\index.php')
CRITICAL - 2022-10-25 09:44:08 --> Undefined variable $member
in APPPATH\Views\pages\dashboardkaryawan.php on line 48.
 1 APPPATH\Views\pages\dashboardkaryawan.php(48): CodeIgniter\Debug\Exceptions->errorHandler(2, 'Undefined variable $member', 'APPPATH\\Views\\pages\\dashboardkaryawan.php', 48)
 2 SYSTEMPATH\View\View.php(213): include('APPPATH\\Views\\pages\\dashboardkaryawan.php')
 3 SYSTEMPATH\View\View.php(216): CodeIgniter\View\View->CodeIgniter\View\{closure}()
 4 SYSTEMPATH\Common.php(1142): CodeIgniter\View\View->render('pages/dashboardkaryawan', [], true)
 5 APPPATH\Controllers\Pages.php(26): view('pages/dashboardkaryawan')
 6 SYSTEMPATH\CodeIgniter.php(902): App\Controllers\Pages->view('dashboardkaryawan')
 7 SYSTEMPATH\CodeIgniter.php(457): CodeIgniter\CodeIgniter->runController(Object(App\Controllers\Pages))
 8 SYSTEMPATH\CodeIgniter.php(340): CodeIgniter\CodeIgniter->handleRequest(null, Object(Config\Cache), false)
 9 FCPATH\index.php(67): CodeIgniter\CodeIgniter->run()
10 SYSTEMPATH\Commands\Server\rewrite.php(46): require_once('FCPATH\\index.php')
CRITICAL - 2022-10-25 09:44:10 --> Undefined variable $member
in APPPATH\Views\pages\dashboardkaryawan.php on line 48.
 1 APPPATH\Views\pages\dashboardkaryawan.php(48): CodeIgniter\Debug\Exceptions->errorHandler(2, 'Undefined variable $member', 'APPPATH\\Views\\pages\\dashboardkaryawan.php', 48)
 2 SYSTEMPATH\View\View.php(213): include('APPPATH\\Views\\pages\\dashboardkaryawan.php')
 3 SYSTEMPATH\View\View.php(216): CodeIgniter\View\View->CodeIgniter\View\{closure}()
 4 SYSTEMPATH\Common.php(1142): CodeIgniter\View\View->render('pages/dashboardkaryawan', [], true)
 5 APPPATH\Controllers\Pages.php(26): view('pages/dashboardkaryawan')
 6 SYSTEMPATH\CodeIgniter.php(902): App\Controllers\Pages->view('dashboardkaryawan')
 7 SYSTEMPATH\CodeIgniter.php(457): CodeIgniter\CodeIgniter->runController(Object(App\Controllers\Pages))
 8 SYSTEMPATH\CodeIgniter.php(340): CodeIgniter\CodeIgniter->handleRequest(null, Object(Config\Cache), false)
 9 FCPATH\index.php(67): CodeIgniter\CodeIgniter->run()
10 SYSTEMPATH\Commands\Server\rewrite.php(46): require_once('FCPATH\\index.php')
CRITICAL - 2022-10-25 09:44:38 --> Undefined variable $member
in APPPATH\Views\pages\dashboardkaryawan.php on line 48.
 1 APPPATH\Views\pages\dashboardkaryawan.php(48): CodeIgniter\Debug\Exceptions->errorHandler(2, 'Undefined variable $member', 'APPPATH\\Views\\pages\\dashboardkaryawan.php', 48)
 2 SYSTEMPATH\View\View.php(213): include('APPPATH\\Views\\pages\\dashboardkaryawan.php')
 3 SYSTEMPATH\View\View.php(216): CodeIgniter\View\View->CodeIgniter\View\{closure}()
 4 SYSTEMPATH\Common.php(1142): CodeIgniter\View\View->render('pages/dashboardkaryawan', [], true)
 5 APPPATH\Controllers\Pages.php(26): view('pages/dashboardkaryawan')
 6 SYSTEMPATH\CodeIgniter.php(902): App\Controllers\Pages->view('dashboardkaryawan')
 7 SYSTEMPATH\CodeIgniter.php(457): CodeIgniter\CodeIgniter->runController(Object(App\Controllers\Pages))
 8 SYSTEMPATH\CodeIgniter.php(340): CodeIgniter\CodeIgniter->handleRequest(null, Object(Config\Cache), false)
 9 FCPATH\index.php(67): CodeIgniter\CodeIgniter->run()
10 SYSTEMPATH\Commands\Server\rewrite.php(46): require_once('FCPATH\\index.php')
CRITICAL - 2022-10-25 09:44:40 --> Undefined variable $member
in APPPATH\Views\pages\dashboardkaryawan.php on line 48.
 1 APPPATH\Views\pages\dashboardkaryawan.php(48): CodeIgniter\Debug\Exceptions->errorHandler(2, 'Undefined variable $member', 'APPPATH\\Views\\pages\\dashboardkaryawan.php', 48)
 2 SYSTEMPATH\View\View.php(213): include('APPPATH\\Views\\pages\\dashboardkaryawan.php')
 3 SYSTEMPATH\View\View.php(216): CodeIgniter\View\View->CodeIgniter\View\{closure}()
 4 SYSTEMPATH\Common.php(1142): CodeIgniter\View\View->render('pages/dashboardkaryawan', [], true)
 5 APPPATH\Controllers\Pages.php(26): view('pages/dashboardkaryawan')
 6 SYSTEMPATH\CodeIgniter.php(902): App\Controllers\Pages->view('dashboardkaryawan')
 7 SYSTEMPATH\CodeIgniter.php(457): CodeIgniter\CodeIgniter->runController(Object(App\Controllers\Pages))
 8 SYSTEMPATH\CodeIgniter.php(340): CodeIgniter\CodeIgniter->handleRequest(null, Object(Config\Cache), false)
 9 FCPATH\index.php(67): CodeIgniter\CodeIgniter->run()
10 SYSTEMPATH\Commands\Server\rewrite.php(46): require_once('FCPATH\\index.php')
CRITICAL - 2022-10-25 09:54:13 --> Undefined variable $member
in APPPATH\Views\pages\dashboardkaryawan.php on line 48.
 1 APPPATH\Views\pages\dashboardkaryawan.php(48): CodeIgniter\Debug\Exceptions->errorHandler(2, 'Undefined variable $member', 'APPPATH\\Views\\pages\\dashboardkaryawan.php', 48)
 2 SYSTEMPATH\View\View.php(213): include('APPPATH\\Views\\pages\\dashboardkaryawan.php')
 3 SYSTEMPATH\View\View.php(216): CodeIgniter\View\View->CodeIgniter\View\{closure}()
 4 SYSTEMPATH\Common.php(1142): CodeIgniter\View\View->render('pages/dashboardkaryawan', [], true)
 5 APPPATH\Controllers\Pages.php(26): view('pages/dashboardkaryawan')
 6 SYSTEMPATH\CodeIgniter.php(902): App\Controllers\Pages->view('dashboardkaryawan')
 7 SYSTEMPATH\CodeIgniter.php(457): CodeIgniter\CodeIgniter->runController(Object(App\Controllers\Pages))
 8 SYSTEMPATH\CodeIgniter.php(340): CodeIgniter\CodeIgniter->handleRequest(null, Object(Config\Cache), false)
 9 FCPATH\index.php(67): CodeIgniter\CodeIgniter->run()
10 SYSTEMPATH\Commands\Server\rewrite.php(46): require_once('FCPATH\\index.php')
CRITICAL - 2022-10-25 09:54:16 --> Undefined variable $member
in APPPATH\Views\pages\dashboardkaryawan.php on line 48.
 1 APPPATH\Views\pages\dashboardkaryawan.php(48): CodeIgniter\Debug\Exceptions->errorHandler(2, 'Undefined variable $member', 'APPPATH\\Views\\pages\\dashboardkaryawan.php', 48)
 2 SYSTEMPATH\View\View.php(213): include('APPPATH\\Views\\pages\\dashboardkaryawan.php')
 3 SYSTEMPATH\View\View.php(216): CodeIgniter\View\View->CodeIgniter\View\{closure}()
 4 SYSTEMPATH\Common.php(1142): CodeIgniter\View\View->render('pages/dashboardkaryawan', [], true)
 5 APPPATH\Controllers\Pages.php(26): view('pages/dashboardkaryawan')
 6 SYSTEMPATH\CodeIgniter.php(902): App\Controllers\Pages->view('dashboardkaryawan')
 7 SYSTEMPATH\CodeIgniter.php(457): CodeIgniter\CodeIgniter->runController(Object(App\Controllers\Pages))
 8 SYSTEMPATH\CodeIgniter.php(340): CodeIgniter\CodeIgniter->handleRequest(null, Object(Config\Cache), false)
 9 FCPATH\index.php(67): CodeIgniter\CodeIgniter->run()
10 SYSTEMPATH\Commands\Server\rewrite.php(46): require_once('FCPATH\\index.php')
CRITICAL - 2022-10-25 09:55:28 --> Undefined variable $member
in APPPATH\Views\pages\dashboardkaryawan.php on line 48.
 1 APPPATH\Views\pages\dashboardkaryawan.php(48): CodeIgniter\Debug\Exceptions->errorHandler(2, 'Undefined variable $member', 'APPPATH\\Views\\pages\\dashboardkaryawan.php', 48)
 2 SYSTEMPATH\View\View.php(213): include('APPPATH\\Views\\pages\\dashboardkaryawan.php')
 3 SYSTEMPATH\View\View.php(216): CodeIgniter\View\View->CodeIgniter\View\{closure}()
 4 SYSTEMPATH\Common.php(1142): CodeIgniter\View\View->render('pages/dashboardkaryawan', [], true)
 5 APPPATH\Controllers\Pages.php(26): view('pages/dashboardkaryawan')
 6 SYSTEMPATH\CodeIgniter.php(902): App\Controllers\Pages->view('dashboardkaryawan')
 7 SYSTEMPATH\CodeIgniter.php(457): CodeIgniter\CodeIgniter->runController(Object(App\Controllers\Pages))
 8 SYSTEMPATH\CodeIgniter.php(340): CodeIgniter\CodeIgniter->handleRequest(null, Object(Config\Cache), false)
 9 FCPATH\index.php(67): CodeIgniter\CodeIgniter->run()
10 SYSTEMPATH\Commands\Server\rewrite.php(46): require_once('FCPATH\\index.php')
CRITICAL - 2022-10-25 09:55:30 --> Undefined variable $member
in APPPATH\Views\pages\dashboardkaryawan.php on line 48.
 1 APPPATH\Views\pages\dashboardkaryawan.php(48): CodeIgniter\Debug\Exceptions->errorHandler(2, 'Undefined variable $member', 'APPPATH\\Views\\pages\\dashboardkaryawan.php', 48)
 2 SYSTEMPATH\View\View.php(213): include('APPPATH\\Views\\pages\\dashboardkaryawan.php')
 3 SYSTEMPATH\View\View.php(216): CodeIgniter\View\View->CodeIgniter\View\{closure}()
 4 SYSTEMPATH\Common.php(1142): CodeIgniter\View\View->render('pages/dashboardkaryawan', [], true)
 5 APPPATH\Controllers\Pages.php(26): view('pages/dashboardkaryawan')
 6 SYSTEMPATH\CodeIgniter.php(902): App\Controllers\Pages->view('dashboardkaryawan')
 7 SYSTEMPATH\CodeIgniter.php(457): CodeIgniter\CodeIgniter->runController(Object(App\Controllers\Pages))
 8 SYSTEMPATH\CodeIgniter.php(340): CodeIgniter\CodeIgniter->handleRequest(null, Object(Config\Cache), false)
 9 FCPATH\index.php(67): CodeIgniter\CodeIgniter->run()
10 SYSTEMPATH\Commands\Server\rewrite.php(46): require_once('FCPATH\\index.php')
CRITICAL - 2022-10-25 09:55:32 --> Undefined variable $member
in APPPATH\Views\pages\dashboardkaryawan.php on line 48.
 1 APPPATH\Views\pages\dashboardkaryawan.php(48): CodeIgniter\Debug\Exceptions->errorHandler(2, 'Undefined variable $member', 'APPPATH\\Views\\pages\\dashboardkaryawan.php', 48)
 2 SYSTEMPATH\View\View.php(213): include('APPPATH\\Views\\pages\\dashboardkaryawan.php')
 3 SYSTEMPATH\View\View.php(216): CodeIgniter\View\View->CodeIgniter\View\{closure}()
 4 SYSTEMPATH\Common.php(1142): CodeIgniter\View\View->render('pages/dashboardkaryawan', [], true)
 5 APPPATH\Controllers\Pages.php(26): view('pages/dashboardkaryawan')
 6 SYSTEMPATH\CodeIgniter.php(902): App\Controllers\Pages->view('dashboardkaryawan')
 7 SYSTEMPATH\CodeIgniter.php(457): CodeIgniter\CodeIgniter->runController(Object(App\Controllers\Pages))
 8 SYSTEMPATH\CodeIgniter.php(340): CodeIgniter\CodeIgniter->handleRequest(null, Object(Config\Cache), false)
 9 FCPATH\index.php(67): CodeIgniter\CodeIgniter->run()
10 SYSTEMPATH\Commands\Server\rewrite.php(46): require_once('FCPATH\\index.php')
CRITICAL - 2022-10-25 09:55:35 --> Undefined variable $member
in APPPATH\Views\pages\dashboardkaryawan.php on line 48.
 1 APPPATH\Views\pages\dashboardkaryawan.php(48): CodeIgniter\Debug\Exceptions->errorHandler(2, 'Undefined variable $member', 'APPPATH\\Views\\pages\\dashboardkaryawan.php', 48)
 2 SYSTEMPATH\View\View.php(213): include('APPPATH\\Views\\pages\\dashboardkaryawan.php')
 3 SYSTEMPATH\View\View.php(216): CodeIgniter\View\View->CodeIgniter\View\{closure}()
 4 SYSTEMPATH\Common.php(1142): CodeIgniter\View\View->render('pages/dashboardkaryawan', [], true)
 5 APPPATH\Controllers\Pages.php(26): view('pages/dashboardkaryawan')
 6 SYSTEMPATH\CodeIgniter.php(902): App\Controllers\Pages->view('dashboardkaryawan')
 7 SYSTEMPATH\CodeIgniter.php(457): CodeIgniter\CodeIgniter->runController(Object(App\Controllers\Pages))
 8 SYSTEMPATH\CodeIgniter.php(340): CodeIgniter\CodeIgniter->handleRequest(null, Object(Config\Cache), false)
 9 FCPATH\index.php(67): CodeIgniter\CodeIgniter->run()
10 SYSTEMPATH\Commands\Server\rewrite.php(46): require_once('FCPATH\\index.php')
CRITICAL - 2022-10-25 09:59:12 --> Undefined variable $member
in APPPATH\Views\pages\dashboardkaryawan.php on line 48.
 1 APPPATH\Views\pages\dashboardkaryawan.php(48): CodeIgniter\Debug\Exceptions->errorHandler(2, 'Undefined variable $member', 'APPPATH\\Views\\pages\\dashboardkaryawan.php', 48)
 2 SYSTEMPATH\View\View.php(213): include('APPPATH\\Views\\pages\\dashboardkaryawan.php')
 3 SYSTEMPATH\View\View.php(216): CodeIgniter\View\View->CodeIgniter\View\{closure}()
 4 SYSTEMPATH\Common.php(1142): CodeIgniter\View\View->render('pages/dashboardkaryawan', [], true)
 5 APPPATH\Controllers\Pages.php(26): view('pages/dashboardkaryawan')
 6 SYSTEMPATH\CodeIgniter.php(902): App\Controllers\Pages->view('dashboardkaryawan')
 7 SYSTEMPATH\CodeIgniter.php(457): CodeIgniter\CodeIgniter->runController(Object(App\Controllers\Pages))
 8 SYSTEMPATH\CodeIgniter.php(340): CodeIgniter\CodeIgniter->handleRequest(null, Object(Config\Cache), false)
 9 FCPATH\index.php(67): CodeIgniter\CodeIgniter->run()
10 SYSTEMPATH\Commands\Server\rewrite.php(46): require_once('FCPATH\\index.php')
CRITICAL - 2022-10-25 09:59:13 --> Undefined variable $member
in APPPATH\Views\pages\dashboardkaryawan.php on line 48.
 1 APPPATH\Views\pages\dashboardkaryawan.php(48): CodeIgniter\Debug\Exceptions->errorHandler(2, 'Undefined variable $member', 'APPPATH\\Views\\pages\\dashboardkaryawan.php', 48)
 2 SYSTEMPATH\View\View.php(213): include('APPPATH\\Views\\pages\\dashboardkaryawan.php')
 3 SYSTEMPATH\View\View.php(216): CodeIgniter\View\View->CodeIgniter\View\{closure}()
 4 SYSTEMPATH\Common.php(1142): CodeIgniter\View\View->render('pages/dashboardkaryawan', [], true)
 5 APPPATH\Controllers\Pages.php(26): view('pages/dashboardkaryawan')
 6 SYSTEMPATH\CodeIgniter.php(902): App\Controllers\Pages->view('dashboardkaryawan')
 7 SYSTEMPATH\CodeIgniter.php(457): CodeIgniter\CodeIgniter->runController(Object(App\Controllers\Pages))
 8 SYSTEMPATH\CodeIgniter.php(340): CodeIgniter\CodeIgniter->handleRequest(null, Object(Config\Cache), false)
 9 FCPATH\index.php(67): CodeIgniter\CodeIgniter->run()
10 SYSTEMPATH\Commands\Server\rewrite.php(46): require_once('FCPATH\\index.php')
CRITICAL - 2022-10-25 10:02:07 --> Undefined variable $member
in APPPATH\Views\pages\dashboardkaryawan.php on line 48.
 1 APPPATH\Views\pages\dashboardkaryawan.php(48): CodeIgniter\Debug\Exceptions->errorHandler(2, 'Undefined variable $member', 'APPPATH\\Views\\pages\\dashboardkaryawan.php', 48)
 2 SYSTEMPATH\View\View.php(213): include('APPPATH\\Views\\pages\\dashboardkaryawan.php')
 3 SYSTEMPATH\View\View.php(216): CodeIgniter\View\View->CodeIgniter\View\{closure}()
 4 SYSTEMPATH\Common.php(1142): CodeIgniter\View\View->render('pages/dashboardkaryawan', [], true)
 5 APPPATH\Controllers\Pages.php(26): view('pages/dashboardkaryawan')
 6 SYSTEMPATH\CodeIgniter.php(902): App\Controllers\Pages->view('dashboardkaryawan')
 7 SYSTEMPATH\CodeIgniter.php(457): CodeIgniter\CodeIgniter->runController(Object(App\Controllers\Pages))
 8 SYSTEMPATH\CodeIgniter.php(340): CodeIgniter\CodeIgniter->handleRequest(null, Object(Config\Cache), false)
 9 FCPATH\index.php(67): CodeIgniter\CodeIgniter->run()
10 SYSTEMPATH\Commands\Server\rewrite.php(46): require_once('FCPATH\\index.php')
CRITICAL - 2022-10-25 10:02:09 --> Undefined variable $member
in APPPATH\Views\pages\dashboardkaryawan.php on line 48.
 1 APPPATH\Views\pages\dashboardkaryawan.php(48): CodeIgniter\Debug\Exceptions->errorHandler(2, 'Undefined variable $member', 'APPPATH\\Views\\pages\\dashboardkaryawan.php', 48)
 2 SYSTEMPATH\View\View.php(213): include('APPPATH\\Views\\pages\\dashboardkaryawan.php')
 3 SYSTEMPATH\View\View.php(216): CodeIgniter\View\View->CodeIgniter\View\{closure}()
 4 SYSTEMPATH\Common.php(1142): CodeIgniter\View\View->render('pages/dashboardkaryawan', [], true)
 5 APPPATH\Controllers\Pages.php(26): view('pages/dashboardkaryawan')
 6 SYSTEMPATH\CodeIgniter.php(902): App\Controllers\Pages->view('dashboardkaryawan')
 7 SYSTEMPATH\CodeIgniter.php(457): CodeIgniter\CodeIgniter->runController(Object(App\Controllers\Pages))
 8 SYSTEMPATH\CodeIgniter.php(340): CodeIgniter\CodeIgniter->handleRequest(null, Object(Config\Cache), false)
 9 FCPATH\index.php(67): CodeIgniter\CodeIgniter->run()
10 SYSTEMPATH\Commands\Server\rewrite.php(46): require_once('FCPATH\\index.php')
CRITICAL - 2022-10-25 10:23:04 --> Undefined variable $member
in APPPATH\Views\pages\dashboardkaryawan.php on line 48.
 1 APPPATH\Views\pages\dashboardkaryawan.php(48): CodeIgniter\Debug\Exceptions->errorHandler(2, 'Undefined variable $member', 'APPPATH\\Views\\pages\\dashboardkaryawan.php', 48)
 2 SYSTEMPATH\View\View.php(213): include('APPPATH\\Views\\pages\\dashboardkaryawan.php')
 3 SYSTEMPATH\View\View.php(216): CodeIgniter\View\View->CodeIgniter\View\{closure}()
 4 SYSTEMPATH\Common.php(1142): CodeIgniter\View\View->render('pages/dashboardkaryawan', [], true)
 5 APPPATH\Controllers\Pages.php(26): view('pages/dashboardkaryawan')
 6 SYSTEMPATH\CodeIgniter.php(902): App\Controllers\Pages->view('dashboardkaryawan')
 7 SYSTEMPATH\CodeIgniter.php(457): CodeIgniter\CodeIgniter->runController(Object(App\Controllers\Pages))
 8 SYSTEMPATH\CodeIgniter.php(340): CodeIgniter\CodeIgniter->handleRequest(null, Object(Config\Cache), false)
 9 FCPATH\index.php(67): CodeIgniter\CodeIgniter->run()
10 SYSTEMPATH\Commands\Server\rewrite.php(46): require_once('FCPATH\\index.php')
CRITICAL - 2022-10-25 10:23:07 --> Undefined variable $member
in APPPATH\Views\pages\dashboardkaryawan.php on line 48.
 1 APPPATH\Views\pages\dashboardkaryawan.php(48): CodeIgniter\Debug\Exceptions->errorHandler(2, 'Undefined variable $member', 'APPPATH\\Views\\pages\\dashboardkaryawan.php', 48)
 2 SYSTEMPATH\View\View.php(213): include('APPPATH\\Views\\pages\\dashboardkaryawan.php')
 3 SYSTEMPATH\View\View.php(216): CodeIgniter\View\View->CodeIgniter\View\{closure}()
 4 SYSTEMPATH\Common.php(1142): CodeIgniter\View\View->render('pages/dashboardkaryawan', [], true)
 5 APPPATH\Controllers\Pages.php(26): view('pages/dashboardkaryawan')
 6 SYSTEMPATH\CodeIgniter.php(902): App\Controllers\Pages->view('dashboardkaryawan')
 7 SYSTEMPATH\CodeIgniter.php(457): CodeIgniter\CodeIgniter->runController(Object(App\Controllers\Pages))
 8 SYSTEMPATH\CodeIgniter.php(340): CodeIgniter\CodeIgniter->handleRequest(null, Object(Config\Cache), false)
 9 FCPATH\index.php(67): CodeIgniter\CodeIgniter->run()
10 SYSTEMPATH\Commands\Server\rewrite.php(46): require_once('FCPATH\\index.php')
CRITICAL - 2022-10-25 10:48:50 --> Undefined variable $member
in APPPATH\Views\pages\dashboardkaryawan.php on line 48.
 1 APPPATH\Views\pages\dashboardkaryawan.php(48): CodeIgniter\Debug\Exceptions->errorHandler(2, 'Undefined variable $member', 'APPPATH\\Views\\pages\\dashboardkaryawan.php', 48)
 2 SYSTEMPATH\View\View.php(213): include('APPPATH\\Views\\pages\\dashboardkaryawan.php')
 3 SYSTEMPATH\View\View.php(216): CodeIgniter\View\View->CodeIgniter\View\{closure}()
 4 SYSTEMPATH\Common.php(1142): CodeIgniter\View\View->render('pages/dashboardkaryawan', [], true)
 5 APPPATH\Controllers\Pages.php(26): view('pages/dashboardkaryawan')
 6 SYSTEMPATH\CodeIgniter.php(902): App\Controllers\Pages->view('dashboardkaryawan')
 7 SYSTEMPATH\CodeIgniter.php(457): CodeIgniter\CodeIgniter->runController(Object(App\Controllers\Pages))
 8 SYSTEMPATH\CodeIgniter.php(340): CodeIgniter\CodeIgniter->handleRequest(null, Object(Config\Cache), false)
 9 FCPATH\index.php(67): CodeIgniter\CodeIgniter->run()
10 SYSTEMPATH\Commands\Server\rewrite.php(46): require_once('FCPATH\\index.php')
CRITICAL - 2022-10-25 11:03:15 --> Undefined variable $member
in APPPATH\Views\pages\dashboardkaryawan.php on line 48.
 1 APPPATH\Views\pages\dashboardkaryawan.php(48): CodeIgniter\Debug\Exceptions->errorHandler(2, 'Undefined variable $member', 'APPPATH\\Views\\pages\\dashboardkaryawan.php', 48)
 2 SYSTEMPATH\View\View.php(213): include('APPPATH\\Views\\pages\\dashboardkaryawan.php')
 3 SYSTEMPATH\View\View.php(216): CodeIgniter\View\View->CodeIgniter\View\{closure}()
 4 SYSTEMPATH\Common.php(1142): CodeIgniter\View\View->render('pages/dashboardkaryawan', [], true)
 5 APPPATH\Controllers\Pages.php(26): view('pages/dashboardkaryawan')
 6 SYSTEMPATH\CodeIgniter.php(902): App\Controllers\Pages->view('dashboardkaryawan')
 7 SYSTEMPATH\CodeIgniter.php(457): CodeIgniter\CodeIgniter->runController(Object(App\Controllers\Pages))
 8 SYSTEMPATH\CodeIgniter.php(340): CodeIgniter\CodeIgniter->handleRequest(null, Object(Config\Cache), false)
 9 FCPATH\index.php(67): CodeIgniter\CodeIgniter->run()
10 SYSTEMPATH\Commands\Server\rewrite.php(46): require_once('FCPATH\\index.php')
CRITICAL - 2022-10-25 11:03:36 --> Undefined variable $member
in APPPATH\Views\pages\dashboardkaryawan.php on line 48.
 1 APPPATH\Views\pages\dashboardkaryawan.php(48): CodeIgniter\Debug\Exceptions->errorHandler(2, 'Undefined variable $member', 'APPPATH\\Views\\pages\\dashboardkaryawan.php', 48)
 2 SYSTEMPATH\View\View.php(213): include('APPPATH\\Views\\pages\\dashboardkaryawan.php')
 3 SYSTEMPATH\View\View.php(216): CodeIgniter\View\View->CodeIgniter\View\{closure}()
 4 SYSTEMPATH\Common.php(1142): CodeIgniter\View\View->render('pages/dashboardkaryawan', [], true)
 5 APPPATH\Controllers\Pages.php(26): view('pages/dashboardkaryawan')
 6 SYSTEMPATH\CodeIgniter.php(902): App\Controllers\Pages->view('dashboardkaryawan')
 7 SYSTEMPATH\CodeIgniter.php(457): CodeIgniter\CodeIgniter->runController(Object(App\Controllers\Pages))
 8 SYSTEMPATH\CodeIgniter.php(340): CodeIgniter\CodeIgniter->handleRequest(null, Object(Config\Cache), false)
 9 FCPATH\index.php(67): CodeIgniter\CodeIgniter->run()
10 SYSTEMPATH\Commands\Server\rewrite.php(46): require_once('FCPATH\\index.php')
CRITICAL - 2022-10-25 11:08:23 --> Undefined variable $member
in APPPATH\Views\pages\dashboardkaryawan.php on line 48.
 1 APPPATH\Views\pages\dashboardkaryawan.php(48): CodeIgniter\Debug\Exceptions->errorHandler(2, 'Undefined variable $member', 'APPPATH\\Views\\pages\\dashboardkaryawan.php', 48)
 2 SYSTEMPATH\View\View.php(213): include('APPPATH\\Views\\pages\\dashboardkaryawan.php')
 3 SYSTEMPATH\View\View.php(216): CodeIgniter\View\View->CodeIgniter\View\{closure}()
 4 SYSTEMPATH\Common.php(1142): CodeIgniter\View\View->render('pages/dashboardkaryawan', [], true)
 5 APPPATH\Controllers\Pages.php(26): view('pages/dashboardkaryawan')
 6 SYSTEMPATH\CodeIgniter.php(902): App\Controllers\Pages->view('dashboardkaryawan')
 7 SYSTEMPATH\CodeIgniter.php(457): CodeIgniter\CodeIgniter->runController(Object(App\Controllers\Pages))
 8 SYSTEMPATH\CodeIgniter.php(340): CodeIgniter\CodeIgniter->handleRequest(null, Object(Config\Cache), false)
 9 FCPATH\index.php(67): CodeIgniter\CodeIgniter->run()
10 SYSTEMPATH\Commands\Server\rewrite.php(46): require_once('FCPATH\\index.php')
CRITICAL - 2022-10-25 11:09:59 --> Cannot use object of type stdClass as array
in APPPATH\Views\pages\dashboardkaryawan.php on line 49.
 1 SYSTEMPATH\View\View.php(213): include()
 2 SYSTEMPATH\View\View.php(216): CodeIgniter\View\View->CodeIgniter\View\{closure}()
 3 SYSTEMPATH\Common.php(1142): CodeIgniter\View\View->render('pages/dashboardkaryawan', [], true)
 4 APPPATH\Controllers\DashboardKaryawan.php(20): view('pages/dashboardkaryawan', [...])
 5 SYSTEMPATH\CodeIgniter.php(902): App\Controllers\DashboardKaryawan->index()
 6 SYSTEMPATH\CodeIgniter.php(457): CodeIgniter\CodeIgniter->runController(Object(App\Controllers\DashboardKaryawan))
 7 SYSTEMPATH\CodeIgniter.php(340): CodeIgniter\CodeIgniter->handleRequest(null, Object(Config\Cache), false)
 8 FCPATH\index.php(67): CodeIgniter\CodeIgniter->run()
 9 SYSTEMPATH\Commands\Server\rewrite.php(46): require_once('FCPATH\\index.php')
CRITICAL - 2022-10-25 11:13:38 --> Cannot use object of type stdClass as array
in APPPATH\Views\pages\dashboardkaryawan.php on line 49.
 1 SYSTEMPATH\View\View.php(213): include()
 2 SYSTEMPATH\View\View.php(216): CodeIgniter\View\View->CodeIgniter\View\{closure}()
 3 SYSTEMPATH\Common.php(1142): CodeIgniter\View\View->render('pages/dashboardkaryawan', [], true)
 4 APPPATH\Controllers\DashboardKaryawan.php(20): view('pages/dashboardkaryawan', [...])
 5 SYSTEMPATH\CodeIgniter.php(902): App\Controllers\DashboardKaryawan->index()
 6 SYSTEMPATH\CodeIgniter.php(457): CodeIgniter\CodeIgniter->runController(Object(App\Controllers\DashboardKaryawan))
 7 SYSTEMPATH\CodeIgniter.php(340): CodeIgniter\CodeIgniter->handleRequest(null, Object(Config\Cache), false)
 8 FCPATH\index.php(67): CodeIgniter\CodeIgniter->run()
 9 SYSTEMPATH\Commands\Server\rewrite.php(46): require_once('FCPATH\\index.php')
CRITICAL - 2022-10-25 11:14:52 --> Cannot use object of type stdClass as array
in APPPATH\Views\pages\dashboardkaryawan.php on line 49.
 1 SYSTEMPATH\View\View.php(213): include()
 2 SYSTEMPATH\View\View.php(216): CodeIgniter\View\View->CodeIgniter\View\{closure}()
 3 SYSTEMPATH\Common.php(1142): CodeIgniter\View\View->render('pages/dashboardkaryawan', [], true)
 4 APPPATH\Controllers\DashboardKaryawan.php(20): view('pages/dashboardkaryawan', [...])
 5 SYSTEMPATH\CodeIgniter.php(902): App\Controllers\DashboardKaryawan->index()
 6 SYSTEMPATH\CodeIgniter.php(457): CodeIgniter\CodeIgniter->runController(Object(App\Controllers\DashboardKaryawan))
 7 SYSTEMPATH\CodeIgniter.php(340): CodeIgniter\CodeIgniter->handleRequest(null, Object(Config\Cache), false)
 8 FCPATH\index.php(67): CodeIgniter\CodeIgniter->run()
 9 SYSTEMPATH\Commands\Server\rewrite.php(46): require_once('FCPATH\\index.php')
CRITICAL - 2022-10-25 11:14:54 --> Cannot use object of type stdClass as array
in APPPATH\Views\pages\dashboardkaryawan.php on line 49.
 1 SYSTEMPATH\View\View.php(213): include()
 2 SYSTEMPATH\View\View.php(216): CodeIgniter\View\View->CodeIgniter\View\{closure}()
 3 SYSTEMPATH\Common.php(1142): CodeIgniter\View\View->render('pages/dashboardkaryawan', [], true)
 4 APPPATH\Controllers\DashboardKaryawan.php(20): view('pages/dashboardkaryawan', [...])
 5 SYSTEMPATH\CodeIgniter.php(902): App\Controllers\DashboardKaryawan->index()
 6 SYSTEMPATH\CodeIgniter.php(457): CodeIgniter\CodeIgniter->runController(Object(App\Controllers\DashboardKaryawan))
 7 SYSTEMPATH\CodeIgniter.php(340): CodeIgniter\CodeIgniter->handleRequest(null, Object(Config\Cache), false)
 8 FCPATH\index.php(67): CodeIgniter\CodeIgniter->run()
 9 SYSTEMPATH\Commands\Server\rewrite.php(46): require_once('FCPATH\\index.php')
CRITICAL - 2022-10-25 11:15:26 --> Cannot use object of type stdClass as array
in APPPATH\Views\pages\dashboardkaryawan.php on line 49.
 1 SYSTEMPATH\View\View.php(213): include()
 2 SYSTEMPATH\View\View.php(216): CodeIgniter\View\View->CodeIgniter\View\{closure}()
 3 SYSTEMPATH\Common.php(1142): CodeIgniter\View\View->render('pages/dashboardkaryawan', [], true)
 4 APPPATH\Controllers\DashboardKaryawan.php(20): view('pages/dashboardkaryawan', [...])
 5 SYSTEMPATH\CodeIgniter.php(902): App\Controllers\DashboardKaryawan->index()
 6 SYSTEMPATH\CodeIgniter.php(457): CodeIgniter\CodeIgniter->runController(Object(App\Controllers\DashboardKaryawan))
 7 SYSTEMPATH\CodeIgniter.php(340): CodeIgniter\CodeIgniter->handleRequest(null, Object(Config\Cache), false)
 8 FCPATH\index.php(67): CodeIgniter\CodeIgniter->run()
 9 SYSTEMPATH\Commands\Server\rewrite.php(46): require_once('FCPATH\\index.php')
ERROR - 2022-10-25 12:15:16 --> Error connecting to the database: mysqli_sql_exception: Unknown database 'weblanjutpraktikum' in C:\xampp\htdocs\siber-ket\vendor\codeigniter4\framework\system\Database\MySQLi\Connection.php:171
Stack trace:
#0 C:\xampp\htdocs\siber-ket\vendor\codeigniter4\framework\system\Database\MySQLi\Connection.php(171): mysqli->real_connect('localhost', 'root', '', 'weblanjutprakti...', 3306, '', 0)
#1 C:\xampp\htdocs\siber-ket\vendor\codeigniter4\framework\system\Database\BaseConnection.php(382): CodeIgniter\Database\MySQLi\Connection->connect(false)
#2 C:\xampp\htdocs\siber-ket\vendor\codeigniter4\framework\system\Database\BaseConnection.php(588): CodeIgniter\Database\BaseConnection->initialize()
#3 C:\xampp\htdocs\siber-ket\vendor\codeigniter4\framework\system\Database\BaseConnection.php(1387): CodeIgniter\Database\BaseConnection->query('SHOW TABLES FRO...')
#4 C:\xampp\htdocs\siber-ket\vendor\codeigniter4\framework\system\Database\BaseConnection.php(1421): CodeIgniter\Database\BaseConnection->listTables()
#5 C:\xampp\htdocs\siber-ket\vendor\codeigniter4\framework\system\Database\MigrationRunner.php(759): CodeIgniter\Database\BaseConnection->tableExists('migrations')
#6 C:\xampp\htdocs\siber-ket\vendor\codeigniter4\framework\system\Database\MigrationRunner.php(167): CodeIgniter\Database\MigrationRunner->ensureTable()
#7 C:\xampp\htdocs\siber-ket\vendor\codeigniter4\framework\system\Commands\Database\Migrate.php(84): CodeIgniter\Database\MigrationRunner->latest(NULL)
#8 C:\xampp\htdocs\siber-ket\vendor\codeigniter4\framework\system\CLI\Commands.php(63): CodeIgniter\Commands\Database\Migrate->run(Array)
#9 C:\xampp\htdocs\siber-ket\vendor\codeigniter4\framework\system\CLI\CommandRunner.php(65): CodeIgniter\CLI\Commands->run('migrate', Array)
#10 C:\xampp\htdocs\siber-ket\vendor\codeigniter4\framework\system\CLI\CommandRunner.php(51): CodeIgniter\CLI\CommandRunner->index(Array)
#11 C:\xampp\htdocs\siber-ket\vendor\codeigniter4\framework\system\CodeIgniter.php(895): CodeIgniter\CLI\CommandRunner->_remap('index', Array)
#12 C:\xampp\htdocs\siber-ket\vendor\codeigniter4\framework\system\CodeIgniter.php(457): CodeIgniter\CodeIgniter->runController(Object(CodeIgniter\CLI\CommandRunner))
#13 C:\xampp\htdocs\siber-ket\vendor\codeigniter4\framework\system\CodeIgniter.php(336): CodeIgniter\CodeIgniter->handleRequest(NULL, Object(Config\Cache), false)
#14 C:\xampp\htdocs\siber-ket\vendor\codeigniter4\framework\system\CLI\Console.php(48): CodeIgniter\CodeIgniter->run()
#15 C:\xampp\htdocs\siber-ket\spark(98): CodeIgniter\CLI\Console->run()
#16 {main}

Next CodeIgniter\Database\Exceptions\DatabaseException: Unknown database 'weblanjutpraktikum' in C:\xampp\htdocs\siber-ket\vendor\codeigniter4\framework\system\Database\MySQLi\Connection.php:215
Stack trace:
#0 C:\xampp\htdocs\siber-ket\vendor\codeigniter4\framework\system\Database\BaseConnection.php(382): CodeIgniter\Database\MySQLi\Connection->connect(false)
#1 C:\xampp\htdocs\siber-ket\vendor\codeigniter4\framework\system\Database\BaseConnection.php(588): CodeIgniter\Database\BaseConnection->initialize()
#2 C:\xampp\htdocs\siber-ket\vendor\codeigniter4\framework\system\Database\BaseConnection.php(1387): CodeIgniter\Database\BaseConnection->query('SHOW TABLES FRO...')
#3 C:\xampp\htdocs\siber-ket\vendor\codeigniter4\framework\system\Database\BaseConnection.php(1421): CodeIgniter\Database\BaseConnection->listTables()
#4 C:\xampp\htdocs\siber-ket\vendor\codeigniter4\framework\system\Database\MigrationRunner.php(759): CodeIgniter\Database\BaseConnection->tableExists('migrations')
#5 C:\xampp\htdocs\siber-ket\vendor\codeigniter4\framework\system\Database\MigrationRunner.php(167): CodeIgniter\Database\MigrationRunner->ensureTable()
#6 C:\xampp\htdocs\siber-ket\vendor\codeigniter4\framework\system\Commands\Database\Migrate.php(84): CodeIgniter\Database\MigrationRunner->latest(NULL)
#7 C:\xampp\htdocs\siber-ket\vendor\codeigniter4\framework\system\CLI\Commands.php(63): CodeIgniter\Commands\Database\Migrate->run(Array)
#8 C:\xampp\htdocs\siber-ket\vendor\codeigniter4\framework\system\CLI\CommandRunner.php(65): CodeIgniter\CLI\Commands->run('migrate', Array)
#9 C:\xampp\htdocs\siber-ket\vendor\codeigniter4\framework\system\CLI\CommandRunner.php(51): CodeIgniter\CLI\CommandRunner->index(Array)
#10 C:\xampp\htdocs\siber-ket\vendor\codeigniter4\framework\system\CodeIgniter.php(895): CodeIgniter\CLI\CommandRunner->_remap('index', Array)
#11 C:\xampp\htdocs\siber-ket\vendor\codeigniter4\framework\system\CodeIgniter.php(457): CodeIgniter\CodeIgniter->runController(Object(CodeIgniter\CLI\CommandRunner))
#12 C:\xampp\htdocs\siber-ket\vendor\codeigniter4\framework\system\CodeIgniter.php(336): CodeIgniter\CodeIgniter->handleRequest(NULL, Object(Config\Cache), false)
#13 C:\xampp\htdocs\siber-ket\vendor\codeigniter4\framework\system\CLI\Console.php(48): CodeIgniter\CodeIgniter->run()
#14 C:\xampp\htdocs\siber-ket\spark(98): CodeIgniter\CLI\Console->run()
#15 {main}
CRITICAL - 2022-10-25 12:42:15 --> Undefined variable $pager
in APPPATH\Views\pages\dashboardkaryawan.php on line 75.
 1 APPPATH\Views\pages\dashboardkaryawan.php(75): CodeIgniter\Debug\Exceptions->errorHandler(2, 'Undefined variable $pager', 'APPPATH\\Views\\pages\\dashboardkaryawan.php', 75)
 2 SYSTEMPATH\View\View.php(213): include('APPPATH\\Views\\pages\\dashboardkaryawan.php')
 3 SYSTEMPATH\View\View.php(216): CodeIgniter\View\View->CodeIgniter\View\{closure}()
 4 SYSTEMPATH\Common.php(1142): CodeIgniter\View\View->render('pages/dashboardkaryawan', [], true)
 5 APPPATH\Controllers\DashboardKaryawan.php(22): view('pages/dashboardkaryawan', [...])
 6 SYSTEMPATH\CodeIgniter.php(902): App\Controllers\DashboardKaryawan->index()
 7 SYSTEMPATH\CodeIgniter.php(457): CodeIgniter\CodeIgniter->runController(Object(App\Controllers\DashboardKaryawan))
 8 SYSTEMPATH\CodeIgniter.php(340): CodeIgniter\CodeIgniter->handleRequest(null, Object(Config\Cache), false)
 9 FCPATH\index.php(67): CodeIgniter\CodeIgniter->run()
10 SYSTEMPATH\Commands\Server\rewrite.php(46): require_once('FCPATH\\index.php')
CRITICAL - 2022-10-25 12:46:12 --> Undefined variable $pager
in APPPATH\Views\pages\dashboardkaryawan.php on line 75.
 1 APPPATH\Views\pages\dashboardkaryawan.php(75): CodeIgniter\Debug\Exceptions->errorHandler(2, 'Undefined variable $pager', 'APPPATH\\Views\\pages\\dashboardkaryawan.php', 75)
 2 SYSTEMPATH\View\View.php(213): include('APPPATH\\Views\\pages\\dashboardkaryawan.php')
 3 SYSTEMPATH\View\View.php(216): CodeIgniter\View\View->CodeIgniter\View\{closure}()
 4 SYSTEMPATH\Common.php(1142): CodeIgniter\View\View->render('pages/dashboardkaryawan', [], true)
 5 APPPATH\Controllers\DashboardKaryawan.php(22): view('pages/dashboardkaryawan', [...])
 6 SYSTEMPATH\CodeIgniter.php(902): App\Controllers\DashboardKaryawan->index()
 7 SYSTEMPATH\CodeIgniter.php(457): CodeIgniter\CodeIgniter->runController(Object(App\Controllers\DashboardKaryawan))
 8 SYSTEMPATH\CodeIgniter.php(340): CodeIgniter\CodeIgniter->handleRequest(null, Object(Config\Cache), false)
 9 FCPATH\index.php(67): CodeIgniter\CodeIgniter->run()
10 SYSTEMPATH\Commands\Server\rewrite.php(46): require_once('FCPATH\\index.php')
CRITICAL - 2022-10-25 12:55:21 --> Call to undefined method CodeIgniter\Pager\Pager::hasPrevious()
in APPPATH\Views\pages\dashboardkaryawan.php on line 80.
 1 SYSTEMPATH\View\View.php(213): include()
 2 SYSTEMPATH\View\View.php(216): CodeIgniter\View\View->CodeIgniter\View\{closure}()
 3 SYSTEMPATH\Common.php(1142): CodeIgniter\View\View->render('pages/dashboardkaryawan', [], true)
 4 APPPATH\Controllers\DashboardKaryawan.php(22): view('pages/dashboardkaryawan', [...])
 5 SYSTEMPATH\CodeIgniter.php(902): App\Controllers\DashboardKaryawan->index()
 6 SYSTEMPATH\CodeIgniter.php(457): CodeIgniter\CodeIgniter->runController(Object(App\Controllers\DashboardKaryawan))
 7 SYSTEMPATH\CodeIgniter.php(340): CodeIgniter\CodeIgniter->handleRequest(null, Object(Config\Cache), false)
 8 FCPATH\index.php(67): CodeIgniter\CodeIgniter->run()
 9 SYSTEMPATH\Commands\Server\rewrite.php(46): require_once('FCPATH\\index.php')
CRITICAL - 2022-10-25 13:19:49 --> Invalid file: formloginkaryawan.php
in SYSTEMPATH\Exceptions\FrameworkException.php on line 33.
 1 SYSTEMPATH\View\View.php(201): CodeIgniter\Exceptions\FrameworkException::forInvalidFile('formloginkaryawan.php')
 2 SYSTEMPATH\Common.php(1142): CodeIgniter\View\View->render('formloginkaryawan', [], true)
 3 APPPATH\Controllers\LoginKaryawan.php(11): view('formloginkaryawan')
 4 SYSTEMPATH\CodeIgniter.php(902): App\Controllers\LoginKaryawan->index()
 5 SYSTEMPATH\CodeIgniter.php(457): CodeIgniter\CodeIgniter->runController(Object(App\Controllers\LoginKaryawan))
 6 SYSTEMPATH\CodeIgniter.php(340): CodeIgniter\CodeIgniter->handleRequest(null, Object(Config\Cache), false)
 7 FCPATH\index.php(67): CodeIgniter\CodeIgniter->run()
 8 SYSTEMPATH\Commands\Server\rewrite.php(46): require_once('FCPATH\\index.php')
CRITICAL - 2022-10-25 13:20:32 --> Invalid file: formloginkaryawan.php
in SYSTEMPATH\Exceptions\FrameworkException.php on line 33.
 1 SYSTEMPATH\View\View.php(201): CodeIgniter\Exceptions\FrameworkException::forInvalidFile('formloginkaryawan.php')
 2 SYSTEMPATH\Common.php(1142): CodeIgniter\View\View->render('formloginkaryawan', [], true)
 3 APPPATH\Controllers\LoginKaryawan.php(11): view('formloginkaryawan')
 4 SYSTEMPATH\CodeIgniter.php(902): App\Controllers\LoginKaryawan->index()
 5 SYSTEMPATH\CodeIgniter.php(457): CodeIgniter\CodeIgniter->runController(Object(App\Controllers\LoginKaryawan))
 6 SYSTEMPATH\CodeIgniter.php(340): CodeIgniter\CodeIgniter->handleRequest(null, Object(Config\Cache), false)
 7 FCPATH\index.php(67): CodeIgniter\CodeIgniter->run()
 8 SYSTEMPATH\Commands\Server\rewrite.php(46): require_once('FCPATH\\index.php')
CRITICAL - 2022-10-25 13:20:47 --> Invalid file: formloginadmin.php
in SYSTEMPATH\Exceptions\FrameworkException.php on line 33.
 1 SYSTEMPATH\View\View.php(201): CodeIgniter\Exceptions\FrameworkException::forInvalidFile('formloginadmin.php')
 2 SYSTEMPATH\Common.php(1142): CodeIgniter\View\View->render('formloginadmin', [], true)
 3 APPPATH\Controllers\LoginAdmin.php(11): view('formloginadmin')
 4 SYSTEMPATH\CodeIgniter.php(902): App\Controllers\LoginAdmin->index()
 5 SYSTEMPATH\CodeIgniter.php(457): CodeIgniter\CodeIgniter->runController(Object(App\Controllers\LoginAdmin))
 6 SYSTEMPATH\CodeIgniter.php(340): CodeIgniter\CodeIgniter->handleRequest(null, Object(Config\Cache), false)
 7 FCPATH\index.php(67): CodeIgniter\CodeIgniter->run()
 8 SYSTEMPATH\Commands\Server\rewrite.php(46): require_once('FCPATH\\index.php')
CRITICAL - 2022-10-25 13:21:50 --> Invalid file: formloginadmin.php
in SYSTEMPATH\Exceptions\FrameworkException.php on line 33.
 1 SYSTEMPATH\View\View.php(201): CodeIgniter\Exceptions\FrameworkException::forInvalidFile('formloginadmin.php')
 2 SYSTEMPATH\Common.php(1142): CodeIgniter\View\View->render('formloginadmin', [], true)
 3 APPPATH\Controllers\LoginAdmin.php(11): view('formloginadmin')
 4 SYSTEMPATH\CodeIgniter.php(902): App\Controllers\LoginAdmin->index()
 5 SYSTEMPATH\CodeIgniter.php(457): CodeIgniter\CodeIgniter->runController(Object(App\Controllers\LoginAdmin))
 6 SYSTEMPATH\CodeIgniter.php(340): CodeIgniter\CodeIgniter->handleRequest(null, Object(Config\Cache), false)
 7 FCPATH\index.php(67): CodeIgniter\CodeIgniter->run()
 8 SYSTEMPATH\Commands\Server\rewrite.php(46): require_once('FCPATH\\index.php')
CRITICAL - 2022-10-25 13:21:56 --> Invalid file: formloginkaryawan.php
in SYSTEMPATH\Exceptions\FrameworkException.php on line 33.
 1 SYSTEMPATH\View\View.php(201): CodeIgniter\Exceptions\FrameworkException::forInvalidFile('formloginkaryawan.php')
 2 SYSTEMPATH\Common.php(1142): CodeIgniter\View\View->render('formloginkaryawan', [], true)
 3 APPPATH\Controllers\LoginKaryawan.php(11): view('formloginkaryawan')
 4 SYSTEMPATH\CodeIgniter.php(902): App\Controllers\LoginKaryawan->index()
 5 SYSTEMPATH\CodeIgniter.php(457): CodeIgniter\CodeIgniter->runController(Object(App\Controllers\LoginKaryawan))
 6 SYSTEMPATH\CodeIgniter.php(340): CodeIgniter\CodeIgniter->handleRequest(null, Object(Config\Cache), false)
 7 FCPATH\index.php(67): CodeIgniter\CodeIgniter->run()
 8 SYSTEMPATH\Commands\Server\rewrite.php(46): require_once('FCPATH\\index.php')
CRITICAL - 2022-10-25 13:22:04 --> Invalid file: formloginadmin.php
in SYSTEMPATH\Exceptions\FrameworkException.php on line 33.
 1 SYSTEMPATH\View\View.php(201): CodeIgniter\Exceptions\FrameworkException::forInvalidFile('formloginadmin.php')
 2 SYSTEMPATH\Common.php(1142): CodeIgniter\View\View->render('formloginadmin', [], true)
 3 APPPATH\Controllers\LoginAdmin.php(11): view('formloginadmin')
 4 SYSTEMPATH\CodeIgniter.php(902): App\Controllers\LoginAdmin->index()
 5 SYSTEMPATH\CodeIgniter.php(457): CodeIgniter\CodeIgniter->runController(Object(App\Controllers\LoginAdmin))
 6 SYSTEMPATH\CodeIgniter.php(340): CodeIgniter\CodeIgniter->handleRequest(null, Object(Config\Cache), false)
 7 FCPATH\index.php(67): CodeIgniter\CodeIgniter->run()
 8 SYSTEMPATH\Commands\Server\rewrite.php(46): require_once('FCPATH\\index.php')
CRITICAL - 2022-10-25 13:24:03 --> Invalid file: formloginadmin.php
in SYSTEMPATH\Exceptions\FrameworkException.php on line 33.
 1 SYSTEMPATH\View\View.php(201): CodeIgniter\Exceptions\FrameworkException::forInvalidFile('formloginadmin.php')
 2 SYSTEMPATH\Common.php(1142): CodeIgniter\View\View->render('formloginadmin', [], true)
 3 APPPATH\Controllers\LoginAdmin.php(11): view('formloginadmin')
 4 SYSTEMPATH\CodeIgniter.php(902): App\Controllers\LoginAdmin->index()
 5 SYSTEMPATH\CodeIgniter.php(457): CodeIgniter\CodeIgniter->runController(Object(App\Controllers\LoginAdmin))
 6 SYSTEMPATH\CodeIgniter.php(340): CodeIgniter\CodeIgniter->handleRequest(null, Object(Config\Cache), false)
 7 FCPATH\index.php(67): CodeIgniter\CodeIgniter->run()
 8 SYSTEMPATH\Commands\Server\rewrite.php(46): require_once('FCPATH\\index.php')
CRITICAL - 2022-10-25 13:28:56 --> Undefined variable $member
in APPPATH\Views\pages\dashboardkaryawan.php on line 45.
 1 APPPATH\Views\pages\dashboardkaryawan.php(45): CodeIgniter\Debug\Exceptions->errorHandler(2, 'Undefined variable $member', 'APPPATH\\Views\\pages\\dashboardkaryawan.php', 45)
 2 SYSTEMPATH\View\View.php(213): include('APPPATH\\Views\\pages\\dashboardkaryawan.php')
 3 SYSTEMPATH\View\View.php(216): CodeIgniter\View\View->CodeIgniter\View\{closure}()
 4 SYSTEMPATH\Common.php(1142): CodeIgniter\View\View->render('pages/dashboardkaryawan', [], true)
 5 APPPATH\Controllers\Pages.php(26): view('pages/dashboardkaryawan')
 6 SYSTEMPATH\CodeIgniter.php(902): App\Controllers\Pages->view('dashboardkaryawan')
 7 SYSTEMPATH\CodeIgniter.php(457): CodeIgniter\CodeIgniter->runController(Object(App\Controllers\Pages))
 8 SYSTEMPATH\CodeIgniter.php(340): CodeIgniter\CodeIgniter->handleRequest(null, Object(Config\Cache), false)
 9 FCPATH\index.php(67): CodeIgniter\CodeIgniter->run()
10 SYSTEMPATH\Commands\Server\rewrite.php(46): require_once('FCPATH\\index.php')
