CRITICAL - 2022-11-15 06:11:08 --> Undefined variable $jumlah_Member
in APPPATH\Views\pages\dashboardadmin.php on line 10.
 1 APPPATH\Views\pages\dashboardadmin.php(10): CodeIgniter\Debug\Exceptions->errorHandler(2, 'Undefined variable $jumlah_Member', 'APPPATH\\Views\\pages\\dashboardadmin.php', 10)
 2 SYSTEMPATH\View\View.php(213): include('APPPATH\\Views\\pages\\dashboardadmin.php')
 3 SYSTEMPATH\View\View.php(216): CodeIgniter\View\View->CodeIgniter\View\{closure}()
 4 SYSTEMPATH\Common.php(1134): CodeIgniter\View\View->render('pages/dashboardadmin', [], true)
 5 APPPATH\Controllers\Pages.php(26): view('pages/dashboardadmin')
 6 SYSTEMPATH\CodeIgniter.php(927): App\Controllers\Pages->view('dashboardadmin')
 7 SYSTEMPATH\CodeIgniter.php(482): CodeIgniter\CodeIgniter->runController(Object(App\Controllers\Pages))
 8 SYSTEMPATH\CodeIgniter.php(351): CodeIgniter\CodeIgniter->handleRequest(null, Object(Config\Cache), false)
 9 FCPATH\index.php(67): CodeIgniter\CodeIgniter->run()
10 SYSTEMPATH\Commands\Server\rewrite.php(46): require_once('FCPATH\\index.php')
CRITICAL - 2022-11-15 06:11:41 --> Undefined variable $jumlah_Member
in APPPATH\Views\pages\dashboardadmin.php on line 10.
 1 APPPATH\Views\pages\dashboardadmin.php(10): CodeIgniter\Debug\Exceptions->errorHandler(2, 'Undefined variable $jumlah_Member', 'APPPATH\\Views\\pages\\dashboardadmin.php', 10)
 2 SYSTEMPATH\View\View.php(213): include('APPPATH\\Views\\pages\\dashboardadmin.php')
 3 SYSTEMPATH\View\View.php(216): CodeIgniter\View\View->CodeIgniter\View\{closure}()
 4 SYSTEMPATH\Common.php(1134): CodeIgniter\View\View->render('pages/dashboardadmin', [], true)
 5 APPPATH\Controllers\Pages.php(26): view('pages/dashboardadmin')
 6 SYSTEMPATH\CodeIgniter.php(927): App\Controllers\Pages->view('dashboardadmin')
 7 SYSTEMPATH\CodeIgniter.php(482): CodeIgniter\CodeIgniter->runController(Object(App\Controllers\Pages))
 8 SYSTEMPATH\CodeIgniter.php(351): CodeIgniter\CodeIgniter->handleRequest(null, Object(Config\Cache), false)
 9 FCPATH\index.php(67): CodeIgniter\CodeIgniter->run()
10 SYSTEMPATH\Commands\Server\rewrite.php(46): require_once('FCPATH\\index.php')
CRITICAL - 2022-11-15 06:11:43 --> Undefined variable $jumlah_Member
in APPPATH\Views\pages\dashboardadmin.php on line 10.
 1 APPPATH\Views\pages\dashboardadmin.php(10): CodeIgniter\Debug\Exceptions->errorHandler(2, 'Undefined variable $jumlah_Member', 'APPPATH\\Views\\pages\\dashboardadmin.php', 10)
 2 SYSTEMPATH\View\View.php(213): include('APPPATH\\Views\\pages\\dashboardadmin.php')
 3 SYSTEMPATH\View\View.php(216): CodeIgniter\View\View->CodeIgniter\View\{closure}()
 4 SYSTEMPATH\Common.php(1134): CodeIgniter\View\View->render('pages/dashboardadmin', [], true)
 5 APPPATH\Controllers\Pages.php(26): view('pages/dashboardadmin')
 6 SYSTEMPATH\CodeIgniter.php(927): App\Controllers\Pages->view('dashboardadmin')
 7 SYSTEMPATH\CodeIgniter.php(482): CodeIgniter\CodeIgniter->runController(Object(App\Controllers\Pages))
 8 SYSTEMPATH\CodeIgniter.php(351): CodeIgniter\CodeIgniter->handleRequest(null, Object(Config\Cache), false)
 9 FCPATH\index.php(67): CodeIgniter\CodeIgniter->run()
10 SYSTEMPATH\Commands\Server\rewrite.php(46): require_once('FCPATH\\index.php')
CRITICAL - 2022-11-15 06:12:30 --> Undefined variable $jumlah_Karyawan
in APPPATH\Views\pages\dashboardadmin.php on line 22.
 1 APPPATH\Views\pages\dashboardadmin.php(22): CodeIgniter\Debug\Exceptions->errorHandler(2, 'Undefined variable $jumlah_Karyawan', 'APPPATH\\Views\\pages\\dashboardadmin.php', 22)
 2 SYSTEMPATH\View\View.php(213): include('APPPATH\\Views\\pages\\dashboardadmin.php')
 3 SYSTEMPATH\View\View.php(216): CodeIgniter\View\View->CodeIgniter\View\{closure}()
 4 SYSTEMPATH\Common.php(1134): CodeIgniter\View\View->render('pages/dashboardadmin', [], true)
 5 APPPATH\Controllers\Pages.php(26): view('pages/dashboardadmin')
 6 SYSTEMPATH\CodeIgniter.php(927): App\Controllers\Pages->view('dashboardadmin')
 7 SYSTEMPATH\CodeIgniter.php(482): CodeIgniter\CodeIgniter->runController(Object(App\Controllers\Pages))
 8 SYSTEMPATH\CodeIgniter.php(351): CodeIgniter\CodeIgniter->handleRequest(null, Object(Config\Cache), false)
 9 FCPATH\index.php(67): CodeIgniter\CodeIgniter->run()
10 SYSTEMPATH\Commands\Server\rewrite.php(46): require_once('FCPATH\\index.php')
CRITICAL - 2022-11-15 06:15:43 --> Undefined variable $jumlah_Member
in APPPATH\Views\pages\dashboardadmin.php on line 10.
 1 APPPATH\Views\pages\dashboardadmin.php(10): CodeIgniter\Debug\Exceptions->errorHandler(2, 'Undefined variable $jumlah_Member', 'APPPATH\\Views\\pages\\dashboardadmin.php', 10)
 2 SYSTEMPATH\View\View.php(213): include('APPPATH\\Views\\pages\\dashboardadmin.php')
 3 SYSTEMPATH\View\View.php(216): CodeIgniter\View\View->CodeIgniter\View\{closure}()
 4 SYSTEMPATH\Common.php(1134): CodeIgniter\View\View->render('pages/dashboardadmin', [], true)
 5 APPPATH\Controllers\Pages.php(26): view('pages/dashboardadmin')
 6 SYSTEMPATH\CodeIgniter.php(927): App\Controllers\Pages->view('dashboardadmin')
 7 SYSTEMPATH\CodeIgniter.php(482): CodeIgniter\CodeIgniter->runController(Object(App\Controllers\Pages))
 8 SYSTEMPATH\CodeIgniter.php(351): CodeIgniter\CodeIgniter->handleRequest(null, Object(Config\Cache), false)
 9 FCPATH\index.php(67): CodeIgniter\CodeIgniter->run()
10 SYSTEMPATH\Commands\Server\rewrite.php(46): require_once('FCPATH\\index.php')
CRITICAL - 2022-11-15 06:17:16 --> Undefined variable $jumlah_Karyawan
in APPPATH\Views\pages\dashboardadmin.php on line 10.
 1 APPPATH\Views\pages\dashboardadmin.php(10): CodeIgniter\Debug\Exceptions->errorHandler(2, 'Undefined variable $jumlah_Karyawan', 'APPPATH\\Views\\pages\\dashboardadmin.php', 10)
 2 SYSTEMPATH\View\View.php(213): include('APPPATH\\Views\\pages\\dashboardadmin.php')
 3 SYSTEMPATH\View\View.php(216): CodeIgniter\View\View->CodeIgniter\View\{closure}()
 4 SYSTEMPATH\Common.php(1134): CodeIgniter\View\View->render('pages/dashboardadmin', [], true)
 5 APPPATH\Controllers\Pages.php(26): view('pages/dashboardadmin')
 6 SYSTEMPATH\CodeIgniter.php(927): App\Controllers\Pages->view('dashboardadmin')
 7 SYSTEMPATH\CodeIgniter.php(482): CodeIgniter\CodeIgniter->runController(Object(App\Controllers\Pages))
 8 SYSTEMPATH\CodeIgniter.php(351): CodeIgniter\CodeIgniter->handleRequest(null, Object(Config\Cache), false)
 9 FCPATH\index.php(67): CodeIgniter\CodeIgniter->run()
10 SYSTEMPATH\Commands\Server\rewrite.php(46): require_once('FCPATH\\index.php')
CRITICAL - 2022-11-15 06:19:45 --> Undefined variable $jumlah_Karyawan
in APPPATH\Views\pages\dashboardadmin.php on line 10.
 1 APPPATH\Views\pages\dashboardadmin.php(10): CodeIgniter\Debug\Exceptions->errorHandler(2, 'Undefined variable $jumlah_Karyawan', 'APPPATH\\Views\\pages\\dashboardadmin.php', 10)
 2 SYSTEMPATH\View\View.php(213): include('APPPATH\\Views\\pages\\dashboardadmin.php')
 3 SYSTEMPATH\View\View.php(216): CodeIgniter\View\View->CodeIgniter\View\{closure}()
 4 SYSTEMPATH\Common.php(1134): CodeIgniter\View\View->render('pages/dashboardadmin', [], true)
 5 APPPATH\Controllers\Pages.php(26): view('pages/dashboardadmin')
 6 SYSTEMPATH\CodeIgniter.php(927): App\Controllers\Pages->view('dashboardadmin')
 7 SYSTEMPATH\CodeIgniter.php(482): CodeIgniter\CodeIgniter->runController(Object(App\Controllers\Pages))
 8 SYSTEMPATH\CodeIgniter.php(351): CodeIgniter\CodeIgniter->handleRequest(null, Object(Config\Cache), false)
 9 FCPATH\index.php(67): CodeIgniter\CodeIgniter->run()
10 SYSTEMPATH\Commands\Server\rewrite.php(46): require_once('FCPATH\\index.php')
CRITICAL - 2022-11-15 06:19:47 --> Undefined variable $jumlah_Karyawan
in APPPATH\Views\pages\dashboardadmin.php on line 10.
 1 APPPATH\Views\pages\dashboardadmin.php(10): CodeIgniter\Debug\Exceptions->errorHandler(2, 'Undefined variable $jumlah_Karyawan', 'APPPATH\\Views\\pages\\dashboardadmin.php', 10)
 2 SYSTEMPATH\View\View.php(213): include('APPPATH\\Views\\pages\\dashboardadmin.php')
 3 SYSTEMPATH\View\View.php(216): CodeIgniter\View\View->CodeIgniter\View\{closure}()
 4 SYSTEMPATH\Common.php(1134): CodeIgniter\View\View->render('pages/dashboardadmin', [], true)
 5 APPPATH\Controllers\Pages.php(26): view('pages/dashboardadmin')
 6 SYSTEMPATH\CodeIgniter.php(927): App\Controllers\Pages->view('dashboardadmin')
 7 SYSTEMPATH\CodeIgniter.php(482): CodeIgniter\CodeIgniter->runController(Object(App\Controllers\Pages))
 8 SYSTEMPATH\CodeIgniter.php(351): CodeIgniter\CodeIgniter->handleRequest(null, Object(Config\Cache), false)
 9 FCPATH\index.php(67): CodeIgniter\CodeIgniter->run()
10 SYSTEMPATH\Commands\Server\rewrite.php(46): require_once('FCPATH\\index.php')
CRITICAL - 2022-11-15 06:19:48 --> Undefined variable $jumlah_Karyawan
in APPPATH\Views\pages\dashboardadmin.php on line 10.
 1 APPPATH\Views\pages\dashboardadmin.php(10): CodeIgniter\Debug\Exceptions->errorHandler(2, 'Undefined variable $jumlah_Karyawan', 'APPPATH\\Views\\pages\\dashboardadmin.php', 10)
 2 SYSTEMPATH\View\View.php(213): include('APPPATH\\Views\\pages\\dashboardadmin.php')
 3 SYSTEMPATH\View\View.php(216): CodeIgniter\View\View->CodeIgniter\View\{closure}()
 4 SYSTEMPATH\Common.php(1134): CodeIgniter\View\View->render('pages/dashboardadmin', [], true)
 5 APPPATH\Controllers\Pages.php(26): view('pages/dashboardadmin')
 6 SYSTEMPATH\CodeIgniter.php(927): App\Controllers\Pages->view('dashboardadmin')
 7 SYSTEMPATH\CodeIgniter.php(482): CodeIgniter\CodeIgniter->runController(Object(App\Controllers\Pages))
 8 SYSTEMPATH\CodeIgniter.php(351): CodeIgniter\CodeIgniter->handleRequest(null, Object(Config\Cache), false)
 9 FCPATH\index.php(67): CodeIgniter\CodeIgniter->run()
10 SYSTEMPATH\Commands\Server\rewrite.php(46): require_once('FCPATH\\index.php')
CRITICAL - 2022-11-15 06:22:05 --> Undefined variable $jumlah_Karyawan
in APPPATH\Views\pages\dashboardadmin.php on line 10.
 1 APPPATH\Views\pages\dashboardadmin.php(10): CodeIgniter\Debug\Exceptions->errorHandler(2, 'Undefined variable $jumlah_Karyawan', 'APPPATH\\Views\\pages\\dashboardadmin.php', 10)
 2 SYSTEMPATH\View\View.php(213): include('APPPATH\\Views\\pages\\dashboardadmin.php')
 3 SYSTEMPATH\View\View.php(216): CodeIgniter\View\View->CodeIgniter\View\{closure}()
 4 SYSTEMPATH\Common.php(1134): CodeIgniter\View\View->render('pages/dashboardadmin', [], true)
 5 APPPATH\Controllers\Pages.php(26): view('pages/dashboardadmin')
 6 SYSTEMPATH\CodeIgniter.php(927): App\Controllers\Pages->view('dashboardadmin')
 7 SYSTEMPATH\CodeIgniter.php(482): CodeIgniter\CodeIgniter->runController(Object(App\Controllers\Pages))
 8 SYSTEMPATH\CodeIgniter.php(351): CodeIgniter\CodeIgniter->handleRequest(null, Object(Config\Cache), false)
 9 FCPATH\index.php(67): CodeIgniter\CodeIgniter->run()
10 SYSTEMPATH\Commands\Server\rewrite.php(46): require_once('FCPATH\\index.php')
CRITICAL - 2022-11-15 06:22:07 --> Undefined variable $jumlah_Karyawan
in APPPATH\Views\pages\dashboardadmin.php on line 10.
 1 APPPATH\Views\pages\dashboardadmin.php(10): CodeIgniter\Debug\Exceptions->errorHandler(2, 'Undefined variable $jumlah_Karyawan', 'APPPATH\\Views\\pages\\dashboardadmin.php', 10)
 2 SYSTEMPATH\View\View.php(213): include('APPPATH\\Views\\pages\\dashboardadmin.php')
 3 SYSTEMPATH\View\View.php(216): CodeIgniter\View\View->CodeIgniter\View\{closure}()
 4 SYSTEMPATH\Common.php(1134): CodeIgniter\View\View->render('pages/dashboardadmin', [], true)
 5 APPPATH\Controllers\Pages.php(26): view('pages/dashboardadmin')
 6 SYSTEMPATH\CodeIgniter.php(927): App\Controllers\Pages->view('dashboardadmin')
 7 SYSTEMPATH\CodeIgniter.php(482): CodeIgniter\CodeIgniter->runController(Object(App\Controllers\Pages))
 8 SYSTEMPATH\CodeIgniter.php(351): CodeIgniter\CodeIgniter->handleRequest(null, Object(Config\Cache), false)
 9 FCPATH\index.php(67): CodeIgniter\CodeIgniter->run()
10 SYSTEMPATH\Commands\Server\rewrite.php(46): require_once('FCPATH\\index.php')
CRITICAL - 2022-11-15 06:22:08 --> Undefined variable $jumlah_Karyawan
in APPPATH\Views\pages\dashboardadmin.php on line 10.
 1 APPPATH\Views\pages\dashboardadmin.php(10): CodeIgniter\Debug\Exceptions->errorHandler(2, 'Undefined variable $jumlah_Karyawan', 'APPPATH\\Views\\pages\\dashboardadmin.php', 10)
 2 SYSTEMPATH\View\View.php(213): include('APPPATH\\Views\\pages\\dashboardadmin.php')
 3 SYSTEMPATH\View\View.php(216): CodeIgniter\View\View->CodeIgniter\View\{closure}()
 4 SYSTEMPATH\Common.php(1134): CodeIgniter\View\View->render('pages/dashboardadmin', [], true)
 5 APPPATH\Controllers\Pages.php(26): view('pages/dashboardadmin')
 6 SYSTEMPATH\CodeIgniter.php(927): App\Controllers\Pages->view('dashboardadmin')
 7 SYSTEMPATH\CodeIgniter.php(482): CodeIgniter\CodeIgniter->runController(Object(App\Controllers\Pages))
 8 SYSTEMPATH\CodeIgniter.php(351): CodeIgniter\CodeIgniter->handleRequest(null, Object(Config\Cache), false)
 9 FCPATH\index.php(67): CodeIgniter\CodeIgniter->run()
10 SYSTEMPATH\Commands\Server\rewrite.php(46): require_once('FCPATH\\index.php')
CRITICAL - 2022-11-15 06:22:09 --> Undefined variable $jumlah_Karyawan
in APPPATH\Views\pages\dashboardadmin.php on line 10.
 1 APPPATH\Views\pages\dashboardadmin.php(10): CodeIgniter\Debug\Exceptions->errorHandler(2, 'Undefined variable $jumlah_Karyawan', 'APPPATH\\Views\\pages\\dashboardadmin.php', 10)
 2 SYSTEMPATH\View\View.php(213): include('APPPATH\\Views\\pages\\dashboardadmin.php')
 3 SYSTEMPATH\View\View.php(216): CodeIgniter\View\View->CodeIgniter\View\{closure}()
 4 SYSTEMPATH\Common.php(1134): CodeIgniter\View\View->render('pages/dashboardadmin', [], true)
 5 APPPATH\Controllers\Pages.php(26): view('pages/dashboardadmin')
 6 SYSTEMPATH\CodeIgniter.php(927): App\Controllers\Pages->view('dashboardadmin')
 7 SYSTEMPATH\CodeIgniter.php(482): CodeIgniter\CodeIgniter->runController(Object(App\Controllers\Pages))
 8 SYSTEMPATH\CodeIgniter.php(351): CodeIgniter\CodeIgniter->handleRequest(null, Object(Config\Cache), false)
 9 FCPATH\index.php(67): CodeIgniter\CodeIgniter->run()
10 SYSTEMPATH\Commands\Server\rewrite.php(46): require_once('FCPATH\\index.php')
CRITICAL - 2022-11-15 06:22:10 --> Undefined variable $jumlah_Karyawan
in APPPATH\Views\pages\dashboardadmin.php on line 10.
 1 APPPATH\Views\pages\dashboardadmin.php(10): CodeIgniter\Debug\Exceptions->errorHandler(2, 'Undefined variable $jumlah_Karyawan', 'APPPATH\\Views\\pages\\dashboardadmin.php', 10)
 2 SYSTEMPATH\View\View.php(213): include('APPPATH\\Views\\pages\\dashboardadmin.php')
 3 SYSTEMPATH\View\View.php(216): CodeIgniter\View\View->CodeIgniter\View\{closure}()
 4 SYSTEMPATH\Common.php(1134): CodeIgniter\View\View->render('pages/dashboardadmin', [], true)
 5 APPPATH\Controllers\Pages.php(26): view('pages/dashboardadmin')
 6 SYSTEMPATH\CodeIgniter.php(927): App\Controllers\Pages->view('dashboardadmin')
 7 SYSTEMPATH\CodeIgniter.php(482): CodeIgniter\CodeIgniter->runController(Object(App\Controllers\Pages))
 8 SYSTEMPATH\CodeIgniter.php(351): CodeIgniter\CodeIgniter->handleRequest(null, Object(Config\Cache), false)
 9 FCPATH\index.php(67): CodeIgniter\CodeIgniter->run()
10 SYSTEMPATH\Commands\Server\rewrite.php(46): require_once('FCPATH\\index.php')
CRITICAL - 2022-11-15 06:28:26 --> Undefined variable $jumlah_Karyawan
in APPPATH\Views\pages\dashboardadmin.php on line 10.
 1 APPPATH\Views\pages\dashboardadmin.php(10): CodeIgniter\Debug\Exceptions->errorHandler(2, 'Undefined variable $jumlah_Karyawan', 'APPPATH\\Views\\pages\\dashboardadmin.php', 10)
 2 SYSTEMPATH\View\View.php(213): include('APPPATH\\Views\\pages\\dashboardadmin.php')
 3 SYSTEMPATH\View\View.php(216): CodeIgniter\View\View->CodeIgniter\View\{closure}()
 4 SYSTEMPATH\Common.php(1134): CodeIgniter\View\View->render('pages/dashboardadmin', [], true)
 5 APPPATH\Controllers\Pages.php(26): view('pages/dashboardadmin')
 6 SYSTEMPATH\CodeIgniter.php(927): App\Controllers\Pages->view('dashboardadmin')
 7 SYSTEMPATH\CodeIgniter.php(482): CodeIgniter\CodeIgniter->runController(Object(App\Controllers\Pages))
 8 SYSTEMPATH\CodeIgniter.php(351): CodeIgniter\CodeIgniter->handleRequest(null, Object(Config\Cache), false)
 9 FCPATH\index.php(67): CodeIgniter\CodeIgniter->run()
10 SYSTEMPATH\Commands\Server\rewrite.php(46): require_once('FCPATH\\index.php')
CRITICAL - 2022-11-15 06:28:29 --> Undefined variable $jumlah_Karyawan
in APPPATH\Views\pages\dashboardadmin.php on line 10.
 1 APPPATH\Views\pages\dashboardadmin.php(10): CodeIgniter\Debug\Exceptions->errorHandler(2, 'Undefined variable $jumlah_Karyawan', 'APPPATH\\Views\\pages\\dashboardadmin.php', 10)
 2 SYSTEMPATH\View\View.php(213): include('APPPATH\\Views\\pages\\dashboardadmin.php')
 3 SYSTEMPATH\View\View.php(216): CodeIgniter\View\View->CodeIgniter\View\{closure}()
 4 SYSTEMPATH\Common.php(1134): CodeIgniter\View\View->render('pages/dashboardadmin', [], true)
 5 APPPATH\Controllers\Pages.php(26): view('pages/dashboardadmin')
 6 SYSTEMPATH\CodeIgniter.php(927): App\Controllers\Pages->view('dashboardadmin')
 7 SYSTEMPATH\CodeIgniter.php(482): CodeIgniter\CodeIgniter->runController(Object(App\Controllers\Pages))
 8 SYSTEMPATH\CodeIgniter.php(351): CodeIgniter\CodeIgniter->handleRequest(null, Object(Config\Cache), false)
 9 FCPATH\index.php(67): CodeIgniter\CodeIgniter->run()
10 SYSTEMPATH\Commands\Server\rewrite.php(46): require_once('FCPATH\\index.php')
CRITICAL - 2022-11-15 06:28:30 --> Undefined variable $jumlah_Karyawan
in APPPATH\Views\pages\dashboardadmin.php on line 10.
 1 APPPATH\Views\pages\dashboardadmin.php(10): CodeIgniter\Debug\Exceptions->errorHandler(2, 'Undefined variable $jumlah_Karyawan', 'APPPATH\\Views\\pages\\dashboardadmin.php', 10)
 2 SYSTEMPATH\View\View.php(213): include('APPPATH\\Views\\pages\\dashboardadmin.php')
 3 SYSTEMPATH\View\View.php(216): CodeIgniter\View\View->CodeIgniter\View\{closure}()
 4 SYSTEMPATH\Common.php(1134): CodeIgniter\View\View->render('pages/dashboardadmin', [], true)
 5 APPPATH\Controllers\Pages.php(26): view('pages/dashboardadmin')
 6 SYSTEMPATH\CodeIgniter.php(927): App\Controllers\Pages->view('dashboardadmin')
 7 SYSTEMPATH\CodeIgniter.php(482): CodeIgniter\CodeIgniter->runController(Object(App\Controllers\Pages))
 8 SYSTEMPATH\CodeIgniter.php(351): CodeIgniter\CodeIgniter->handleRequest(null, Object(Config\Cache), false)
 9 FCPATH\index.php(67): CodeIgniter\CodeIgniter->run()
10 SYSTEMPATH\Commands\Server\rewrite.php(46): require_once('FCPATH\\index.php')
CRITICAL - 2022-11-15 06:30:46 --> Undefined variable $jumlah_Karyawan
in APPPATH\Views\pages\dashboardadmin.php on line 10.
 1 APPPATH\Views\pages\dashboardadmin.php(10): CodeIgniter\Debug\Exceptions->errorHandler(2, 'Undefined variable $jumlah_Karyawan', 'APPPATH\\Views\\pages\\dashboardadmin.php', 10)
 2 SYSTEMPATH\View\View.php(213): include('APPPATH\\Views\\pages\\dashboardadmin.php')
 3 SYSTEMPATH\View\View.php(216): CodeIgniter\View\View->CodeIgniter\View\{closure}()
 4 SYSTEMPATH\Common.php(1134): CodeIgniter\View\View->render('pages/dashboardadmin', [], true)
 5 APPPATH\Controllers\Pages.php(26): view('pages/dashboardadmin')
 6 SYSTEMPATH\CodeIgniter.php(927): App\Controllers\Pages->view('dashboardadmin')
 7 SYSTEMPATH\CodeIgniter.php(482): CodeIgniter\CodeIgniter->runController(Object(App\Controllers\Pages))
 8 SYSTEMPATH\CodeIgniter.php(351): CodeIgniter\CodeIgniter->handleRequest(null, Object(Config\Cache), false)
 9 FCPATH\index.php(67): CodeIgniter\CodeIgniter->run()
10 SYSTEMPATH\Commands\Server\rewrite.php(46): require_once('FCPATH\\index.php')
CRITICAL - 2022-11-15 06:30:49 --> Undefined variable $jumlah_Karyawan
in APPPATH\Views\pages\dashboardadmin.php on line 10.
 1 APPPATH\Views\pages\dashboardadmin.php(10): CodeIgniter\Debug\Exceptions->errorHandler(2, 'Undefined variable $jumlah_Karyawan', 'APPPATH\\Views\\pages\\dashboardadmin.php', 10)
 2 SYSTEMPATH\View\View.php(213): include('APPPATH\\Views\\pages\\dashboardadmin.php')
 3 SYSTEMPATH\View\View.php(216): CodeIgniter\View\View->CodeIgniter\View\{closure}()
 4 SYSTEMPATH\Common.php(1134): CodeIgniter\View\View->render('pages/dashboardadmin', [], true)
 5 APPPATH\Controllers\Pages.php(26): view('pages/dashboardadmin')
 6 SYSTEMPATH\CodeIgniter.php(927): App\Controllers\Pages->view('dashboardadmin')
 7 SYSTEMPATH\CodeIgniter.php(482): CodeIgniter\CodeIgniter->runController(Object(App\Controllers\Pages))
 8 SYSTEMPATH\CodeIgniter.php(351): CodeIgniter\CodeIgniter->handleRequest(null, Object(Config\Cache), false)
 9 FCPATH\index.php(67): CodeIgniter\CodeIgniter->run()
10 SYSTEMPATH\Commands\Server\rewrite.php(46): require_once('FCPATH\\index.php')
CRITICAL - 2022-11-15 06:30:51 --> Undefined variable $jumlah_Karyawan
in APPPATH\Views\pages\dashboardadmin.php on line 10.
 1 APPPATH\Views\pages\dashboardadmin.php(10): CodeIgniter\Debug\Exceptions->errorHandler(2, 'Undefined variable $jumlah_Karyawan', 'APPPATH\\Views\\pages\\dashboardadmin.php', 10)
 2 SYSTEMPATH\View\View.php(213): include('APPPATH\\Views\\pages\\dashboardadmin.php')
 3 SYSTEMPATH\View\View.php(216): CodeIgniter\View\View->CodeIgniter\View\{closure}()
 4 SYSTEMPATH\Common.php(1134): CodeIgniter\View\View->render('pages/dashboardadmin', [], true)
 5 APPPATH\Controllers\Pages.php(26): view('pages/dashboardadmin')
 6 SYSTEMPATH\CodeIgniter.php(927): App\Controllers\Pages->view('dashboardadmin')
 7 SYSTEMPATH\CodeIgniter.php(482): CodeIgniter\CodeIgniter->runController(Object(App\Controllers\Pages))
 8 SYSTEMPATH\CodeIgniter.php(351): CodeIgniter\CodeIgniter->handleRequest(null, Object(Config\Cache), false)
 9 FCPATH\index.php(67): CodeIgniter\CodeIgniter->run()
10 SYSTEMPATH\Commands\Server\rewrite.php(46): require_once('FCPATH\\index.php')
CRITICAL - 2022-11-15 06:33:05 --> Undefined variable $jumlah_Karyawan
in APPPATH\Views\pages\dashboardadmin.php on line 10.
 1 APPPATH\Views\pages\dashboardadmin.php(10): CodeIgniter\Debug\Exceptions->errorHandler(2, 'Undefined variable $jumlah_Karyawan', 'APPPATH\\Views\\pages\\dashboardadmin.php', 10)
 2 SYSTEMPATH\View\View.php(213): include('APPPATH\\Views\\pages\\dashboardadmin.php')
 3 SYSTEMPATH\View\View.php(216): CodeIgniter\View\View->CodeIgniter\View\{closure}()
 4 SYSTEMPATH\Common.php(1134): CodeIgniter\View\View->render('pages/dashboardadmin', [], true)
 5 APPPATH\Controllers\Pages.php(26): view('pages/dashboardadmin')
 6 SYSTEMPATH\CodeIgniter.php(927): App\Controllers\Pages->view('dashboardadmin')
 7 SYSTEMPATH\CodeIgniter.php(482): CodeIgniter\CodeIgniter->runController(Object(App\Controllers\Pages))
 8 SYSTEMPATH\CodeIgniter.php(351): CodeIgniter\CodeIgniter->handleRequest(null, Object(Config\Cache), false)
 9 FCPATH\index.php(67): CodeIgniter\CodeIgniter->run()
10 SYSTEMPATH\Commands\Server\rewrite.php(46): require_once('FCPATH\\index.php')
