CRITICAL - 2022-10-17 22:48:14 --> Invalid file: pages/h.php
in SYSTEMPATH\Exceptions\FrameworkException.php on line 33.
 1 SYSTEMPATH\View\View.php(201): CodeIgniter\Exceptions\FrameworkException::forInvalidFile('pages/h.php')
 2 SYSTEMPATH\Common.php(1142): CodeIgniter\View\View->render('pages/h', [], true)
 3 APPPATH\Views\pages\dashboardkaryawan.php(1): view('pages/h')
 4 SYSTEMPATH\View\View.php(213): include('APPPATH\\Views\\pages\\dashboardkaryawan.php')
 5 SYSTEMPATH\View\View.php(216): CodeIgniter\View\View->CodeIgniter\View\{closure}()
 6 SYSTEMPATH\Common.php(1142): CodeIgniter\View\View->render('pages/dashboardkaryawan', [], true)
 7 APPPATH\Controllers\Pages.php(26): view('pages/dashboardkaryawan')
 8 SYSTEMPATH\CodeIgniter.php(902): App\Controllers\Pages->view('dashboardkaryawan')
 9 SYSTEMPATH\CodeIgniter.php(457): CodeIgniter\CodeIgniter->runController(Object(App\Controllers\Pages))
10 SYSTEMPATH\CodeIgniter.php(340): CodeIgniter\CodeIgniter->handleRequest(null, Object(Config\Cache), false)
11 FCPATH\index.php(67): CodeIgniter\CodeIgniter->run()
12 SYSTEMPATH\Commands\Server\rewrite.php(46): require_once('FCPATH\\index.php')
CRITICAL - 2022-10-17 22:51:35 --> Invalid file: pages/h.php
in SYSTEMPATH\Exceptions\FrameworkException.php on line 33.
 1 SYSTEMPATH\View\View.php(201): CodeIgniter\Exceptions\FrameworkException::forInvalidFile('pages/h.php')
 2 SYSTEMPATH\Common.php(1142): CodeIgniter\View\View->render('pages/h', [], true)
 3 APPPATH\Views\pages\dashboardkaryawan.php(1): view('pages/h')
 4 SYSTEMPATH\View\View.php(213): include('APPPATH\\Views\\pages\\dashboardkaryawan.php')
 5 SYSTEMPATH\View\View.php(216): CodeIgniter\View\View->CodeIgniter\View\{closure}()
 6 SYSTEMPATH\Common.php(1142): CodeIgniter\View\View->render('pages/dashboardkaryawan', [], true)
 7 APPPATH\Controllers\Pages.php(26): view('pages/dashboardkaryawan')
 8 SYSTEMPATH\CodeIgniter.php(902): App\Controllers\Pages->view('dashboardkaryawan')
 9 SYSTEMPATH\CodeIgniter.php(457): CodeIgniter\CodeIgniter->runController(Object(App\Controllers\Pages))
10 SYSTEMPATH\CodeIgniter.php(340): CodeIgniter\CodeIgniter->handleRequest(null, Object(Config\Cache), false)
11 FCPATH\index.php(67): CodeIgniter\CodeIgniter->run()
12 SYSTEMPATH\Commands\Server\rewrite.php(46): require_once('FCPATH\\index.php')
CRITICAL - 2022-10-17 22:51:36 --> Invalid file: pages/h.php
in SYSTEMPATH\Exceptions\FrameworkException.php on line 33.
 1 SYSTEMPATH\View\View.php(201): CodeIgniter\Exceptions\FrameworkException::forInvalidFile('pages/h.php')
 2 SYSTEMPATH\Common.php(1142): CodeIgniter\View\View->render('pages/h', [], true)
 3 APPPATH\Views\pages\dashboardkaryawan.php(1): view('pages/h')
 4 SYSTEMPATH\View\View.php(213): include('APPPATH\\Views\\pages\\dashboardkaryawan.php')
 5 SYSTEMPATH\View\View.php(216): CodeIgniter\View\View->CodeIgniter\View\{closure}()
 6 SYSTEMPATH\Common.php(1142): CodeIgniter\View\View->render('pages/dashboardkaryawan', [], true)
 7 APPPATH\Controllers\Pages.php(26): view('pages/dashboardkaryawan')
 8 SYSTEMPATH\CodeIgniter.php(902): App\Controllers\Pages->view('dashboardkaryawan')
 9 SYSTEMPATH\CodeIgniter.php(457): CodeIgniter\CodeIgniter->runController(Object(App\Controllers\Pages))
10 SYSTEMPATH\CodeIgniter.php(340): CodeIgniter\CodeIgniter->handleRequest(null, Object(Config\Cache), false)
11 FCPATH\index.php(67): CodeIgniter\CodeIgniter->run()
12 SYSTEMPATH\Commands\Server\rewrite.php(46): require_once('FCPATH\\index.php')
CRITICAL - 2022-10-17 22:51:37 --> Invalid file: pages/h.php
in SYSTEMPATH\Exceptions\FrameworkException.php on line 33.
 1 SYSTEMPATH\View\View.php(201): CodeIgniter\Exceptions\FrameworkException::forInvalidFile('pages/h.php')
 2 SYSTEMPATH\Common.php(1142): CodeIgniter\View\View->render('pages/h', [], true)
 3 APPPATH\Views\pages\dashboardkaryawan.php(1): view('pages/h')
 4 SYSTEMPATH\View\View.php(213): include('APPPATH\\Views\\pages\\dashboardkaryawan.php')
 5 SYSTEMPATH\View\View.php(216): CodeIgniter\View\View->CodeIgniter\View\{closure}()
 6 SYSTEMPATH\Common.php(1142): CodeIgniter\View\View->render('pages/dashboardkaryawan', [], true)
 7 APPPATH\Controllers\Pages.php(26): view('pages/dashboardkaryawan')
 8 SYSTEMPATH\CodeIgniter.php(902): App\Controllers\Pages->view('dashboardkaryawan')
 9 SYSTEMPATH\CodeIgniter.php(457): CodeIgniter\CodeIgniter->runController(Object(App\Controllers\Pages))
10 SYSTEMPATH\CodeIgniter.php(340): CodeIgniter\CodeIgniter->handleRequest(null, Object(Config\Cache), false)
11 FCPATH\index.php(67): CodeIgniter\CodeIgniter->run()
12 SYSTEMPATH\Commands\Server\rewrite.php(46): require_once('FCPATH\\index.php')
CRITICAL - 2022-10-17 22:51:39 --> Invalid file: pages/h.php
in SYSTEMPATH\Exceptions\FrameworkException.php on line 33.
 1 SYSTEMPATH\View\View.php(201): CodeIgniter\Exceptions\FrameworkException::forInvalidFile('pages/h.php')
 2 SYSTEMPATH\Common.php(1142): CodeIgniter\View\View->render('pages/h', [], true)
 3 APPPATH\Views\pages\dashboardkaryawan.php(1): view('pages/h')
 4 SYSTEMPATH\View\View.php(213): include('APPPATH\\Views\\pages\\dashboardkaryawan.php')
 5 SYSTEMPATH\View\View.php(216): CodeIgniter\View\View->CodeIgniter\View\{closure}()
 6 SYSTEMPATH\Common.php(1142): CodeIgniter\View\View->render('pages/dashboardkaryawan', [], true)
 7 APPPATH\Controllers\Pages.php(26): view('pages/dashboardkaryawan')
 8 SYSTEMPATH\CodeIgniter.php(902): App\Controllers\Pages->view('dashboardkaryawan')
 9 SYSTEMPATH\CodeIgniter.php(457): CodeIgniter\CodeIgniter->runController(Object(App\Controllers\Pages))
10 SYSTEMPATH\CodeIgniter.php(340): CodeIgniter\CodeIgniter->handleRequest(null, Object(Config\Cache), false)
11 FCPATH\index.php(67): CodeIgniter\CodeIgniter->run()
12 SYSTEMPATH\Commands\Server\rewrite.php(46): require_once('FCPATH\\index.php')
CRITICAL - 2022-10-17 22:51:39 --> Invalid file: pages/h.php
in SYSTEMPATH\Exceptions\FrameworkException.php on line 33.
 1 SYSTEMPATH\View\View.php(201): CodeIgniter\Exceptions\FrameworkException::forInvalidFile('pages/h.php')
 2 SYSTEMPATH\Common.php(1142): CodeIgniter\View\View->render('pages/h', [], true)
 3 APPPATH\Views\pages\dashboardkaryawan.php(1): view('pages/h')
 4 SYSTEMPATH\View\View.php(213): include('APPPATH\\Views\\pages\\dashboardkaryawan.php')
 5 SYSTEMPATH\View\View.php(216): CodeIgniter\View\View->CodeIgniter\View\{closure}()
 6 SYSTEMPATH\Common.php(1142): CodeIgniter\View\View->render('pages/dashboardkaryawan', [], true)
 7 APPPATH\Controllers\Pages.php(26): view('pages/dashboardkaryawan')
 8 SYSTEMPATH\CodeIgniter.php(902): App\Controllers\Pages->view('dashboardkaryawan')
 9 SYSTEMPATH\CodeIgniter.php(457): CodeIgniter\CodeIgniter->runController(Object(App\Controllers\Pages))
10 SYSTEMPATH\CodeIgniter.php(340): CodeIgniter\CodeIgniter->handleRequest(null, Object(Config\Cache), false)
11 FCPATH\index.php(67): CodeIgniter\CodeIgniter->run()
12 SYSTEMPATH\Commands\Server\rewrite.php(46): require_once('FCPATH\\index.php')
CRITICAL - 2022-10-17 22:52:51 --> Invalid file: tempalates/h.php
in SYSTEMPATH\Exceptions\FrameworkException.php on line 33.
 1 SYSTEMPATH\View\View.php(201): CodeIgniter\Exceptions\FrameworkException::forInvalidFile('tempalates/h.php')
 2 SYSTEMPATH\Common.php(1142): CodeIgniter\View\View->render('tempalates/h', [], true)
 3 APPPATH\Views\pages\dashboardkaryawan.php(1): view('tempalates/h')
 4 SYSTEMPATH\View\View.php(213): include('APPPATH\\Views\\pages\\dashboardkaryawan.php')
 5 SYSTEMPATH\View\View.php(216): CodeIgniter\View\View->CodeIgniter\View\{closure}()
 6 SYSTEMPATH\Common.php(1142): CodeIgniter\View\View->render('pages/dashboardkaryawan', [], true)
 7 APPPATH\Controllers\Pages.php(26): view('pages/dashboardkaryawan')
 8 SYSTEMPATH\CodeIgniter.php(902): App\Controllers\Pages->view('dashboardkaryawan')
 9 SYSTEMPATH\CodeIgniter.php(457): CodeIgniter\CodeIgniter->runController(Object(App\Controllers\Pages))
10 SYSTEMPATH\CodeIgniter.php(340): CodeIgniter\CodeIgniter->handleRequest(null, Object(Config\Cache), false)
11 FCPATH\index.php(67): CodeIgniter\CodeIgniter->run()
12 SYSTEMPATH\Commands\Server\rewrite.php(46): require_once('FCPATH\\index.php')
