CRITICAL - 2022-11-22 05:30:37 --> Undefined variable $nik
in APPPATH\Views\pages\formeditkaryawan.php on line 16.
 1 APPPATH\Views\pages\formeditkaryawan.php(16): CodeIgniter\Debug\Exceptions->errorHandler(2, 'Undefined variable $nik', 'APPPATH\\Views\\pages\\formeditkaryawan.php', 16)
 2 SYSTEMPATH\View\View.php(213): include('APPPATH\\Views\\pages\\formeditkaryawan.php')
 3 SYSTEMPATH\View\View.php(216): CodeIgniter\View\View->CodeIgniter\View\{closure}()
 4 SYSTEMPATH\Common.php(1134): CodeIgniter\View\View->render('pages/formeditkaryawan', [], true)
 5 APPPATH\Controllers\Pages.php(26): view('pages/formeditkaryawan')
 6 SYSTEMPATH\CodeIgniter.php(927): App\Controllers\Pages->view('formeditkaryawan', 'plugins', 'moment', 'moment.min.js')
 7 SYSTEMPATH\CodeIgniter.php(482): CodeIgniter\CodeIgniter->runController(Object(App\Controllers\Pages))
 8 SYSTEMPATH\CodeIgniter.php(351): CodeIgniter\CodeIgniter->handleRequest(null, Object(Config\Cache), false)
 9 FCPATH\index.php(67): CodeIgniter\CodeIgniter->run()
10 SYSTEMPATH\Commands\Server\rewrite.php(46): require_once('FCPATH\\index.php')
CRITICAL - 2022-11-22 05:30:38 --> Undefined variable $nik
in APPPATH\Views\pages\formeditkaryawan.php on line 16.
 1 APPPATH\Views\pages\formeditkaryawan.php(16): CodeIgniter\Debug\Exceptions->errorHandler(2, 'Undefined variable $nik', 'APPPATH\\Views\\pages\\formeditkaryawan.php', 16)
 2 SYSTEMPATH\View\View.php(213): include('APPPATH\\Views\\pages\\formeditkaryawan.php')
 3 SYSTEMPATH\View\View.php(216): CodeIgniter\View\View->CodeIgniter\View\{closure}()
 4 SYSTEMPATH\Common.php(1134): CodeIgniter\View\View->render('pages/formeditkaryawan', [], true)
 5 APPPATH\Controllers\Pages.php(26): view('pages/formeditkaryawan')
 6 SYSTEMPATH\CodeIgniter.php(927): App\Controllers\Pages->view('formeditkaryawan', 'plugins', 'moment', 'moment.min.js')
 7 SYSTEMPATH\CodeIgniter.php(482): CodeIgniter\CodeIgniter->runController(Object(App\Controllers\Pages))
 8 SYSTEMPATH\CodeIgniter.php(351): CodeIgniter\CodeIgniter->handleRequest(null, Object(Config\Cache), false)
 9 FCPATH\index.php(67): CodeIgniter\CodeIgniter->run()
10 SYSTEMPATH\Commands\Server\rewrite.php(46): require_once('FCPATH\\index.php')
ERROR - 2022-11-22 05:35:09 --> mysqli_sql_exception: Column 'nomorTelepon' cannot be null in C:\xampp\htdocs\siber-ket\vendor\codeigniter4\framework\system\Database\MySQLi\Connection.php:292
Stack trace:
#0 C:\xampp\htdocs\siber-ket\vendor\codeigniter4\framework\system\Database\MySQLi\Connection.php(292): mysqli->query('INSERT INTO `ka...', 0)
#1 C:\xampp\htdocs\siber-ket\vendor\codeigniter4\framework\system\Database\BaseConnection.php(666): CodeIgniter\Database\MySQLi\Connection->execute('INSERT INTO `ka...')
#2 C:\xampp\htdocs\siber-ket\vendor\codeigniter4\framework\system\Database\BaseConnection.php(593): CodeIgniter\Database\BaseConnection->simpleQuery('INSERT INTO `ka...')
#3 C:\xampp\htdocs\siber-ket\vendor\codeigniter4\framework\system\Database\BaseBuilder.php(1916): CodeIgniter\Database\BaseConnection->query('INSERT INTO `ka...', Array, false)
#4 C:\xampp\htdocs\siber-ket\app\Models\Karyawan.php(25): CodeIgniter\Database\BaseBuilder->insert(Array)
#5 C:\xampp\htdocs\siber-ket\app\Controllers\AkunKaryawan.php(54): App\Models\Karyawan->saveKaryawan(Array)
#6 C:\xampp\htdocs\siber-ket\vendor\codeigniter4\framework\system\CodeIgniter.php(927): App\Controllers\AkunKaryawan->store()
#7 C:\xampp\htdocs\siber-ket\vendor\codeigniter4\framework\system\CodeIgniter.php(482): CodeIgniter\CodeIgniter->runController(Object(App\Controllers\AkunKaryawan))
#8 C:\xampp\htdocs\siber-ket\vendor\codeigniter4\framework\system\CodeIgniter.php(351): CodeIgniter\CodeIgniter->handleRequest(NULL, Object(Config\Cache), false)
#9 C:\xampp\htdocs\siber-ket\public\index.php(67): CodeIgniter\CodeIgniter->run()
#10 C:\xampp\htdocs\siber-ket\vendor\codeigniter4\framework\system\Commands\Server\rewrite.php(46): require_once('C:\\xampp\\htdocs...')
#11 {main}
CRITICAL - 2022-11-22 05:35:09 --> Column 'nomorTelepon' cannot be null
in SYSTEMPATH\Database\MySQLi\Connection.php on line 292.
 1 SYSTEMPATH\Database\MySQLi\Connection.php(292): mysqli->query('INSERT INTO `karyawan` (`nama`, `tempatLahir`, `tanggalLahir`, `jenisKelamin`, `nik`, `pin`, `nomorTelepon`) VALUES (\'Muhammad Donda Fauzaan\', \'Pringsewu\', \'2022-11-22\', \'Pria\', \'1810010402020004\', \'123456\', NULL)', 0)
 2 SYSTEMPATH\Database\BaseConnection.php(666): CodeIgniter\Database\MySQLi\Connection->execute('INSERT INTO `karyawan` (`nama`, `tempatLahir`, `tanggalLahir`, `jenisKelamin`, `nik`, `pin`, `nomorTelepon`) VALUES (\'Muhammad Donda Fauzaan\', \'Pringsewu\', \'2022-11-22\', \'Pria\', \'1810010402020004\', \'123456\', NULL)')
 3 SYSTEMPATH\Database\BaseConnection.php(593): CodeIgniter\Database\BaseConnection->simpleQuery('INSERT INTO `karyawan` (`nama`, `tempatLahir`, `tanggalLahir`, `jenisKelamin`, `nik`, `pin`, `nomorTelepon`) VALUES (\'Muhammad Donda Fauzaan\', \'Pringsewu\', \'2022-11-22\', \'Pria\', \'1810010402020004\', \'123456\', NULL)')
 4 SYSTEMPATH\Database\BaseBuilder.php(1916): CodeIgniter\Database\BaseConnection->query('INSERT INTO `karyawan` (`nama`, `tempatLahir`, `tanggalLahir`, `jenisKelamin`, `nik`, `pin`, `nomorTelepon`) VALUES (:nama:, :tempatLahir:, :tanggalLahir:, :jenisKelamin:, :nik:, :pin:, :nomorTelepon:)', [...], false)
 5 APPPATH\Models\Karyawan.php(25): CodeIgniter\Database\BaseBuilder->insert([...])
 6 APPPATH\Controllers\AkunKaryawan.php(54): App\Models\Karyawan->saveKaryawan([...])
 7 SYSTEMPATH\CodeIgniter.php(927): App\Controllers\AkunKaryawan->store()
 8 SYSTEMPATH\CodeIgniter.php(482): CodeIgniter\CodeIgniter->runController(Object(App\Controllers\AkunKaryawan))
 9 SYSTEMPATH\CodeIgniter.php(351): CodeIgniter\CodeIgniter->handleRequest(null, Object(Config\Cache), false)
10 FCPATH\index.php(67): CodeIgniter\CodeIgniter->run()
11 SYSTEMPATH\Commands\Server\rewrite.php(46): require_once('FCPATH\\index.php')
CRITICAL - 2022-11-22 05:40:54 --> Attempt to read property "pin" on array
in APPPATH\Controllers\LoginKaryawan.php on line 22.
 1 APPPATH\Controllers\LoginKaryawan.php(22): CodeIgniter\Debug\Exceptions->errorHandler(2, 'Attempt to read property "pin" on array', 'APPPATH\\Controllers\\LoginKaryawan.php', 22)
 2 SYSTEMPATH\CodeIgniter.php(927): App\Controllers\LoginKaryawan->process()
 3 SYSTEMPATH\CodeIgniter.php(482): CodeIgniter\CodeIgniter->runController(Object(App\Controllers\LoginKaryawan))
 4 SYSTEMPATH\CodeIgniter.php(351): CodeIgniter\CodeIgniter->handleRequest(null, Object(Config\Cache), false)
 5 FCPATH\index.php(67): CodeIgniter\CodeIgniter->run()
 6 SYSTEMPATH\Commands\Server\rewrite.php(46): require_once('FCPATH\\index.php')
CRITICAL - 2022-11-22 05:41:51 --> Attempt to read property "pin" on array
in APPPATH\Controllers\LoginKaryawan.php on line 22.
 1 APPPATH\Controllers\LoginKaryawan.php(22): CodeIgniter\Debug\Exceptions->errorHandler(2, 'Attempt to read property "pin" on array', 'APPPATH\\Controllers\\LoginKaryawan.php', 22)
 2 SYSTEMPATH\CodeIgniter.php(927): App\Controllers\LoginKaryawan->process()
 3 SYSTEMPATH\CodeIgniter.php(482): CodeIgniter\CodeIgniter->runController(Object(App\Controllers\LoginKaryawan))
 4 SYSTEMPATH\CodeIgniter.php(351): CodeIgniter\CodeIgniter->handleRequest(null, Object(Config\Cache), false)
 5 FCPATH\index.php(67): CodeIgniter\CodeIgniter->run()
 6 SYSTEMPATH\Commands\Server\rewrite.php(46): require_once('FCPATH\\index.php')
CRITICAL - 2022-11-22 05:42:54 --> Undefined variable $nik
in APPPATH\Views\pages\formeditmember.php on line 16.
 1 APPPATH\Views\pages\formeditmember.php(16): CodeIgniter\Debug\Exceptions->errorHandler(2, 'Undefined variable $nik', 'APPPATH\\Views\\pages\\formeditmember.php', 16)
 2 SYSTEMPATH\View\View.php(213): include('APPPATH\\Views\\pages\\formeditmember.php')
 3 SYSTEMPATH\View\View.php(216): CodeIgniter\View\View->CodeIgniter\View\{closure}()
 4 SYSTEMPATH\Common.php(1134): CodeIgniter\View\View->render('pages/formeditmember', [], true)
 5 APPPATH\Controllers\Pages.php(26): view('pages/formeditmember')
 6 SYSTEMPATH\CodeIgniter.php(927): App\Controllers\Pages->view('formeditmember', 'edit', 'plugins', 'moment', 'moment.min.js')
 7 SYSTEMPATH\CodeIgniter.php(482): CodeIgniter\CodeIgniter->runController(Object(App\Controllers\Pages))
 8 SYSTEMPATH\CodeIgniter.php(351): CodeIgniter\CodeIgniter->handleRequest(null, Object(Config\Cache), false)
 9 FCPATH\index.php(67): CodeIgniter\CodeIgniter->run()
10 SYSTEMPATH\Commands\Server\rewrite.php(46): require_once('FCPATH\\index.php')
CRITICAL - 2022-11-22 05:42:55 --> Undefined variable $nik
in APPPATH\Views\pages\formeditmember.php on line 16.
 1 APPPATH\Views\pages\formeditmember.php(16): CodeIgniter\Debug\Exceptions->errorHandler(2, 'Undefined variable $nik', 'APPPATH\\Views\\pages\\formeditmember.php', 16)
 2 SYSTEMPATH\View\View.php(213): include('APPPATH\\Views\\pages\\formeditmember.php')
 3 SYSTEMPATH\View\View.php(216): CodeIgniter\View\View->CodeIgniter\View\{closure}()
 4 SYSTEMPATH\Common.php(1134): CodeIgniter\View\View->render('pages/formeditmember', [], true)
 5 APPPATH\Controllers\Pages.php(26): view('pages/formeditmember')
 6 SYSTEMPATH\CodeIgniter.php(927): App\Controllers\Pages->view('formeditmember', 'edit', 'plugins', 'moment', 'moment.min.js')
 7 SYSTEMPATH\CodeIgniter.php(482): CodeIgniter\CodeIgniter->runController(Object(App\Controllers\Pages))
 8 SYSTEMPATH\CodeIgniter.php(351): CodeIgniter\CodeIgniter->handleRequest(null, Object(Config\Cache), false)
 9 FCPATH\index.php(67): CodeIgniter\CodeIgniter->run()
10 SYSTEMPATH\Commands\Server\rewrite.php(46): require_once('FCPATH\\index.php')
