<<<<<<< HEAD
ERROR - 2022-11-20 17:48:09 --> mysqli_sql_exception: Table 'weblanjutpraktikum.admin' doesn't exist in C:\xampp\htdocs\siber-ket\vendor\codeigniter4\framework\system\Database\MySQLi\Connection.php:292
Stack trace:
#0 C:\xampp\htdocs\siber-ket\vendor\codeigniter4\framework\system\Database\MySQLi\Connection.php(292): mysqli->query('SELECT *\nFROM `...', 0)
#1 C:\xampp\htdocs\siber-ket\vendor\codeigniter4\framework\system\Database\BaseConnection.php(666): CodeIgniter\Database\MySQLi\Connection->execute('SELECT *\nFROM `...')
#2 C:\xampp\htdocs\siber-ket\vendor\codeigniter4\framework\system\Database\BaseConnection.php(593): CodeIgniter\Database\BaseConnection->simpleQuery('SELECT *\nFROM `...')
#3 C:\xampp\htdocs\siber-ket\vendor\codeigniter4\framework\system\Database\BaseBuilder.php(1585): CodeIgniter\Database\BaseConnection->query('SELECT *\nFROM `...', Array, false)
#4 C:\xampp\htdocs\siber-ket\vendor\codeigniter4\framework\system\Model.php(250): CodeIgniter\Database\BaseBuilder->get()
#5 C:\xampp\htdocs\siber-ket\vendor\codeigniter4\framework\system\BaseModel.php(623): CodeIgniter\Model->doFirst()
#6 C:\xampp\htdocs\siber-ket\app\Controllers\LoginAdmin.php(20): CodeIgniter\BaseModel->first()
#7 C:\xampp\htdocs\siber-ket\vendor\codeigniter4\framework\system\CodeIgniter.php(927): App\Controllers\LoginAdmin->process()
#8 C:\xampp\htdocs\siber-ket\vendor\codeigniter4\framework\system\CodeIgniter.php(482): CodeIgniter\CodeIgniter->runController(Object(App\Controllers\LoginAdmin))
#9 C:\xampp\htdocs\siber-ket\vendor\codeigniter4\framework\system\CodeIgniter.php(351): CodeIgniter\CodeIgniter->handleRequest(NULL, Object(Config\Cache), false)
#10 C:\xampp\htdocs\siber-ket\public\index.php(67): CodeIgniter\CodeIgniter->run()
#11 C:\xampp\htdocs\siber-ket\vendor\codeigniter4\framework\system\Commands\Server\rewrite.php(46): require_once('C:\\xampp\\htdocs...')
#12 {main}
CRITICAL - 2022-11-20 17:48:09 --> Table 'weblanjutpraktikum.admin' doesn't exist
in SYSTEMPATH\Database\MySQLi\Connection.php on line 292.
 1 SYSTEMPATH\Database\MySQLi\Connection.php(292): mysqli->query('SELECT *
FROM `admin`
WHERE `username` = \'admin\'
 LIMIT 1', 0)
 2 SYSTEMPATH\Database\BaseConnection.php(666): CodeIgniter\Database\MySQLi\Connection->execute('SELECT *
FROM `admin`
WHERE `username` = \'admin\'
 LIMIT 1')
 3 SYSTEMPATH\Database\BaseConnection.php(593): CodeIgniter\Database\BaseConnection->simpleQuery('SELECT *
FROM `admin`
WHERE `username` = \'admin\'
 LIMIT 1')
 4 SYSTEMPATH\Database\BaseBuilder.php(1585): CodeIgniter\Database\BaseConnection->query('SELECT *
FROM `admin`
WHERE `username` = :username:
 LIMIT 1', [...], false)
 5 SYSTEMPATH\Model.php(250): CodeIgniter\Database\BaseBuilder->get()
 6 SYSTEMPATH\BaseModel.php(623): CodeIgniter\Model->doFirst()
 7 APPPATH\Controllers\LoginAdmin.php(20): CodeIgniter\BaseModel->first()
 8 SYSTEMPATH\CodeIgniter.php(927): App\Controllers\LoginAdmin->process()
 9 SYSTEMPATH\CodeIgniter.php(482): CodeIgniter\CodeIgniter->runController(Object(App\Controllers\LoginAdmin))
10 SYSTEMPATH\CodeIgniter.php(351): CodeIgniter\CodeIgniter->handleRequest(null, Object(Config\Cache), false)
11 FCPATH\index.php(67): CodeIgniter\CodeIgniter->run()
12 SYSTEMPATH\Commands\Server\rewrite.php(46): require_once('FCPATH\\index.php')
CRITICAL - 2022-11-20 17:52:31 --> Undefined array key "nomorTelepon"
in APPPATH\Views\pages\listkaryawan.php on line 71.
 1 APPPATH\Views\pages\listkaryawan.php(71): CodeIgniter\Debug\Exceptions->errorHandler(2, 'Undefined array key "nomorTelepon"', 'APPPATH\\Views\\pages\\listkaryawan.php', 71)
 2 SYSTEMPATH\View\View.php(213): include('APPPATH\\Views\\pages\\listkaryawan.php')
 3 SYSTEMPATH\View\View.php(216): CodeIgniter\View\View->CodeIgniter\View\{closure}()
 4 SYSTEMPATH\Common.php(1134): CodeIgniter\View\View->render('pages/listkaryawan', [], true)
 5 APPPATH\Controllers\ListKaryawan.php(41): view('pages/listkaryawan', [...])
 6 SYSTEMPATH\CodeIgniter.php(927): App\Controllers\ListKaryawan->index()
 7 SYSTEMPATH\CodeIgniter.php(482): CodeIgniter\CodeIgniter->runController(Object(App\Controllers\ListKaryawan))
 8 SYSTEMPATH\CodeIgniter.php(351): CodeIgniter\CodeIgniter->handleRequest(null, Object(Config\Cache), false)
 9 FCPATH\index.php(67): CodeIgniter\CodeIgniter->run()
10 SYSTEMPATH\Commands\Server\rewrite.php(46): require_once('FCPATH\\index.php')
ERROR - 2022-11-20 17:54:19 --> mysqli_sql_exception: Duplicate entry '12345678910' for key 'PRIMARY' in C:\xampp\htdocs\siber-ket\vendor\codeigniter4\framework\system\Database\MySQLi\Connection.php:292
Stack trace:
#0 C:\xampp\htdocs\siber-ket\vendor\codeigniter4\framework\system\Database\MySQLi\Connection.php(292): mysqli->query('INSERT INTO `ka...', 0)
#1 C:\xampp\htdocs\siber-ket\vendor\codeigniter4\framework\system\Database\BaseConnection.php(666): CodeIgniter\Database\MySQLi\Connection->execute('INSERT INTO `ka...')
#2 C:\xampp\htdocs\siber-ket\vendor\codeigniter4\framework\system\Database\BaseConnection.php(593): CodeIgniter\Database\BaseConnection->simpleQuery('INSERT INTO `ka...')
#3 C:\xampp\htdocs\siber-ket\vendor\codeigniter4\framework\system\Database\BaseBuilder.php(1916): CodeIgniter\Database\BaseConnection->query('INSERT INTO `ka...', Array, false)
#4 C:\xampp\htdocs\siber-ket\app\Models\Karyawan.php(25): CodeIgniter\Database\BaseBuilder->insert(Array)
#5 C:\xampp\htdocs\siber-ket\app\Controllers\AkunKaryawan.php(52): App\Models\Karyawan->saveKaryawan(Array)
#6 C:\xampp\htdocs\siber-ket\vendor\codeigniter4\framework\system\CodeIgniter.php(927): App\Controllers\AkunKaryawan->store()
#7 C:\xampp\htdocs\siber-ket\vendor\codeigniter4\framework\system\CodeIgniter.php(482): CodeIgniter\CodeIgniter->runController(Object(App\Controllers\AkunKaryawan))
#8 C:\xampp\htdocs\siber-ket\vendor\codeigniter4\framework\system\CodeIgniter.php(351): CodeIgniter\CodeIgniter->handleRequest(NULL, Object(Config\Cache), false)
#9 C:\xampp\htdocs\siber-ket\public\index.php(67): CodeIgniter\CodeIgniter->run()
#10 C:\xampp\htdocs\siber-ket\vendor\codeigniter4\framework\system\Commands\Server\rewrite.php(46): require_once('C:\\xampp\\htdocs...')
#11 {main}
CRITICAL - 2022-11-20 17:54:19 --> Duplicate entry '12345678910' for key 'PRIMARY'
in SYSTEMPATH\Database\MySQLi\Connection.php on line 292.
 1 SYSTEMPATH\Database\MySQLi\Connection.php(292): mysqli->query('INSERT INTO `karyawan` (`nama`, `tempatLahir`, `tanggalLahir`, `jenisKelamin`, `nik`, `pin`) VALUES (\'Tes\', \'Tes\', \'2022-11-20\', \'Pria\', \'12345678910\', \'123456\')', 0)
 2 SYSTEMPATH\Database\BaseConnection.php(666): CodeIgniter\Database\MySQLi\Connection->execute('INSERT INTO `karyawan` (`nama`, `tempatLahir`, `tanggalLahir`, `jenisKelamin`, `nik`, `pin`) VALUES (\'Tes\', \'Tes\', \'2022-11-20\', \'Pria\', \'12345678910\', \'123456\')')
 3 SYSTEMPATH\Database\BaseConnection.php(593): CodeIgniter\Database\BaseConnection->simpleQuery('INSERT INTO `karyawan` (`nama`, `tempatLahir`, `tanggalLahir`, `jenisKelamin`, `nik`, `pin`) VALUES (\'Tes\', \'Tes\', \'2022-11-20\', \'Pria\', \'12345678910\', \'123456\')')
 4 SYSTEMPATH\Database\BaseBuilder.php(1916): CodeIgniter\Database\BaseConnection->query('INSERT INTO `karyawan` (`nama`, `tempatLahir`, `tanggalLahir`, `jenisKelamin`, `nik`, `pin`) VALUES (:nama:, :tempatLahir:, :tanggalLahir:, :jenisKelamin:, :nik:, :pin:)', [...], false)
 5 APPPATH\Models\Karyawan.php(25): CodeIgniter\Database\BaseBuilder->insert([...])
 6 APPPATH\Controllers\AkunKaryawan.php(52): App\Models\Karyawan->saveKaryawan([...])
 7 SYSTEMPATH\CodeIgniter.php(927): App\Controllers\AkunKaryawan->store()
 8 SYSTEMPATH\CodeIgniter.php(482): CodeIgniter\CodeIgniter->runController(Object(App\Controllers\AkunKaryawan))
 9 SYSTEMPATH\CodeIgniter.php(351): CodeIgniter\CodeIgniter->handleRequest(null, Object(Config\Cache), false)
10 FCPATH\index.php(67): CodeIgniter\CodeIgniter->run()
11 SYSTEMPATH\Commands\Server\rewrite.php(46): require_once('FCPATH\\index.php')
CRITICAL - 2022-11-20 17:56:14 --> Undefined variable $nik
in APPPATH\Views\pages\formeditkaryawan.php on line 16.
 1 APPPATH\Views\pages\formeditkaryawan.php(16): CodeIgniter\Debug\Exceptions->errorHandler(2, 'Undefined variable $nik', 'APPPATH\\Views\\pages\\formeditkaryawan.php', 16)
 2 SYSTEMPATH\View\View.php(213): include('APPPATH\\Views\\pages\\formeditkaryawan.php')
 3 SYSTEMPATH\View\View.php(216): CodeIgniter\View\View->CodeIgniter\View\{closure}()
 4 SYSTEMPATH\Common.php(1134): CodeIgniter\View\View->render('pages/formeditkaryawan', [], true)
 5 APPPATH\Controllers\Pages.php(26): view('pages/formeditkaryawan')
 6 SYSTEMPATH\CodeIgniter.php(927): App\Controllers\Pages->view('formeditkaryawan', 'plugins', 'moment', 'moment.min.js')
 7 SYSTEMPATH\CodeIgniter.php(482): CodeIgniter\CodeIgniter->runController(Object(App\Controllers\Pages))
 8 SYSTEMPATH\CodeIgniter.php(351): CodeIgniter\CodeIgniter->handleRequest(null, Object(Config\Cache), false)
 9 FCPATH\index.php(67): CodeIgniter\CodeIgniter->run()
10 SYSTEMPATH\Commands\Server\rewrite.php(46): require_once('FCPATH\\index.php')
CRITICAL - 2022-11-20 17:56:14 --> Undefined variable $nik
in APPPATH\Views\pages\formeditkaryawan.php on line 16.
 1 APPPATH\Views\pages\formeditkaryawan.php(16): CodeIgniter\Debug\Exceptions->errorHandler(2, 'Undefined variable $nik', 'APPPATH\\Views\\pages\\formeditkaryawan.php', 16)
 2 SYSTEMPATH\View\View.php(213): include('APPPATH\\Views\\pages\\formeditkaryawan.php')
 3 SYSTEMPATH\View\View.php(216): CodeIgniter\View\View->CodeIgniter\View\{closure}()
 4 SYSTEMPATH\Common.php(1134): CodeIgniter\View\View->render('pages/formeditkaryawan', [], true)
 5 APPPATH\Controllers\Pages.php(26): view('pages/formeditkaryawan')
 6 SYSTEMPATH\CodeIgniter.php(927): App\Controllers\Pages->view('formeditkaryawan', 'plugins', 'moment', 'moment.min.js')
 7 SYSTEMPATH\CodeIgniter.php(482): CodeIgniter\CodeIgniter->runController(Object(App\Controllers\Pages))
 8 SYSTEMPATH\CodeIgniter.php(351): CodeIgniter\CodeIgniter->handleRequest(null, Object(Config\Cache), false)
 9 FCPATH\index.php(67): CodeIgniter\CodeIgniter->run()
10 SYSTEMPATH\Commands\Server\rewrite.php(46): require_once('FCPATH\\index.php')
CRITICAL - 2022-11-20 18:00:09 --> Undefined variable $nik
in APPPATH\Views\pages\formeditkaryawan.php on line 16.
 1 APPPATH\Views\pages\formeditkaryawan.php(16): CodeIgniter\Debug\Exceptions->errorHandler(2, 'Undefined variable $nik', 'APPPATH\\Views\\pages\\formeditkaryawan.php', 16)
 2 SYSTEMPATH\View\View.php(213): include('APPPATH\\Views\\pages\\formeditkaryawan.php')
 3 SYSTEMPATH\View\View.php(216): CodeIgniter\View\View->CodeIgniter\View\{closure}()
 4 SYSTEMPATH\Common.php(1134): CodeIgniter\View\View->render('pages/formeditkaryawan', [], true)
 5 APPPATH\Controllers\Pages.php(26): view('pages/formeditkaryawan')
 6 SYSTEMPATH\CodeIgniter.php(927): App\Controllers\Pages->view('formeditkaryawan', 'plugins', 'moment', 'moment.min.js')
 7 SYSTEMPATH\CodeIgniter.php(482): CodeIgniter\CodeIgniter->runController(Object(App\Controllers\Pages))
 8 SYSTEMPATH\CodeIgniter.php(351): CodeIgniter\CodeIgniter->handleRequest(null, Object(Config\Cache), false)
 9 FCPATH\index.php(67): CodeIgniter\CodeIgniter->run()
10 SYSTEMPATH\Commands\Server\rewrite.php(46): require_once('FCPATH\\index.php')
CRITICAL - 2022-11-20 18:00:09 --> Undefined variable $nik
in APPPATH\Views\pages\formeditkaryawan.php on line 16.
 1 APPPATH\Views\pages\formeditkaryawan.php(16): CodeIgniter\Debug\Exceptions->errorHandler(2, 'Undefined variable $nik', 'APPPATH\\Views\\pages\\formeditkaryawan.php', 16)
 2 SYSTEMPATH\View\View.php(213): include('APPPATH\\Views\\pages\\formeditkaryawan.php')
 3 SYSTEMPATH\View\View.php(216): CodeIgniter\View\View->CodeIgniter\View\{closure}()
 4 SYSTEMPATH\Common.php(1134): CodeIgniter\View\View->render('pages/formeditkaryawan', [], true)
 5 APPPATH\Controllers\Pages.php(26): view('pages/formeditkaryawan')
 6 SYSTEMPATH\CodeIgniter.php(927): App\Controllers\Pages->view('formeditkaryawan', 'plugins', 'moment', 'moment.min.js')
 7 SYSTEMPATH\CodeIgniter.php(482): CodeIgniter\CodeIgniter->runController(Object(App\Controllers\Pages))
 8 SYSTEMPATH\CodeIgniter.php(351): CodeIgniter\CodeIgniter->handleRequest(null, Object(Config\Cache), false)
 9 FCPATH\index.php(67): CodeIgniter\CodeIgniter->run()
10 SYSTEMPATH\Commands\Server\rewrite.php(46): require_once('FCPATH\\index.php')
CRITICAL - 2022-11-20 18:01:12 --> Undefined variable $nik
in APPPATH\Views\pages\formeditkaryawan.php on line 16.
 1 APPPATH\Views\pages\formeditkaryawan.php(16): CodeIgniter\Debug\Exceptions->errorHandler(2, 'Undefined variable $nik', 'APPPATH\\Views\\pages\\formeditkaryawan.php', 16)
 2 SYSTEMPATH\View\View.php(213): include('APPPATH\\Views\\pages\\formeditkaryawan.php')
 3 SYSTEMPATH\View\View.php(216): CodeIgniter\View\View->CodeIgniter\View\{closure}()
 4 SYSTEMPATH\Common.php(1134): CodeIgniter\View\View->render('pages/formeditkaryawan', [], true)
 5 APPPATH\Controllers\Pages.php(26): view('pages/formeditkaryawan')
 6 SYSTEMPATH\CodeIgniter.php(927): App\Controllers\Pages->view('formeditkaryawan', 'plugins', 'moment', 'moment.min.js')
 7 SYSTEMPATH\CodeIgniter.php(482): CodeIgniter\CodeIgniter->runController(Object(App\Controllers\Pages))
 8 SYSTEMPATH\CodeIgniter.php(351): CodeIgniter\CodeIgniter->handleRequest(null, Object(Config\Cache), false)
 9 FCPATH\index.php(67): CodeIgniter\CodeIgniter->run()
10 SYSTEMPATH\Commands\Server\rewrite.php(46): require_once('FCPATH\\index.php')
CRITICAL - 2022-11-20 18:01:12 --> Undefined variable $nik
in APPPATH\Views\pages\formeditkaryawan.php on line 16.
 1 APPPATH\Views\pages\formeditkaryawan.php(16): CodeIgniter\Debug\Exceptions->errorHandler(2, 'Undefined variable $nik', 'APPPATH\\Views\\pages\\formeditkaryawan.php', 16)
 2 SYSTEMPATH\View\View.php(213): include('APPPATH\\Views\\pages\\formeditkaryawan.php')
 3 SYSTEMPATH\View\View.php(216): CodeIgniter\View\View->CodeIgniter\View\{closure}()
 4 SYSTEMPATH\Common.php(1134): CodeIgniter\View\View->render('pages/formeditkaryawan', [], true)
 5 APPPATH\Controllers\Pages.php(26): view('pages/formeditkaryawan')
 6 SYSTEMPATH\CodeIgniter.php(927): App\Controllers\Pages->view('formeditkaryawan', 'plugins', 'moment', 'moment.min.js')
 7 SYSTEMPATH\CodeIgniter.php(482): CodeIgniter\CodeIgniter->runController(Object(App\Controllers\Pages))
 8 SYSTEMPATH\CodeIgniter.php(351): CodeIgniter\CodeIgniter->handleRequest(null, Object(Config\Cache), false)
 9 FCPATH\index.php(67): CodeIgniter\CodeIgniter->run()
10 SYSTEMPATH\Commands\Server\rewrite.php(46): require_once('FCPATH\\index.php')
CRITICAL - 2022-11-20 18:01:49 --> Undefined variable $nik
in APPPATH\Views\pages\formeditkaryawan.php on line 16.
 1 APPPATH\Views\pages\formeditkaryawan.php(16): CodeIgniter\Debug\Exceptions->errorHandler(2, 'Undefined variable $nik', 'APPPATH\\Views\\pages\\formeditkaryawan.php', 16)
 2 SYSTEMPATH\View\View.php(213): include('APPPATH\\Views\\pages\\formeditkaryawan.php')
 3 SYSTEMPATH\View\View.php(216): CodeIgniter\View\View->CodeIgniter\View\{closure}()
 4 SYSTEMPATH\Common.php(1134): CodeIgniter\View\View->render('pages/formeditkaryawan', [], true)
 5 APPPATH\Controllers\Pages.php(26): view('pages/formeditkaryawan')
 6 SYSTEMPATH\CodeIgniter.php(927): App\Controllers\Pages->view('formeditkaryawan', 'plugins', 'moment', 'moment.min.js')
 7 SYSTEMPATH\CodeIgniter.php(482): CodeIgniter\CodeIgniter->runController(Object(App\Controllers\Pages))
 8 SYSTEMPATH\CodeIgniter.php(351): CodeIgniter\CodeIgniter->handleRequest(null, Object(Config\Cache), false)
 9 FCPATH\index.php(67): CodeIgniter\CodeIgniter->run()
10 SYSTEMPATH\Commands\Server\rewrite.php(46): require_once('FCPATH\\index.php')
CRITICAL - 2022-11-20 18:01:50 --> Undefined variable $nik
in APPPATH\Views\pages\formeditkaryawan.php on line 16.
 1 APPPATH\Views\pages\formeditkaryawan.php(16): CodeIgniter\Debug\Exceptions->errorHandler(2, 'Undefined variable $nik', 'APPPATH\\Views\\pages\\formeditkaryawan.php', 16)
 2 SYSTEMPATH\View\View.php(213): include('APPPATH\\Views\\pages\\formeditkaryawan.php')
 3 SYSTEMPATH\View\View.php(216): CodeIgniter\View\View->CodeIgniter\View\{closure}()
 4 SYSTEMPATH\Common.php(1134): CodeIgniter\View\View->render('pages/formeditkaryawan', [], true)
 5 APPPATH\Controllers\Pages.php(26): view('pages/formeditkaryawan')
 6 SYSTEMPATH\CodeIgniter.php(927): App\Controllers\Pages->view('formeditkaryawan', 'plugins', 'moment', 'moment.min.js')
 7 SYSTEMPATH\CodeIgniter.php(482): CodeIgniter\CodeIgniter->runController(Object(App\Controllers\Pages))
 8 SYSTEMPATH\CodeIgniter.php(351): CodeIgniter\CodeIgniter->handleRequest(null, Object(Config\Cache), false)
 9 FCPATH\index.php(67): CodeIgniter\CodeIgniter->run()
10 SYSTEMPATH\Commands\Server\rewrite.php(46): require_once('FCPATH\\index.php')
CRITICAL - 2022-11-20 18:05:14 --> Undefined variable $nik
in APPPATH\Views\pages\formeditkaryawan.php on line 16.
 1 APPPATH\Views\pages\formeditkaryawan.php(16): CodeIgniter\Debug\Exceptions->errorHandler(2, 'Undefined variable $nik', 'APPPATH\\Views\\pages\\formeditkaryawan.php', 16)
 2 SYSTEMPATH\View\View.php(213): include('APPPATH\\Views\\pages\\formeditkaryawan.php')
 3 SYSTEMPATH\View\View.php(216): CodeIgniter\View\View->CodeIgniter\View\{closure}()
 4 SYSTEMPATH\Common.php(1134): CodeIgniter\View\View->render('pages/formeditkaryawan', [], true)
 5 APPPATH\Controllers\Pages.php(26): view('pages/formeditkaryawan')
 6 SYSTEMPATH\CodeIgniter.php(927): App\Controllers\Pages->view('formeditkaryawan', 'plugins', 'moment', 'moment.min.js')
 7 SYSTEMPATH\CodeIgniter.php(482): CodeIgniter\CodeIgniter->runController(Object(App\Controllers\Pages))
 8 SYSTEMPATH\CodeIgniter.php(351): CodeIgniter\CodeIgniter->handleRequest(null, Object(Config\Cache), false)
 9 FCPATH\index.php(67): CodeIgniter\CodeIgniter->run()
10 SYSTEMPATH\Commands\Server\rewrite.php(46): require_once('FCPATH\\index.php')
CRITICAL - 2022-11-20 18:05:14 --> Undefined variable $nik
in APPPATH\Views\pages\formeditkaryawan.php on line 16.
 1 APPPATH\Views\pages\formeditkaryawan.php(16): CodeIgniter\Debug\Exceptions->errorHandler(2, 'Undefined variable $nik', 'APPPATH\\Views\\pages\\formeditkaryawan.php', 16)
 2 SYSTEMPATH\View\View.php(213): include('APPPATH\\Views\\pages\\formeditkaryawan.php')
 3 SYSTEMPATH\View\View.php(216): CodeIgniter\View\View->CodeIgniter\View\{closure}()
 4 SYSTEMPATH\Common.php(1134): CodeIgniter\View\View->render('pages/formeditkaryawan', [], true)
 5 APPPATH\Controllers\Pages.php(26): view('pages/formeditkaryawan')
 6 SYSTEMPATH\CodeIgniter.php(927): App\Controllers\Pages->view('formeditkaryawan', 'plugins', 'moment', 'moment.min.js')
 7 SYSTEMPATH\CodeIgniter.php(482): CodeIgniter\CodeIgniter->runController(Object(App\Controllers\Pages))
 8 SYSTEMPATH\CodeIgniter.php(351): CodeIgniter\CodeIgniter->handleRequest(null, Object(Config\Cache), false)
 9 FCPATH\index.php(67): CodeIgniter\CodeIgniter->run()
10 SYSTEMPATH\Commands\Server\rewrite.php(46): require_once('FCPATH\\index.php')
CRITICAL - 2022-11-20 18:05:35 --> Undefined variable $nik
in APPPATH\Views\pages\formeditkaryawan.php on line 16.
 1 APPPATH\Views\pages\formeditkaryawan.php(16): CodeIgniter\Debug\Exceptions->errorHandler(2, 'Undefined variable $nik', 'APPPATH\\Views\\pages\\formeditkaryawan.php', 16)
 2 SYSTEMPATH\View\View.php(213): include('APPPATH\\Views\\pages\\formeditkaryawan.php')
 3 SYSTEMPATH\View\View.php(216): CodeIgniter\View\View->CodeIgniter\View\{closure}()
 4 SYSTEMPATH\Common.php(1134): CodeIgniter\View\View->render('pages/formeditkaryawan', [], true)
 5 APPPATH\Controllers\Pages.php(26): view('pages/formeditkaryawan')
 6 SYSTEMPATH\CodeIgniter.php(927): App\Controllers\Pages->view('formeditkaryawan', 'plugins', 'moment', 'moment.min.js')
 7 SYSTEMPATH\CodeIgniter.php(482): CodeIgniter\CodeIgniter->runController(Object(App\Controllers\Pages))
 8 SYSTEMPATH\CodeIgniter.php(351): CodeIgniter\CodeIgniter->handleRequest(null, Object(Config\Cache), false)
 9 FCPATH\index.php(67): CodeIgniter\CodeIgniter->run()
10 SYSTEMPATH\Commands\Server\rewrite.php(46): require_once('FCPATH\\index.php')
CRITICAL - 2022-11-20 18:05:35 --> Undefined variable $nik
in APPPATH\Views\pages\formeditkaryawan.php on line 16.
 1 APPPATH\Views\pages\formeditkaryawan.php(16): CodeIgniter\Debug\Exceptions->errorHandler(2, 'Undefined variable $nik', 'APPPATH\\Views\\pages\\formeditkaryawan.php', 16)
 2 SYSTEMPATH\View\View.php(213): include('APPPATH\\Views\\pages\\formeditkaryawan.php')
 3 SYSTEMPATH\View\View.php(216): CodeIgniter\View\View->CodeIgniter\View\{closure}()
 4 SYSTEMPATH\Common.php(1134): CodeIgniter\View\View->render('pages/formeditkaryawan', [], true)
 5 APPPATH\Controllers\Pages.php(26): view('pages/formeditkaryawan')
 6 SYSTEMPATH\CodeIgniter.php(927): App\Controllers\Pages->view('formeditkaryawan', 'plugins', 'moment', 'moment.min.js')
 7 SYSTEMPATH\CodeIgniter.php(482): CodeIgniter\CodeIgniter->runController(Object(App\Controllers\Pages))
 8 SYSTEMPATH\CodeIgniter.php(351): CodeIgniter\CodeIgniter->handleRequest(null, Object(Config\Cache), false)
 9 FCPATH\index.php(67): CodeIgniter\CodeIgniter->run()
10 SYSTEMPATH\Commands\Server\rewrite.php(46): require_once('FCPATH\\index.php')
CRITICAL - 2022-11-20 18:24:33 --> Undefined variable $nik
in APPPATH\Views\pages\formeditkaryawan.php on line 16.
 1 APPPATH\Views\pages\formeditkaryawan.php(16): CodeIgniter\Debug\Exceptions->errorHandler(2, 'Undefined variable $nik', 'APPPATH\\Views\\pages\\formeditkaryawan.php', 16)
 2 SYSTEMPATH\View\View.php(213): include('APPPATH\\Views\\pages\\formeditkaryawan.php')
 3 SYSTEMPATH\View\View.php(216): CodeIgniter\View\View->CodeIgniter\View\{closure}()
 4 SYSTEMPATH\Common.php(1134): CodeIgniter\View\View->render('pages/formeditkaryawan', [], true)
 5 APPPATH\Controllers\Pages.php(26): view('pages/formeditkaryawan')
 6 SYSTEMPATH\CodeIgniter.php(927): App\Controllers\Pages->view('formeditkaryawan', 'plugins', 'moment', 'moment.min.js')
 7 SYSTEMPATH\CodeIgniter.php(482): CodeIgniter\CodeIgniter->runController(Object(App\Controllers\Pages))
 8 SYSTEMPATH\CodeIgniter.php(351): CodeIgniter\CodeIgniter->handleRequest(null, Object(Config\Cache), false)
 9 FCPATH\index.php(67): CodeIgniter\CodeIgniter->run()
10 SYSTEMPATH\Commands\Server\rewrite.php(46): require_once('FCPATH\\index.php')
CRITICAL - 2022-11-20 18:24:34 --> Undefined variable $nik
in APPPATH\Views\pages\formeditkaryawan.php on line 16.
 1 APPPATH\Views\pages\formeditkaryawan.php(16): CodeIgniter\Debug\Exceptions->errorHandler(2, 'Undefined variable $nik', 'APPPATH\\Views\\pages\\formeditkaryawan.php', 16)
 2 SYSTEMPATH\View\View.php(213): include('APPPATH\\Views\\pages\\formeditkaryawan.php')
 3 SYSTEMPATH\View\View.php(216): CodeIgniter\View\View->CodeIgniter\View\{closure}()
 4 SYSTEMPATH\Common.php(1134): CodeIgniter\View\View->render('pages/formeditkaryawan', [], true)
 5 APPPATH\Controllers\Pages.php(26): view('pages/formeditkaryawan')
 6 SYSTEMPATH\CodeIgniter.php(927): App\Controllers\Pages->view('formeditkaryawan', 'plugins', 'moment', 'moment.min.js')
 7 SYSTEMPATH\CodeIgniter.php(482): CodeIgniter\CodeIgniter->runController(Object(App\Controllers\Pages))
 8 SYSTEMPATH\CodeIgniter.php(351): CodeIgniter\CodeIgniter->handleRequest(null, Object(Config\Cache), false)
 9 FCPATH\index.php(67): CodeIgniter\CodeIgniter->run()
10 SYSTEMPATH\Commands\Server\rewrite.php(46): require_once('FCPATH\\index.php')
CRITICAL - 2022-11-20 18:41:14 --> Undefined variable $nik
in APPPATH\Views\pages\formeditkaryawan.php on line 16.
 1 APPPATH\Views\pages\formeditkaryawan.php(16): CodeIgniter\Debug\Exceptions->errorHandler(2, 'Undefined variable $nik', 'APPPATH\\Views\\pages\\formeditkaryawan.php', 16)
 2 SYSTEMPATH\View\View.php(213): include('APPPATH\\Views\\pages\\formeditkaryawan.php')
 3 SYSTEMPATH\View\View.php(216): CodeIgniter\View\View->CodeIgniter\View\{closure}()
 4 SYSTEMPATH\Common.php(1134): CodeIgniter\View\View->render('pages/formeditkaryawan', [], true)
 5 APPPATH\Controllers\Pages.php(26): view('pages/formeditkaryawan')
 6 SYSTEMPATH\CodeIgniter.php(927): App\Controllers\Pages->view('formeditkaryawan', 'plugins', 'moment', 'moment.min.js')
 7 SYSTEMPATH\CodeIgniter.php(482): CodeIgniter\CodeIgniter->runController(Object(App\Controllers\Pages))
 8 SYSTEMPATH\CodeIgniter.php(351): CodeIgniter\CodeIgniter->handleRequest(null, Object(Config\Cache), false)
 9 FCPATH\index.php(67): CodeIgniter\CodeIgniter->run()
10 SYSTEMPATH\Commands\Server\rewrite.php(46): require_once('FCPATH\\index.php')
CRITICAL - 2022-11-20 18:41:14 --> Undefined variable $nik
in APPPATH\Views\pages\formeditkaryawan.php on line 16.
 1 APPPATH\Views\pages\formeditkaryawan.php(16): CodeIgniter\Debug\Exceptions->errorHandler(2, 'Undefined variable $nik', 'APPPATH\\Views\\pages\\formeditkaryawan.php', 16)
 2 SYSTEMPATH\View\View.php(213): include('APPPATH\\Views\\pages\\formeditkaryawan.php')
 3 SYSTEMPATH\View\View.php(216): CodeIgniter\View\View->CodeIgniter\View\{closure}()
 4 SYSTEMPATH\Common.php(1134): CodeIgniter\View\View->render('pages/formeditkaryawan', [], true)
 5 APPPATH\Controllers\Pages.php(26): view('pages/formeditkaryawan')
 6 SYSTEMPATH\CodeIgniter.php(927): App\Controllers\Pages->view('formeditkaryawan', 'plugins', 'moment', 'moment.min.js')
 7 SYSTEMPATH\CodeIgniter.php(482): CodeIgniter\CodeIgniter->runController(Object(App\Controllers\Pages))
 8 SYSTEMPATH\CodeIgniter.php(351): CodeIgniter\CodeIgniter->handleRequest(null, Object(Config\Cache), false)
 9 FCPATH\index.php(67): CodeIgniter\CodeIgniter->run()
10 SYSTEMPATH\Commands\Server\rewrite.php(46): require_once('FCPATH\\index.php')
ERROR - 2022-11-20 18:43:20 --> mysqli_sql_exception: Unknown column 'alamat' in 'field list' in C:\xampp\htdocs\siber-ket\vendor\codeigniter4\framework\system\Database\MySQLi\Connection.php:292
Stack trace:
#0 C:\xampp\htdocs\siber-ket\vendor\codeigniter4\framework\system\Database\MySQLi\Connection.php(292): mysqli->query('INSERT INTO `me...', 0)
#1 C:\xampp\htdocs\siber-ket\vendor\codeigniter4\framework\system\Database\BaseConnection.php(666): CodeIgniter\Database\MySQLi\Connection->execute('INSERT INTO `me...')
#2 C:\xampp\htdocs\siber-ket\vendor\codeigniter4\framework\system\Database\BaseConnection.php(593): CodeIgniter\Database\BaseConnection->simpleQuery('INSERT INTO `me...')
#3 C:\xampp\htdocs\siber-ket\vendor\codeigniter4\framework\system\Database\BaseBuilder.php(1916): CodeIgniter\Database\BaseConnection->query('INSERT INTO `me...', Array, false)
#4 C:\xampp\htdocs\siber-ket\app\Models\Member.php(28): CodeIgniter\Database\BaseBuilder->insert(Array)
#5 C:\xampp\htdocs\siber-ket\app\Controllers\DashboardKaryawan.php(78): App\Models\Member->saveMember(Array)
#6 C:\xampp\htdocs\siber-ket\vendor\codeigniter4\framework\system\CodeIgniter.php(927): App\Controllers\DashboardKaryawan->store()
#7 C:\xampp\htdocs\siber-ket\vendor\codeigniter4\framework\system\CodeIgniter.php(482): CodeIgniter\CodeIgniter->runController(Object(App\Controllers\DashboardKaryawan))
#8 C:\xampp\htdocs\siber-ket\vendor\codeigniter4\framework\system\CodeIgniter.php(351): CodeIgniter\CodeIgniter->handleRequest(NULL, Object(Config\Cache), false)
#9 C:\xampp\htdocs\siber-ket\public\index.php(67): CodeIgniter\CodeIgniter->run()
#10 C:\xampp\htdocs\siber-ket\vendor\codeigniter4\framework\system\Commands\Server\rewrite.php(46): require_once('C:\\xampp\\htdocs...')
#11 {main}
CRITICAL - 2022-11-20 18:43:20 --> Unknown column 'alamat' in 'field list'
in SYSTEMPATH\Database\MySQLi\Connection.php on line 292.
 1 SYSTEMPATH\Database\MySQLi\Connection.php(292): mysqli->query('INSERT INTO `member` (`namaLengkap`, `tanggalLahir`, `nik`, `jenisKelamin`, `tempatLahir`, `alamat`) VALUES (\'Muhammad Donda Fauzaan Muhammad Donda Fauzaan\', \'2022-11-20\', \'1810010402020004\', \'Pria\', \'Pringsewu\', \'Pringsewu\')', 0)
 2 SYSTEMPATH\Database\BaseConnection.php(666): CodeIgniter\Database\MySQLi\Connection->execute('INSERT INTO `member` (`namaLengkap`, `tanggalLahir`, `nik`, `jenisKelamin`, `tempatLahir`, `alamat`) VALUES (\'Muhammad Donda Fauzaan Muhammad Donda Fauzaan\', \'2022-11-20\', \'1810010402020004\', \'Pria\', \'Pringsewu\', \'Pringsewu\')')
 3 SYSTEMPATH\Database\BaseConnection.php(593): CodeIgniter\Database\BaseConnection->simpleQuery('INSERT INTO `member` (`namaLengkap`, `tanggalLahir`, `nik`, `jenisKelamin`, `tempatLahir`, `alamat`) VALUES (\'Muhammad Donda Fauzaan Muhammad Donda Fauzaan\', \'2022-11-20\', \'1810010402020004\', \'Pria\', \'Pringsewu\', \'Pringsewu\')')
 4 SYSTEMPATH\Database\BaseBuilder.php(1916): CodeIgniter\Database\BaseConnection->query('INSERT INTO `member` (`namaLengkap`, `tanggalLahir`, `nik`, `jenisKelamin`, `tempatLahir`, `alamat`) VALUES (:namaLengkap:, :tanggalLahir:, :nik:, :jenisKelamin:, :tempatLahir:, :alamat:)', [...], false)
 5 APPPATH\Models\Member.php(28): CodeIgniter\Database\BaseBuilder->insert([...])
 6 APPPATH\Controllers\DashboardKaryawan.php(78): App\Models\Member->saveMember([...])
 7 SYSTEMPATH\CodeIgniter.php(927): App\Controllers\DashboardKaryawan->store()
 8 SYSTEMPATH\CodeIgniter.php(482): CodeIgniter\CodeIgniter->runController(Object(App\Controllers\DashboardKaryawan))
 9 SYSTEMPATH\CodeIgniter.php(351): CodeIgniter\CodeIgniter->handleRequest(null, Object(Config\Cache), false)
10 FCPATH\index.php(67): CodeIgniter\CodeIgniter->run()
11 SYSTEMPATH\Commands\Server\rewrite.php(46): require_once('FCPATH\\index.php')
CRITICAL - 2022-11-20 18:54:42 --> Undefined variable $nik
in APPPATH\Views\pages\formeditmember.php on line 16.
 1 APPPATH\Views\pages\formeditmember.php(16): CodeIgniter\Debug\Exceptions->errorHandler(2, 'Undefined variable $nik', 'APPPATH\\Views\\pages\\formeditmember.php', 16)
 2 SYSTEMPATH\View\View.php(213): include('APPPATH\\Views\\pages\\formeditmember.php')
 3 SYSTEMPATH\View\View.php(216): CodeIgniter\View\View->CodeIgniter\View\{closure}()
 4 SYSTEMPATH\Common.php(1134): CodeIgniter\View\View->render('pages/formeditmember', [], true)
 5 APPPATH\Controllers\Pages.php(26): view('pages/formeditmember')
 6 SYSTEMPATH\CodeIgniter.php(927): App\Controllers\Pages->view('formeditmember', '1810010402020004')
 7 SYSTEMPATH\CodeIgniter.php(482): CodeIgniter\CodeIgniter->runController(Object(App\Controllers\Pages))
 8 SYSTEMPATH\CodeIgniter.php(351): CodeIgniter\CodeIgniter->handleRequest(null, Object(Config\Cache), false)
 9 FCPATH\index.php(67): CodeIgniter\CodeIgniter->run()
10 SYSTEMPATH\Commands\Server\rewrite.php(46): require_once('FCPATH\\index.php')
CRITICAL - 2022-11-20 18:57:02 --> Undefined variable $nik
in APPPATH\Views\pages\formeditmember.php on line 16.
 1 APPPATH\Views\pages\formeditmember.php(16): CodeIgniter\Debug\Exceptions->errorHandler(2, 'Undefined variable $nik', 'APPPATH\\Views\\pages\\formeditmember.php', 16)
 2 SYSTEMPATH\View\View.php(213): include('APPPATH\\Views\\pages\\formeditmember.php')
 3 SYSTEMPATH\View\View.php(216): CodeIgniter\View\View->CodeIgniter\View\{closure}()
 4 SYSTEMPATH\Common.php(1134): CodeIgniter\View\View->render('pages/formeditmember', [], true)
 5 APPPATH\Controllers\Pages.php(26): view('pages/formeditmember')
 6 SYSTEMPATH\CodeIgniter.php(927): App\Controllers\Pages->view('formeditmember', '1810010402020004')
 7 SYSTEMPATH\CodeIgniter.php(482): CodeIgniter\CodeIgniter->runController(Object(App\Controllers\Pages))
 8 SYSTEMPATH\CodeIgniter.php(351): CodeIgniter\CodeIgniter->handleRequest(null, Object(Config\Cache), false)
 9 FCPATH\index.php(67): CodeIgniter\CodeIgniter->run()
10 SYSTEMPATH\Commands\Server\rewrite.php(46): require_once('FCPATH\\index.php')
CRITICAL - 2022-11-20 18:58:48 --> Undefined variable $nik
in APPPATH\Views\pages\formeditmember.php on line 16.
 1 APPPATH\Views\pages\formeditmember.php(16): CodeIgniter\Debug\Exceptions->errorHandler(2, 'Undefined variable $nik', 'APPPATH\\Views\\pages\\formeditmember.php', 16)
 2 SYSTEMPATH\View\View.php(213): include('APPPATH\\Views\\pages\\formeditmember.php')
 3 SYSTEMPATH\View\View.php(216): CodeIgniter\View\View->CodeIgniter\View\{closure}()
 4 SYSTEMPATH\Common.php(1134): CodeIgniter\View\View->render('pages/formeditmember', [], true)
 5 APPPATH\Controllers\Pages.php(26): view('pages/formeditmember')
 6 SYSTEMPATH\CodeIgniter.php(927): App\Controllers\Pages->view('formeditmember', '1810010402020004')
 7 SYSTEMPATH\CodeIgniter.php(482): CodeIgniter\CodeIgniter->runController(Object(App\Controllers\Pages))
 8 SYSTEMPATH\CodeIgniter.php(351): CodeIgniter\CodeIgniter->handleRequest(null, Object(Config\Cache), false)
 9 FCPATH\index.php(67): CodeIgniter\CodeIgniter->run()
10 SYSTEMPATH\Commands\Server\rewrite.php(46): require_once('FCPATH\\index.php')
CRITICAL - 2022-11-20 18:59:19 --> Undefined variable $nik
in APPPATH\Views\pages\formeditmember.php on line 16.
 1 APPPATH\Views\pages\formeditmember.php(16): CodeIgniter\Debug\Exceptions->errorHandler(2, 'Undefined variable $nik', 'APPPATH\\Views\\pages\\formeditmember.php', 16)
 2 SYSTEMPATH\View\View.php(213): include('APPPATH\\Views\\pages\\formeditmember.php')
 3 SYSTEMPATH\View\View.php(216): CodeIgniter\View\View->CodeIgniter\View\{closure}()
 4 SYSTEMPATH\Common.php(1134): CodeIgniter\View\View->render('pages/formeditmember', [], true)
 5 APPPATH\Controllers\Pages.php(26): view('pages/formeditmember')
 6 SYSTEMPATH\CodeIgniter.php(927): App\Controllers\Pages->view('formeditmember', 'edit', 'plugins', 'moment', 'moment.min.js')
 7 SYSTEMPATH\CodeIgniter.php(482): CodeIgniter\CodeIgniter->runController(Object(App\Controllers\Pages))
 8 SYSTEMPATH\CodeIgniter.php(351): CodeIgniter\CodeIgniter->handleRequest(null, Object(Config\Cache), false)
 9 FCPATH\index.php(67): CodeIgniter\CodeIgniter->run()
10 SYSTEMPATH\Commands\Server\rewrite.php(46): require_once('FCPATH\\index.php')
CRITICAL - 2022-11-20 18:59:19 --> Undefined variable $nik
in APPPATH\Views\pages\formeditmember.php on line 16.
 1 APPPATH\Views\pages\formeditmember.php(16): CodeIgniter\Debug\Exceptions->errorHandler(2, 'Undefined variable $nik', 'APPPATH\\Views\\pages\\formeditmember.php', 16)
 2 SYSTEMPATH\View\View.php(213): include('APPPATH\\Views\\pages\\formeditmember.php')
 3 SYSTEMPATH\View\View.php(216): CodeIgniter\View\View->CodeIgniter\View\{closure}()
 4 SYSTEMPATH\Common.php(1134): CodeIgniter\View\View->render('pages/formeditmember', [], true)
 5 APPPATH\Controllers\Pages.php(26): view('pages/formeditmember')
 6 SYSTEMPATH\CodeIgniter.php(927): App\Controllers\Pages->view('formeditmember', 'edit', 'plugins', 'moment', 'moment.min.js')
 7 SYSTEMPATH\CodeIgniter.php(482): CodeIgniter\CodeIgniter->runController(Object(App\Controllers\Pages))
 8 SYSTEMPATH\CodeIgniter.php(351): CodeIgniter\CodeIgniter->handleRequest(null, Object(Config\Cache), false)
 9 FCPATH\index.php(67): CodeIgniter\CodeIgniter->run()
10 SYSTEMPATH\Commands\Server\rewrite.php(46): require_once('FCPATH\\index.php')
CRITICAL - 2022-11-20 18:59:37 --> namaLengkap is not a valid rule.
in SYSTEMPATH\Validation\Validation.php on line 323.
 1 SYSTEMPATH\Validation\Validation.php(323): CodeIgniter\Validation\Exceptions\ValidationException::forRuleNotFound('namaLengkap')
 2 SYSTEMPATH\Validation\Validation.php(175): CodeIgniter\Validation\Validation->processRules('0', '0', null, [...], [...])
 3 SYSTEMPATH\Controller.php(140): CodeIgniter\Validation\Validation->run()
 4 APPPATH\Controllers\DashboardKaryawan.php(107): CodeIgniter\Controller->validate([...])
 5 SYSTEMPATH\CodeIgniter.php(927): App\Controllers\DashboardKaryawan->update('1810010402020004')
 6 SYSTEMPATH\CodeIgniter.php(482): CodeIgniter\CodeIgniter->runController(Object(App\Controllers\DashboardKaryawan))
 7 SYSTEMPATH\CodeIgniter.php(351): CodeIgniter\CodeIgniter->handleRequest(null, Object(Config\Cache), false)
 8 FCPATH\index.php(67): CodeIgniter\CodeIgniter->run()
 9 SYSTEMPATH\Commands\Server\rewrite.php(46): require_once('FCPATH\\index.php')
CRITICAL - 2022-11-20 18:59:47 --> Undefined variable $nik
in APPPATH\Views\pages\formeditmember.php on line 16.
 1 APPPATH\Views\pages\formeditmember.php(16): CodeIgniter\Debug\Exceptions->errorHandler(2, 'Undefined variable $nik', 'APPPATH\\Views\\pages\\formeditmember.php', 16)
 2 SYSTEMPATH\View\View.php(213): include('APPPATH\\Views\\pages\\formeditmember.php')
 3 SYSTEMPATH\View\View.php(216): CodeIgniter\View\View->CodeIgniter\View\{closure}()
 4 SYSTEMPATH\Common.php(1134): CodeIgniter\View\View->render('pages/formeditmember', [], true)
 5 APPPATH\Controllers\Pages.php(26): view('pages/formeditmember')
 6 SYSTEMPATH\CodeIgniter.php(927): App\Controllers\Pages->view('formeditmember', 'edit', 'plugins', 'moment', 'moment.min.js')
 7 SYSTEMPATH\CodeIgniter.php(482): CodeIgniter\CodeIgniter->runController(Object(App\Controllers\Pages))
 8 SYSTEMPATH\CodeIgniter.php(351): CodeIgniter\CodeIgniter->handleRequest(null, Object(Config\Cache), false)
 9 FCPATH\index.php(67): CodeIgniter\CodeIgniter->run()
10 SYSTEMPATH\Commands\Server\rewrite.php(46): require_once('FCPATH\\index.php')
CRITICAL - 2022-11-20 18:59:47 --> Undefined variable $nik
in APPPATH\Views\pages\formeditmember.php on line 16.
 1 APPPATH\Views\pages\formeditmember.php(16): CodeIgniter\Debug\Exceptions->errorHandler(2, 'Undefined variable $nik', 'APPPATH\\Views\\pages\\formeditmember.php', 16)
 2 SYSTEMPATH\View\View.php(213): include('APPPATH\\Views\\pages\\formeditmember.php')
 3 SYSTEMPATH\View\View.php(216): CodeIgniter\View\View->CodeIgniter\View\{closure}()
 4 SYSTEMPATH\Common.php(1134): CodeIgniter\View\View->render('pages/formeditmember', [], true)
 5 APPPATH\Controllers\Pages.php(26): view('pages/formeditmember')
 6 SYSTEMPATH\CodeIgniter.php(927): App\Controllers\Pages->view('formeditmember', 'edit', 'plugins', 'moment', 'moment.min.js')
 7 SYSTEMPATH\CodeIgniter.php(482): CodeIgniter\CodeIgniter->runController(Object(App\Controllers\Pages))
 8 SYSTEMPATH\CodeIgniter.php(351): CodeIgniter\CodeIgniter->handleRequest(null, Object(Config\Cache), false)
 9 FCPATH\index.php(67): CodeIgniter\CodeIgniter->run()
10 SYSTEMPATH\Commands\Server\rewrite.php(46): require_once('FCPATH\\index.php')
CRITICAL - 2022-11-20 19:01:21 --> namaLengkap is not a valid rule.
in SYSTEMPATH\Validation\Validation.php on line 323.
 1 SYSTEMPATH\Validation\Validation.php(323): CodeIgniter\Validation\Exceptions\ValidationException::forRuleNotFound('namaLengkap')
 2 SYSTEMPATH\Validation\Validation.php(175): CodeIgniter\Validation\Validation->processRules('0', '0', null, [...], [...])
 3 SYSTEMPATH\Controller.php(140): CodeIgniter\Validation\Validation->run()
 4 APPPATH\Controllers\DashboardKaryawan.php(107): CodeIgniter\Controller->validate([...])
 5 SYSTEMPATH\CodeIgniter.php(927): App\Controllers\DashboardKaryawan->update('1810010402020004')
 6 SYSTEMPATH\CodeIgniter.php(482): CodeIgniter\CodeIgniter->runController(Object(App\Controllers\DashboardKaryawan))
 7 SYSTEMPATH\CodeIgniter.php(351): CodeIgniter\CodeIgniter->handleRequest(null, Object(Config\Cache), false)
 8 FCPATH\index.php(67): CodeIgniter\CodeIgniter->run()
 9 SYSTEMPATH\Commands\Server\rewrite.php(46): require_once('FCPATH\\index.php')
CRITICAL - 2022-11-20 19:02:29 --> Undefined variable $nik
in APPPATH\Views\pages\formeditmember.php on line 16.
 1 APPPATH\Views\pages\formeditmember.php(16): CodeIgniter\Debug\Exceptions->errorHandler(2, 'Undefined variable $nik', 'APPPATH\\Views\\pages\\formeditmember.php', 16)
 2 SYSTEMPATH\View\View.php(213): include('APPPATH\\Views\\pages\\formeditmember.php')
 3 SYSTEMPATH\View\View.php(216): CodeIgniter\View\View->CodeIgniter\View\{closure}()
 4 SYSTEMPATH\Common.php(1134): CodeIgniter\View\View->render('pages/formeditmember', [], true)
 5 APPPATH\Controllers\Pages.php(26): view('pages/formeditmember')
 6 SYSTEMPATH\CodeIgniter.php(927): App\Controllers\Pages->view('formeditmember', 'edit', 'plugins', 'moment', 'moment.min.js')
 7 SYSTEMPATH\CodeIgniter.php(482): CodeIgniter\CodeIgniter->runController(Object(App\Controllers\Pages))
 8 SYSTEMPATH\CodeIgniter.php(351): CodeIgniter\CodeIgniter->handleRequest(null, Object(Config\Cache), false)
 9 FCPATH\index.php(67): CodeIgniter\CodeIgniter->run()
10 SYSTEMPATH\Commands\Server\rewrite.php(46): require_once('FCPATH\\index.php')
CRITICAL - 2022-11-20 19:02:29 --> Undefined variable $nik
in APPPATH\Views\pages\formeditmember.php on line 16.
 1 APPPATH\Views\pages\formeditmember.php(16): CodeIgniter\Debug\Exceptions->errorHandler(2, 'Undefined variable $nik', 'APPPATH\\Views\\pages\\formeditmember.php', 16)
 2 SYSTEMPATH\View\View.php(213): include('APPPATH\\Views\\pages\\formeditmember.php')
 3 SYSTEMPATH\View\View.php(216): CodeIgniter\View\View->CodeIgniter\View\{closure}()
 4 SYSTEMPATH\Common.php(1134): CodeIgniter\View\View->render('pages/formeditmember', [], true)
 5 APPPATH\Controllers\Pages.php(26): view('pages/formeditmember')
 6 SYSTEMPATH\CodeIgniter.php(927): App\Controllers\Pages->view('formeditmember', 'edit', 'plugins', 'moment', 'moment.min.js')
 7 SYSTEMPATH\CodeIgniter.php(482): CodeIgniter\CodeIgniter->runController(Object(App\Controllers\Pages))
=======
CRITICAL - 2022-11-20 16:59:06 --> Undefined property: stdClass::$created_at
in APPPATH\Views\pages\dashboardadmin.php on line 49.
 1 APPPATH\Views\pages\dashboardadmin.php(49): CodeIgniter\Debug\Exceptions->errorHandler(2, 'Undefined property: stdClass::$created_at', 'APPPATH\\Views\\pages\\dashboardadmin.php', 49)
 2 SYSTEMPATH\View\View.php(213): include('APPPATH\\Views\\pages\\dashboardadmin.php')
 3 SYSTEMPATH\View\View.php(216): CodeIgniter\View\View->CodeIgniter\View\{closure}()
 4 SYSTEMPATH\Common.php(1134): CodeIgniter\View\View->render('pages/dashboardadmin', [], true)
 5 APPPATH\Controllers\DashboardAdmin.php(26): view('pages/dashboardadmin', [...])
 6 SYSTEMPATH\CodeIgniter.php(927): App\Controllers\DashboardAdmin->index()
 7 SYSTEMPATH\CodeIgniter.php(482): CodeIgniter\CodeIgniter->runController(Object(App\Controllers\DashboardAdmin))
>>>>>>> refs/remotes/origin/master
 8 SYSTEMPATH\CodeIgniter.php(351): CodeIgniter\CodeIgniter->handleRequest(null, Object(Config\Cache), false)
 9 FCPATH\index.php(67): CodeIgniter\CodeIgniter->run()
10 SYSTEMPATH\Commands\Server\rewrite.php(46): require_once('FCPATH\\index.php')
CRITICAL - 2022-11-20 19:37:07 --> Class "App\Filters\UsersAuthFilter" not found
in SYSTEMPATH\Filters\Filters.php on line 166.
 1 SYSTEMPATH\CodeIgniter.php(455): CodeIgniter\Filters\Filters->run('dashboardkaryawan', 'before')
 2 SYSTEMPATH\CodeIgniter.php(351): CodeIgniter\CodeIgniter->handleRequest(null, Object(Config\Cache), false)
 3 FCPATH\index.php(67): CodeIgniter\CodeIgniter->run()
 4 SYSTEMPATH\Commands\Server\rewrite.php(46): require_once('FCPATH\\index.php')
CRITICAL - 2022-11-20 19:38:18 --> Class "App\Filters\UsersAuthFilter" not found
in SYSTEMPATH\Filters\Filters.php on line 166.
 1 SYSTEMPATH\CodeIgniter.php(455): CodeIgniter\Filters\Filters->run('dashboardkaryawan', 'before')
 2 SYSTEMPATH\CodeIgniter.php(351): CodeIgniter\CodeIgniter->handleRequest(null, Object(Config\Cache), false)
 3 FCPATH\index.php(67): CodeIgniter\CodeIgniter->run()
 4 SYSTEMPATH\Commands\Server\rewrite.php(46): require_once('FCPATH\\index.php')
CRITICAL - 2022-11-20 19:38:20 --> Class "App\Filters\UsersAuthFilter" not found
in SYSTEMPATH\Filters\Filters.php on line 166.
 1 SYSTEMPATH\CodeIgniter.php(455): CodeIgniter\Filters\Filters->run('dashboardkaryawan', 'before')
 2 SYSTEMPATH\CodeIgniter.php(351): CodeIgniter\CodeIgniter->handleRequest(null, Object(Config\Cache), false)
 3 FCPATH\index.php(67): CodeIgniter\CodeIgniter->run()
 4 SYSTEMPATH\Commands\Server\rewrite.php(46): require_once('FCPATH\\index.php')
CRITICAL - 2022-11-20 19:40:20 --> syntax error, unexpected token ")"
in APPPATH\Filters\UsersAuthFilter.php on line 15.
 1 SYSTEMPATH\Autoloader\Autoloader.php(259): CodeIgniter\Autoloader\Autoloader->includeFile('APPPATH\\Filters\\UsersAuthFilter.php')
 2 SYSTEMPATH\Autoloader\Autoloader.php(237): CodeIgniter\Autoloader\Autoloader->loadInNamespace('App\\Filters\\UsersAuthFilter')
 3 SYSTEMPATH\Filters\Filters.php(166): CodeIgniter\Autoloader\Autoloader->loadClass('App\\Filters\\UsersAuthFilter')
 4 SYSTEMPATH\CodeIgniter.php(455): CodeIgniter\Filters\Filters->run('C:\\', 'before')
 5 SYSTEMPATH\CodeIgniter.php(351): CodeIgniter\CodeIgniter->handleRequest(null, Object(Config\Cache), false)
 6 FCPATH\index.php(67): CodeIgniter\CodeIgniter->run()
 7 SYSTEMPATH\Commands\Server\rewrite.php(46): require_once('FCPATH\\index.php')
CRITICAL - 2022-11-20 22:08:37 --> _get_uri(): Argument #1 ($relativePath) must be of type string, null given, called in C:\xampp\htdocs\siber-ket\vendor\codeigniter4\framework\system\Helpers\url_helper.php on line 87
in SYSTEMPATH\Helpers\url_helper.php on line 31.
 1 SYSTEMPATH\Helpers\url_helper.php(87): _get_uri(null, Object(Config\App))
 2 SYSTEMPATH\Helpers\url_helper.php(105): site_url(null, null, Object(Config\App))
 3 APPPATH\Filters\UsersAuthFilter.php(16): base_url(null)
 4 SYSTEMPATH\Filters\Filters.php(173): App\Filters\UsersAuthFilter->before(Object(CodeIgniter\HTTP\IncomingRequest), null)
 5 SYSTEMPATH\CodeIgniter.php(455): CodeIgniter\Filters\Filters->run('formloginadmin/process', 'before')
 6 SYSTEMPATH\CodeIgniter.php(351): CodeIgniter\CodeIgniter->handleRequest(null, Object(Config\Cache), false)
 7 FCPATH\index.php(67): CodeIgniter\CodeIgniter->run()
 8 SYSTEMPATH\Commands\Server\rewrite.php(46): require_once('FCPATH\\index.php')
CRITICAL - 2022-11-20 22:08:53 --> _get_uri(): Argument #1 ($relativePath) must be of type string, null given, called in C:\xampp\htdocs\siber-ket\vendor\codeigniter4\framework\system\Helpers\url_helper.php on line 87
in SYSTEMPATH\Helpers\url_helper.php on line 31.
 1 SYSTEMPATH\Helpers\url_helper.php(87): _get_uri(null, Object(Config\App))
 2 SYSTEMPATH\Helpers\url_helper.php(105): site_url(null, null, Object(Config\App))
 3 APPPATH\Filters\UsersAuthFilter.php(16): base_url(null)
 4 SYSTEMPATH\Filters\Filters.php(173): App\Filters\UsersAuthFilter->before(Object(CodeIgniter\HTTP\IncomingRequest), null)
 5 SYSTEMPATH\CodeIgniter.php(455): CodeIgniter\Filters\Filters->run('formloginadmin/process', 'before')
 6 SYSTEMPATH\CodeIgniter.php(351): CodeIgniter\CodeIgniter->handleRequest(null, Object(Config\Cache), false)
 7 FCPATH\index.php(67): CodeIgniter\CodeIgniter->run()
 8 SYSTEMPATH\Commands\Server\rewrite.php(46): require_once('FCPATH\\index.php')
CRITICAL - 2022-11-20 22:14:32 --> Invalid file: guide.php
in SYSTEMPATH\Exceptions\FrameworkException.php on line 33.
 1 SYSTEMPATH\View\View.php(201): CodeIgniter\Exceptions\FrameworkException::forInvalidFile('guide.php')
 2 SYSTEMPATH\Common.php(1134): CodeIgniter\View\View->render('guide', [], true)
 3 APPPATH\Filters\UsersAuthFilter.php(18): view('guide')
 4 SYSTEMPATH\Filters\Filters.php(173): App\Filters\UsersAuthFilter->before(Object(CodeIgniter\HTTP\IncomingRequest), null)
 5 SYSTEMPATH\CodeIgniter.php(455): CodeIgniter\Filters\Filters->run('formloginadmin/process', 'before')
 6 SYSTEMPATH\CodeIgniter.php(351): CodeIgniter\CodeIgniter->handleRequest(null, Object(Config\Cache), false)
 7 FCPATH\index.php(67): CodeIgniter\CodeIgniter->run()
 8 SYSTEMPATH\Commands\Server\rewrite.php(46): require_once('FCPATH\\index.php')
CRITICAL - 2022-11-20 22:15:05 --> Invalid file: about.php
in SYSTEMPATH\Exceptions\FrameworkException.php on line 33.
 1 SYSTEMPATH\View\View.php(201): CodeIgniter\Exceptions\FrameworkException::forInvalidFile('about.php')
 2 SYSTEMPATH\Common.php(1134): CodeIgniter\View\View->render('about', [], true)
 3 APPPATH\Filters\UsersAuthFilter.php(18): view('about')
 4 SYSTEMPATH\Filters\Filters.php(173): App\Filters\UsersAuthFilter->before(Object(CodeIgniter\HTTP\IncomingRequest), null)
 5 SYSTEMPATH\CodeIgniter.php(455): CodeIgniter\Filters\Filters->run('formloginadmin/process', 'before')
 6 SYSTEMPATH\CodeIgniter.php(351): CodeIgniter\CodeIgniter->handleRequest(null, Object(Config\Cache), false)
 7 FCPATH\index.php(67): CodeIgniter\CodeIgniter->run()
 8 SYSTEMPATH\Commands\Server\rewrite.php(46): require_once('FCPATH\\index.php')
CRITICAL - 2022-11-20 22:15:12 --> Invalid file: about.php
in SYSTEMPATH\Exceptions\FrameworkException.php on line 33.
 1 SYSTEMPATH\View\View.php(201): CodeIgniter\Exceptions\FrameworkException::forInvalidFile('about.php')
 2 SYSTEMPATH\Common.php(1134): CodeIgniter\View\View->render('about', [], true)
 3 APPPATH\Filters\UsersAuthFilter.php(18): view('about')
 4 SYSTEMPATH\Filters\Filters.php(173): App\Filters\UsersAuthFilter->before(Object(CodeIgniter\HTTP\IncomingRequest), null)
 5 SYSTEMPATH\CodeIgniter.php(455): CodeIgniter\Filters\Filters->run('formloginadmin/process', 'before')
 6 SYSTEMPATH\CodeIgniter.php(351): CodeIgniter\CodeIgniter->handleRequest(null, Object(Config\Cache), false)
 7 FCPATH\index.php(67): CodeIgniter\CodeIgniter->run()
 8 SYSTEMPATH\Commands\Server\rewrite.php(46): require_once('FCPATH\\index.php')
CRITICAL - 2022-11-20 22:16:46 --> Invalid file: about.php
in SYSTEMPATH\Exceptions\FrameworkException.php on line 33.
 1 SYSTEMPATH\View\View.php(201): CodeIgniter\Exceptions\FrameworkException::forInvalidFile('about.php')
 2 SYSTEMPATH\Common.php(1134): CodeIgniter\View\View->render('about', [], true)
 3 APPPATH\Filters\UsersAuthFilter.php(18): view('about')
 4 SYSTEMPATH\Filters\Filters.php(173): App\Filters\UsersAuthFilter->before(Object(CodeIgniter\HTTP\IncomingRequest), null)
 5 SYSTEMPATH\CodeIgniter.php(455): CodeIgniter\Filters\Filters->run('formloginadmin/process', 'before')
 6 SYSTEMPATH\CodeIgniter.php(351): CodeIgniter\CodeIgniter->handleRequest(null, Object(Config\Cache), false)
 7 FCPATH\index.php(67): CodeIgniter\CodeIgniter->run()
 8 SYSTEMPATH\Commands\Server\rewrite.php(46): require_once('FCPATH\\index.php')
CRITICAL - 2022-11-20 22:17:20 --> Invalid file: dashboardkaryawan.php
in SYSTEMPATH\Exceptions\FrameworkException.php on line 33.
 1 SYSTEMPATH\View\View.php(201): CodeIgniter\Exceptions\FrameworkException::forInvalidFile('dashboardkaryawan.php')
 2 SYSTEMPATH\Common.php(1134): CodeIgniter\View\View->render('dashboardkaryawan', [], true)
 3 APPPATH\Filters\UsersAuthFilter.php(15): view('dashboardkaryawan')
 4 SYSTEMPATH\Filters\Filters.php(173): App\Filters\UsersAuthFilter->before(Object(CodeIgniter\HTTP\IncomingRequest), null)
 5 SYSTEMPATH\CodeIgniter.php(455): CodeIgniter\Filters\Filters->run('formloginadmin/process', 'before')
 6 SYSTEMPATH\CodeIgniter.php(351): CodeIgniter\CodeIgniter->handleRequest(null, Object(Config\Cache), false)
 7 FCPATH\index.php(67): CodeIgniter\CodeIgniter->run()
 8 SYSTEMPATH\Commands\Server\rewrite.php(46): require_once('FCPATH\\index.php')
